Analysis & Synthesis report for different
Fri Jan 08 21:47:59 2021
Quartus Prime Version 20.1.0 Build 711 06/05/2020 SJ Lite Edition


---------------------
; Table of Contents ;
---------------------
  1. Legal Notice
  2. Analysis & Synthesis Summary
  3. Analysis & Synthesis Settings
  4. Parallel Compilation
  5. Analysis & Synthesis Source Files Read
  6. Analysis & Synthesis Resource Usage Summary
  7. Analysis & Synthesis Resource Utilization by Entity
  8. General Register Statistics
  9. Parameter Settings for User Entity Instance: Top-level Entity: |different
 10. Parameter Settings for User Entity Instance: diff_dense:dd
 11. Parameter Settings for User Entity Instance: diff_start:ds
 12. Parameter Settings for User Entity Instance: diff_to_all:dta
 13. Parameter Settings for User Entity Instance: diff_cost:dc
 14. Post-Synthesis Netlist Statistics for Top Partition
 15. Elapsed Time Per Partition
 16. Analysis & Synthesis Messages



----------------
; Legal Notice ;
----------------
Copyright (C) 2020  Intel Corporation. All rights reserved.
Your use of Intel Corporation's design tools, logic functions 
and other software and tools, and any partner logic 
functions, and any output files from any of the foregoing 
(including device programming or simulation files), and any 
associated documentation or information are expressly subject 
to the terms and conditions of the Intel Program License 
Subscription Agreement, the Intel Quartus Prime License Agreement,
the Intel FPGA IP License Agreement, or other applicable license
agreement, including, without limitation, that your use is for
the sole purpose of programming logic devices manufactured by
Intel and sold by Intel or its authorized distributors.  Please
refer to the applicable agreement for further details, at
https://fpgasoftware.intel.com/eula.



+-------------------------------------------------------------------------------+
; Analysis & Synthesis Summary                                                  ;
+---------------------------------+---------------------------------------------+
; Analysis & Synthesis Status     ; Successful - Fri Jan 08 21:47:59 2021       ;
; Quartus Prime Version           ; 20.1.0 Build 711 06/05/2020 SJ Lite Edition ;
; Revision Name                   ; different                                   ;
; Top-level Entity Name           ; different                                   ;
; Family                          ; Cyclone V                                   ;
; Logic utilization (in ALMs)     ; N/A                                         ;
; Total registers                 ; 0                                           ;
; Total pins                      ; 384                                         ;
; Total virtual pins              ; 0                                           ;
; Total block memory bits         ; 0                                           ;
; Total DSP Blocks                ; 0                                           ;
; Total HSSI RX PCSs              ; 0                                           ;
; Total HSSI PMA RX Deserializers ; 0                                           ;
; Total HSSI TX PCSs              ; 0                                           ;
; Total HSSI PMA TX Serializers   ; 0                                           ;
; Total PLLs                      ; 0                                           ;
; Total DLLs                      ; 0                                           ;
+---------------------------------+---------------------------------------------+


+---------------------------------------------------------------------------------------------------------------------------+
; Analysis & Synthesis Settings                                                                                             ;
+---------------------------------------------------------------------------------+--------------------+--------------------+
; Option                                                                          ; Setting            ; Default Value      ;
+---------------------------------------------------------------------------------+--------------------+--------------------+
; Device                                                                          ; 5CSEMA6F31C6       ;                    ;
; Top-level entity name                                                           ; different          ; different          ;
; Family name                                                                     ; Cyclone V          ; Cyclone V          ;
; Use smart compilation                                                           ; Off                ; Off                ;
; Enable parallel Assembler and Timing Analyzer during compilation                ; On                 ; On                 ;
; Enable compact report table                                                     ; Off                ; Off                ;
; Restructure Multiplexers                                                        ; Auto               ; Auto               ;
; MLAB Add Timing Constraints For Mixed-Port Feed-Through Mode Setting Don't Care ; Off                ; Off                ;
; Create Debugging Nodes for IP Cores                                             ; Off                ; Off                ;
; Preserve fewer node names                                                       ; On                 ; On                 ;
; Intel FPGA IP Evaluation Mode                                                   ; Enable             ; Enable             ;
; Verilog Version                                                                 ; Verilog_2001       ; Verilog_2001       ;
; VHDL Version                                                                    ; VHDL_1993          ; VHDL_1993          ;
; State Machine Processing                                                        ; Auto               ; Auto               ;
; Safe State Machine                                                              ; Off                ; Off                ;
; Extract Verilog State Machines                                                  ; On                 ; On                 ;
; Extract VHDL State Machines                                                     ; On                 ; On                 ;
; Ignore Verilog initial constructs                                               ; Off                ; Off                ;
; Iteration limit for constant Verilog loops                                      ; 5000               ; 5000               ;
; Iteration limit for non-constant Verilog loops                                  ; 250                ; 250                ;
; Add Pass-Through Logic to Inferred RAMs                                         ; On                 ; On                 ;
; Infer RAMs from Raw Logic                                                       ; On                 ; On                 ;
; Parallel Synthesis                                                              ; On                 ; On                 ;
; DSP Block Balancing                                                             ; Auto               ; Auto               ;
; NOT Gate Push-Back                                                              ; On                 ; On                 ;
; Power-Up Don't Care                                                             ; On                 ; On                 ;
; Remove Redundant Logic Cells                                                    ; Off                ; Off                ;
; Remove Duplicate Registers                                                      ; On                 ; On                 ;
; Ignore CARRY Buffers                                                            ; Off                ; Off                ;
; Ignore CASCADE Buffers                                                          ; Off                ; Off                ;
; Ignore GLOBAL Buffers                                                           ; Off                ; Off                ;
; Ignore ROW GLOBAL Buffers                                                       ; Off                ; Off                ;
; Ignore LCELL Buffers                                                            ; Off                ; Off                ;
; Ignore SOFT Buffers                                                             ; On                 ; On                 ;
; Limit AHDL Integers to 32 Bits                                                  ; Off                ; Off                ;
; Optimization Technique                                                          ; Balanced           ; Balanced           ;
; Carry Chain Length                                                              ; 70                 ; 70                 ;
; Auto Carry Chains                                                               ; On                 ; On                 ;
; Auto Open-Drain Pins                                                            ; On                 ; On                 ;
; Perform WYSIWYG Primitive Resynthesis                                           ; Off                ; Off                ;
; Auto ROM Replacement                                                            ; On                 ; On                 ;
; Auto RAM Replacement                                                            ; On                 ; On                 ;
; Auto DSP Block Replacement                                                      ; On                 ; On                 ;
; Auto Shift Register Replacement                                                 ; Auto               ; Auto               ;
; Allow Shift Register Merging across Hierarchies                                 ; Auto               ; Auto               ;
; Auto Clock Enable Replacement                                                   ; On                 ; On                 ;
; Strict RAM Replacement                                                          ; Off                ; Off                ;
; Allow Synchronous Control Signals                                               ; On                 ; On                 ;
; Force Use of Synchronous Clear Signals                                          ; Off                ; Off                ;
; Auto Resource Sharing                                                           ; Off                ; Off                ;
; Allow Any RAM Size For Recognition                                              ; Off                ; Off                ;
; Allow Any ROM Size For Recognition                                              ; Off                ; Off                ;
; Allow Any Shift Register Size For Recognition                                   ; Off                ; Off                ;
; Use LogicLock Constraints during Resource Balancing                             ; On                 ; On                 ;
; Ignore translate_off and synthesis_off directives                               ; Off                ; Off                ;
; Timing-Driven Synthesis                                                         ; On                 ; On                 ;
; Report Parameter Settings                                                       ; On                 ; On                 ;
; Report Source Assignments                                                       ; On                 ; On                 ;
; Report Connectivity Checks                                                      ; On                 ; On                 ;
; Ignore Maximum Fan-Out Assignments                                              ; Off                ; Off                ;
; Synchronization Register Chain Length                                           ; 3                  ; 3                  ;
; Power Optimization During Synthesis                                             ; Normal compilation ; Normal compilation ;
; HDL message level                                                               ; Level2             ; Level2             ;
; Suppress Register Optimization Related Messages                                 ; Off                ; Off                ;
; Number of Removed Registers Reported in Synthesis Report                        ; 5000               ; 5000               ;
; Number of Swept Nodes Reported in Synthesis Report                              ; 5000               ; 5000               ;
; Number of Inverted Registers Reported in Synthesis Report                       ; 100                ; 100                ;
; Clock MUX Protection                                                            ; On                 ; On                 ;
; Auto Gated Clock Conversion                                                     ; Off                ; Off                ;
; Block Design Naming                                                             ; Auto               ; Auto               ;
; SDC constraint protection                                                       ; Off                ; Off                ;
; Synthesis Effort                                                                ; Auto               ; Auto               ;
; Shift Register Replacement - Allow Asynchronous Clear Signal                    ; On                 ; On                 ;
; Pre-Mapping Resynthesis Optimization                                            ; Off                ; Off                ;
; Analysis & Synthesis Message Level                                              ; Medium             ; Medium             ;
; Disable Register Merging Across Hierarchies                                     ; Auto               ; Auto               ;
; Resource Aware Inference For Block RAM                                          ; On                 ; On                 ;
; Automatic Parallel Synthesis                                                    ; On                 ; On                 ;
; Partial Reconfiguration Bitstream ID                                            ; Off                ; Off                ;
+---------------------------------------------------------------------------------+--------------------+--------------------+


+------------------------------------------+
; Parallel Compilation                     ;
+----------------------------+-------------+
; Processors                 ; Number      ;
+----------------------------+-------------+
; Number detected on machine ; 6           ;
; Maximum allowed            ; 6           ;
;                            ;             ;
; Average used               ; 1.00        ;
; Maximum used               ; 1           ;
;                            ;             ;
; Usage by Processor         ; % Time Used ;
;     Processor 1            ; 100.0%      ;
+----------------------------+-------------+


+-----------------------------------------------------------------------------------------------------------------------------------------------------+
; Analysis & Synthesis Source Files Read                                                                                                              ;
+-------------------------------------+-----------------+------------------------------+----------------------------------------------------+---------+
; File Name with User-Entered Path    ; Used in Netlist ; File Type                    ; File Name with Absolute Path                       ; Library ;
+-------------------------------------+-----------------+------------------------------+----------------------------------------------------+---------+
; diff_cost.sv                        ; yes             ; User SystemVerilog HDL File  ; G:/neural-burning/different/diff_cost.sv           ;         ;
; diff_to_all.sv                      ; yes             ; User SystemVerilog HDL File  ; G:/neural-burning/different/diff_to_all.sv         ;         ;
; diff_dense.sv                       ; yes             ; User SystemVerilog HDL File  ; G:/neural-burning/different/diff_dense.sv          ;         ;
; diff_start.sv                       ; yes             ; User SystemVerilog HDL File  ; G:/neural-burning/different/diff_start.sv          ;         ;
; different.sv                        ; yes             ; User SystemVerilog HDL File  ; G:/neural-burning/different/different.sv           ;         ;
; ../general_data_operator/src/gdo.sv ; yes             ; User SystemVerilog HDL File  ; G:/neural-burning/general_data_operator/src/gdo.sv ;         ;
+-------------------------------------+-----------------+------------------------------+----------------------------------------------------+---------+


+-------------------------------------------------------------------+
; Analysis & Synthesis Resource Usage Summary                       ;
+---------------------------------------------+---------------------+
; Resource                                    ; Usage               ;
+---------------------------------------------+---------------------+
; Estimate of Logic utilization (ALMs needed) ; 8                   ;
;                                             ;                     ;
; Combinational ALUT usage for logic          ; 15                  ;
;     -- 7 input functions                    ; 0                   ;
;     -- 6 input functions                    ; 0                   ;
;     -- 5 input functions                    ; 0                   ;
;     -- 4 input functions                    ; 0                   ;
;     -- <=3 input functions                  ; 15                  ;
;                                             ;                     ;
; Dedicated logic registers                   ; 0                   ;
;                                             ;                     ;
; I/O pins                                    ; 384                 ;
;                                             ;                     ;
; Total DSP Blocks                            ; 0                   ;
;                                             ;                     ;
; Maximum fan-out node                        ; diff_cost:dc|Add0~1 ;
; Maximum fan-out                             ; 2                   ;
; Total fan-out                               ; 587                 ;
; Average fan-out                             ; 0.75                ;
+---------------------------------------------+---------------------+


+--------------------------------------------------------------------------------------------------------------------------------------------------------------------------------------------+
; Analysis & Synthesis Resource Utilization by Entity                                                                                                                                        ;
+----------------------------+---------------------+---------------------------+-------------------+------------+------+--------------+-------------------------+-------------+--------------+
; Compilation Hierarchy Node ; Combinational ALUTs ; Dedicated Logic Registers ; Block Memory Bits ; DSP Blocks ; Pins ; Virtual Pins ; Full Hierarchy Name     ; Entity Name ; Library Name ;
+----------------------------+---------------------+---------------------------+-------------------+------------+------+--------------+-------------------------+-------------+--------------+
; |different                 ; 15 (0)              ; 0 (0)                     ; 0                 ; 0          ; 384  ; 0            ; |different              ; different   ; work         ;
;    |diff_cost:dc|          ; 15 (15)             ; 0 (0)                     ; 0                 ; 0          ; 0    ; 0            ; |different|diff_cost:dc ; diff_cost   ; work         ;
+----------------------------+---------------------+---------------------------+-------------------+------------+------+--------------+-------------------------+-------------+--------------+
Note: For table entries with two numbers listed, the numbers in parentheses indicate the number of resources of the given type used by the specific entity alone. The numbers listed outside of parentheses indicate the total resources of the given type used by the specific entity and all of its sub-entities in the hierarchy.


+------------------------------------------------------+
; General Register Statistics                          ;
+----------------------------------------------+-------+
; Statistic                                    ; Value ;
+----------------------------------------------+-------+
; Total registers                              ; 0     ;
; Number of registers using Synchronous Clear  ; 0     ;
; Number of registers using Synchronous Load   ; 0     ;
; Number of registers using Asynchronous Clear ; 0     ;
; Number of registers using Asynchronous Load  ; 0     ;
; Number of registers using Clock Enable       ; 0     ;
; Number of registers using Preset             ; 0     ;
+----------------------------------------------+-------+


+---------------------------------------------------------------------------+
; Parameter Settings for User Entity Instance: Top-level Entity: |different ;
+----------------+-------+--------------------------------------------------+
; Parameter Name ; Value ; Type                                             ;
+----------------+-------+--------------------------------------------------+
; size           ; 3     ; Signed Integer                                   ;
; data_size      ; 16    ; Signed Integer                                   ;
+----------------+-------+--------------------------------------------------+
Note: In order to hide this table in the UI and the text report file, please set the "Show Parameter Settings in Synthesis Report" option in "Analysis and Synthesis Settings -> More Settings" to "Off".


+------------------------------------------------------------+
; Parameter Settings for User Entity Instance: diff_dense:dd ;
+----------------+-------+-----------------------------------+
; Parameter Name ; Value ; Type                              ;
+----------------+-------+-----------------------------------+
; size           ; 3     ; Signed Integer                    ;
; data_size      ; 16    ; Signed Integer                    ;
+----------------+-------+-----------------------------------+
Note: In order to hide this table in the UI and the text report file, please set the "Show Parameter Settings in Synthesis Report" option in "Analysis and Synthesis Settings -> More Settings" to "Off".


+------------------------------------------------------------+
; Parameter Settings for User Entity Instance: diff_start:ds ;
+----------------+-------+-----------------------------------+
; Parameter Name ; Value ; Type                              ;
+----------------+-------+-----------------------------------+
; size           ; 3     ; Signed Integer                    ;
; data_size      ; 16    ; Signed Integer                    ;
+----------------+-------+-----------------------------------+
Note: In order to hide this table in the UI and the text report file, please set the "Show Parameter Settings in Synthesis Report" option in "Analysis and Synthesis Settings -> More Settings" to "Off".


+--------------------------------------------------------------+
; Parameter Settings for User Entity Instance: diff_to_all:dta ;
+----------------+-------+-------------------------------------+
; Parameter Name ; Value ; Type                                ;
+----------------+-------+-------------------------------------+
; size           ; 3     ; Signed Integer                      ;
; data_size      ; 16    ; Signed Integer                      ;
+----------------+-------+-------------------------------------+
Note: In order to hide this table in the UI and the text report file, please set the "Show Parameter Settings in Synthesis Report" option in "Analysis and Synthesis Settings -> More Settings" to "Off".


+-----------------------------------------------------------+
; Parameter Settings for User Entity Instance: diff_cost:dc ;
+----------------+-------+----------------------------------+
; Parameter Name ; Value ; Type                             ;
+----------------+-------+----------------------------------+
; size           ; 3     ; Signed Integer                   ;
; data_size      ; 16    ; Signed Integer                   ;
+----------------+-------+----------------------------------+
Note: In order to hide this table in the UI and the text report file, please set the "Show Parameter Settings in Synthesis Report" option in "Analysis and Synthesis Settings -> More Settings" to "Off".


+-----------------------------------------------------+
; Post-Synthesis Netlist Statistics for Top Partition ;
+-----------------------+-----------------------------+
; Type                  ; Count                       ;
+-----------------------+-----------------------------+
; arriav_lcell_comb     ; 16                          ;
;     normal            ; 1                           ;
;         0 data inputs ; 1                           ;
;     shared            ; 15                          ;
;         2 data inputs ; 15                          ;
; boundary_port         ; 384                         ;
;                       ;                             ;
; Max LUT depth         ; 2.40                        ;
; Average LUT depth     ; 0.79                        ;
+-----------------------+-----------------------------+


+-------------------------------+
; Elapsed Time Per Partition    ;
+----------------+--------------+
; Partition Name ; Elapsed Time ;
+----------------+--------------+
; Top            ; 00:00:00     ;
+----------------+--------------+


+-------------------------------+
; Analysis & Synthesis Messages ;
+-------------------------------+
Info: *******************************************************************
Info: Running Quartus Prime Analysis & Synthesis
    Info: Version 20.1.0 Build 711 06/05/2020 SJ Lite Edition
    Info: Processing started: Fri Jan 08 21:47:51 2021
Info: Command: quartus_map --read_settings_files=on --write_settings_files=off different -c different
Warning (18236): Number of processors has not been specified which may cause overloading on shared machines.  Set the global assignment NUM_PARALLEL_PROCESSORS in your QSF to an appropriate value for best performance.
Info (20030): Parallel compilation is enabled and will use 6 of the 6 processors detected
Info (12021): Found 1 design units, including 1 entities, in source file diff_cost.sv
    Info (12023): Found entity 1: diff_cost File: G:/neural-burning/different/diff_cost.sv Line: 1
Info (12021): Found 1 design units, including 1 entities, in source file diff_to_all.sv
    Info (12023): Found entity 1: diff_to_all File: G:/neural-burning/different/diff_to_all.sv Line: 1
Info (12021): Found 1 design units, including 1 entities, in source file diff_dense.sv
    Info (12023): Found entity 1: diff_dense File: G:/neural-burning/different/diff_dense.sv Line: 1
Info (12021): Found 1 design units, including 1 entities, in source file diff_start.sv
    Info (12023): Found entity 1: diff_start File: G:/neural-burning/different/diff_start.sv Line: 1
Info (12021): Found 1 design units, including 1 entities, in source file different.sv
    Info (12023): Found entity 1: different File: G:/neural-burning/different/different.sv Line: 1
Info (12021): Found 1 design units, including 0 entities, in source file /neural-burning/general_data_operator/src/gdo.sv
    Info (12022): Found design unit 1: gdo (SystemVerilog) File: G:/neural-burning/general_data_operator/src/gdo.sv Line: 2
Info (12127): Elaborating entity "different" for the top level hierarchy
Info (12128): Elaborating entity "diff_dense" for hierarchy "diff_dense:dd" File: G:/neural-burning/different/different.sv Line: 15
Info (12128): Elaborating entity "diff_start" for hierarchy "diff_start:ds" File: G:/neural-burning/different/different.sv Line: 16
Info (12128): Elaborating entity "diff_to_all" for hierarchy "diff_to_all:dta" File: G:/neural-burning/different/different.sv Line: 17
Info (12128): Elaborating entity "diff_cost" for hierarchy "diff_cost:dc" File: G:/neural-burning/different/different.sv Line: 18
Warning (13024): Output pins are stuck at VCC or GND
    Warning (13410): Pin "diff_cost_out[0]" is stuck at GND File: G:/neural-burning/different/different.sv Line: 13
    Warning (13410): Pin "diff_cost_out[16]" is stuck at GND File: G:/neural-burning/different/different.sv Line: 13
    Warning (13410): Pin "diff_cost_out[17]" is stuck at GND File: G:/neural-burning/different/different.sv Line: 13
    Warning (13410): Pin "diff_cost_out[18]" is stuck at GND File: G:/neural-burning/different/different.sv Line: 13
    Warning (13410): Pin "diff_cost_out[19]" is stuck at GND File: G:/neural-burning/different/different.sv Line: 13
    Warning (13410): Pin "diff_cost_out[20]" is stuck at GND File: G:/neural-burning/different/different.sv Line: 13
    Warning (13410): Pin "diff_cost_out[21]" is stuck at GND File: G:/neural-burning/different/different.sv Line: 13
    Warning (13410): Pin "diff_cost_out[22]" is stuck at GND File: G:/neural-burning/different/different.sv Line: 13
    Warning (13410): Pin "diff_cost_out[23]" is stuck at GND File: G:/neural-burning/different/different.sv Line: 13
    Warning (13410): Pin "diff_cost_out[24]" is stuck at GND File: G:/neural-burning/different/different.sv Line: 13
    Warning (13410): Pin "diff_cost_out[25]" is stuck at GND File: G:/neural-burning/different/different.sv Line: 13
    Warning (13410): Pin "diff_cost_out[26]" is stuck at GND File: G:/neural-burning/different/different.sv Line: 13
    Warning (13410): Pin "diff_cost_out[27]" is stuck at GND File: G:/neural-burning/different/different.sv Line: 13
    Warning (13410): Pin "diff_cost_out[28]" is stuck at GND File: G:/neural-burning/different/different.sv Line: 13
    Warning (13410): Pin "diff_cost_out[29]" is stuck at GND File: G:/neural-burning/different/different.sv Line: 13
    Warning (13410): Pin "diff_cost_out[30]" is stuck at GND File: G:/neural-burning/different/different.sv Line: 13
    Warning (13410): Pin "diff_cost_out[31]" is stuck at GND File: G:/neural-burning/different/different.sv Line: 13
    Warning (13410): Pin "diff_cost_out[32]" is stuck at GND File: G:/neural-burning/different/different.sv Line: 13
    Warning (13410): Pin "diff_cost_out[33]" is stuck at GND File: G:/neural-burning/different/different.sv Line: 13
    Warning (13410): Pin "diff_cost_out[34]" is stuck at GND File: G:/neural-burning/different/different.sv Line: 13
    Warning (13410): Pin "diff_cost_out[35]" is stuck at GND File: G:/neural-burning/different/different.sv Line: 13
    Warning (13410): Pin "diff_cost_out[36]" is stuck at GND File: G:/neural-burning/different/different.sv Line: 13
    Warning (13410): Pin "diff_cost_out[37]" is stuck at GND File: G:/neural-burning/different/different.sv Line: 13
    Warning (13410): Pin "diff_cost_out[38]" is stuck at GND File: G:/neural-burning/different/different.sv Line: 13
    Warning (13410): Pin "diff_cost_out[39]" is stuck at GND File: G:/neural-burning/different/different.sv Line: 13
    Warning (13410): Pin "diff_cost_out[40]" is stuck at GND File: G:/neural-burning/different/different.sv Line: 13
    Warning (13410): Pin "diff_cost_out[41]" is stuck at GND File: G:/neural-burning/different/different.sv Line: 13
    Warning (13410): Pin "diff_cost_out[42]" is stuck at GND File: G:/neural-burning/different/different.sv Line: 13
    Warning (13410): Pin "diff_cost_out[43]" is stuck at GND File: G:/neural-burning/different/different.sv Line: 13
    Warning (13410): Pin "diff_cost_out[44]" is stuck at GND File: G:/neural-burning/different/different.sv Line: 13
    Warning (13410): Pin "diff_cost_out[45]" is stuck at GND File: G:/neural-burning/different/different.sv Line: 13
    Warning (13410): Pin "diff_cost_out[46]" is stuck at GND File: G:/neural-burning/different/different.sv Line: 13
    Warning (13410): Pin "diff_cost_out[47]" is stuck at GND File: G:/neural-burning/different/different.sv Line: 13
Info (16010): Generating hard_block partition "hard_block:auto_generated_inst"
    Info (16011): Adding 0 node(s), including 0 DDIO, 0 PLL, 0 transceiver and 0 LCELL
Warning (21074): Design contains 66 input pin(s) that do not drive logic
    Warning (15610): No output dependent on input pin "z[15]" File: G:/neural-burning/different/different.sv Line: 7
    Warning (15610): No output dependent on input pin "z[16]" File: G:/neural-burning/different/different.sv Line: 7
    Warning (15610): No output dependent on input pin "z[17]" File: G:/neural-burning/different/different.sv Line: 7
    Warning (15610): No output dependent on input pin "z[18]" File: G:/neural-burning/different/different.sv Line: 7
    Warning (15610): No output dependent on input pin "z[19]" File: G:/neural-burning/different/different.sv Line: 7
    Warning (15610): No output dependent on input pin "z[20]" File: G:/neural-burning/different/different.sv Line: 7
    Warning (15610): No output dependent on input pin "z[21]" File: G:/neural-burning/different/different.sv Line: 7
    Warning (15610): No output dependent on input pin "z[22]" File: G:/neural-burning/different/different.sv Line: 7
    Warning (15610): No output dependent on input pin "z[23]" File: G:/neural-burning/different/different.sv Line: 7
    Warning (15610): No output dependent on input pin "z[24]" File: G:/neural-burning/different/different.sv Line: 7
    Warning (15610): No output dependent on input pin "z[25]" File: G:/neural-burning/different/different.sv Line: 7
    Warning (15610): No output dependent on input pin "z[26]" File: G:/neural-burning/different/different.sv Line: 7
    Warning (15610): No output dependent on input pin "z[27]" File: G:/neural-burning/different/different.sv Line: 7
    Warning (15610): No output dependent on input pin "z[28]" File: G:/neural-burning/different/different.sv Line: 7
    Warning (15610): No output dependent on input pin "z[29]" File: G:/neural-burning/different/different.sv Line: 7
    Warning (15610): No output dependent on input pin "z[30]" File: G:/neural-burning/different/different.sv Line: 7
    Warning (15610): No output dependent on input pin "z[31]" File: G:/neural-burning/different/different.sv Line: 7
    Warning (15610): No output dependent on input pin "z[32]" File: G:/neural-burning/different/different.sv Line: 7
    Warning (15610): No output dependent on input pin "z[33]" File: G:/neural-burning/different/different.sv Line: 7
    Warning (15610): No output dependent on input pin "z[34]" File: G:/neural-burning/different/different.sv Line: 7
    Warning (15610): No output dependent on input pin "z[35]" File: G:/neural-burning/different/different.sv Line: 7
    Warning (15610): No output dependent on input pin "z[36]" File: G:/neural-burning/different/different.sv Line: 7
    Warning (15610): No output dependent on input pin "z[37]" File: G:/neural-burning/different/different.sv Line: 7
    Warning (15610): No output dependent on input pin "z[38]" File: G:/neural-burning/different/different.sv Line: 7
    Warning (15610): No output dependent on input pin "z[39]" File: G:/neural-burning/different/different.sv Line: 7
    Warning (15610): No output dependent on input pin "z[40]" File: G:/neural-burning/different/different.sv Line: 7
    Warning (15610): No output dependent on input pin "z[41]" File: G:/neural-burning/different/different.sv Line: 7
    Warning (15610): No output dependent on input pin "z[42]" File: G:/neural-burning/different/different.sv Line: 7
    Warning (15610): No output dependent on input pin "z[43]" File: G:/neural-burning/different/different.sv Line: 7
    Warning (15610): No output dependent on input pin "z[44]" File: G:/neural-burning/different/different.sv Line: 7
    Warning (15610): No output dependent on input pin "z[45]" File: G:/neural-burning/different/different.sv Line: 7
    Warning (15610): No output dependent on input pin "z[46]" File: G:/neural-burning/different/different.sv Line: 7
    Warning (15610): No output dependent on input pin "z[47]" File: G:/neural-burning/different/different.sv Line: 7
    Warning (15610): No output dependent on input pin "predict_value[15]" File: G:/neural-burning/different/different.sv Line: 8
    Warning (15610): No output dependent on input pin "predict_value[16]" File: G:/neural-burning/different/different.sv Line: 8
    Warning (15610): No output dependent on input pin "predict_value[17]" File: G:/neural-burning/different/different.sv Line: 8
    Warning (15610): No output dependent on input pin "predict_value[18]" File: G:/neural-burning/different/different.sv Line: 8
    Warning (15610): No output dependent on input pin "predict_value[19]" File: G:/neural-burning/different/different.sv Line: 8
    Warning (15610): No output dependent on input pin "predict_value[20]" File: G:/neural-burning/different/different.sv Line: 8
    Warning (15610): No output dependent on input pin "predict_value[21]" File: G:/neural-burning/different/different.sv Line: 8
    Warning (15610): No output dependent on input pin "predict_value[22]" File: G:/neural-burning/different/different.sv Line: 8
    Warning (15610): No output dependent on input pin "predict_value[23]" File: G:/neural-burning/different/different.sv Line: 8
    Warning (15610): No output dependent on input pin "predict_value[24]" File: G:/neural-burning/different/different.sv Line: 8
    Warning (15610): No output dependent on input pin "predict_value[25]" File: G:/neural-burning/different/different.sv Line: 8
    Warning (15610): No output dependent on input pin "predict_value[26]" File: G:/neural-burning/different/different.sv Line: 8
    Warning (15610): No output dependent on input pin "predict_value[27]" File: G:/neural-burning/different/different.sv Line: 8
    Warning (15610): No output dependent on input pin "predict_value[28]" File: G:/neural-burning/different/different.sv Line: 8
    Warning (15610): No output dependent on input pin "predict_value[29]" File: G:/neural-burning/different/different.sv Line: 8
    Warning (15610): No output dependent on input pin "predict_value[30]" File: G:/neural-burning/different/different.sv Line: 8
    Warning (15610): No output dependent on input pin "predict_value[31]" File: G:/neural-burning/different/different.sv Line: 8
    Warning (15610): No output dependent on input pin "predict_value[32]" File: G:/neural-burning/different/different.sv Line: 8
    Warning (15610): No output dependent on input pin "predict_value[33]" File: G:/neural-burning/different/different.sv Line: 8
    Warning (15610): No output dependent on input pin "predict_value[34]" File: G:/neural-burning/different/different.sv Line: 8
    Warning (15610): No output dependent on input pin "predict_value[35]" File: G:/neural-burning/different/different.sv Line: 8
    Warning (15610): No output dependent on input pin "predict_value[36]" File: G:/neural-burning/different/different.sv Line: 8
    Warning (15610): No output dependent on input pin "predict_value[37]" File: G:/neural-burning/different/different.sv Line: 8
    Warning (15610): No output dependent on input pin "predict_value[38]" File: G:/neural-burning/different/different.sv Line: 8
    Warning (15610): No output dependent on input pin "predict_value[39]" File: G:/neural-burning/different/different.sv Line: 8
    Warning (15610): No output dependent on input pin "predict_value[40]" File: G:/neural-burning/different/different.sv Line: 8
    Warning (15610): No output dependent on input pin "predict_value[41]" File: G:/neural-burning/different/different.sv Line: 8
    Warning (15610): No output dependent on input pin "predict_value[42]" File: G:/neural-burning/different/different.sv Line: 8
    Warning (15610): No output dependent on input pin "predict_value[43]" File: G:/neural-burning/different/different.sv Line: 8
    Warning (15610): No output dependent on input pin "predict_value[44]" File: G:/neural-burning/different/different.sv Line: 8
    Warning (15610): No output dependent on input pin "predict_value[45]" File: G:/neural-burning/different/different.sv Line: 8
    Warning (15610): No output dependent on input pin "predict_value[46]" File: G:/neural-burning/different/different.sv Line: 8
    Warning (15610): No output dependent on input pin "predict_value[47]" File: G:/neural-burning/different/different.sv Line: 8
Info (21057): Implemented 399 device resources after synthesis - the final resource count might be different
    Info (21058): Implemented 192 input pins
    Info (21059): Implemented 192 output pins
    Info (21061): Implemented 15 logic cells
Info: Quartus Prime Analysis & Synthesis was successful. 0 errors, 102 warnings
    Info: Peak virtual memory: 4793 megabytes
    Info: Processing ended: Fri Jan 08 21:47:59 2021
    Info: Elapsed time: 00:00:08
    Info: Total CPU time (on all processors): 00:00:14


