Info: Starting: Create block symbol file (.bsf)
Info: qsys-generate G:\neural-burning\data_path\data_path.qsys --block-symbol-file --output-directory=G:\neural-burning\data_path\data_path --family="Cyclone V" --part=5CSEMA5F31C6
Progress: Loading data_path/data_path.qsys
Progress: Reading input file
Progress: Adding clk_0 [clock_source 20.1]
Progress: Parameterizing module clk_0
Progress: Adding code_count [code_count 1.0]
Progress: Parameterizing module code_count
Progress: Adding code_storage [code_storage 1.0]
Progress: Parameterizing module code_storage
Progress: Adding controller [controller 1.0]
Progress: Parameterizing module controller
Progress: Adding fetch_to_decode_register [fetch_to_decode_register 1.0]
Progress: Parameterizing module fetch_to_decode_register
Progress: Adding input_storage [matrix_storage 1.0]
Progress: Parameterizing module input_storage
Progress: Adding is_load_spreader_0 [is_load_spreader 1.0]
Progress: Parameterizing module is_load_spreader_0
Progress: Adding is_load_spreader_1 [is_load_spreader 1.0]
Progress: Parameterizing module is_load_spreader_1
Progress: Adding label_storage [matrix_storage 1.0]
Progress: Parameterizing module label_storage
Progress: Adding matrix_location_spreader [matrix_location_spreader 1.0]
Progress: Parameterizing module matrix_location_spreader
Progress: Adding matrix_storage_locator [matrix_storage_locator 1.0]
Progress: Parameterizing module matrix_storage_locator
Progress: Adding parse [parse 1.0]
Progress: Parameterizing module parse
Progress: Building connections
Progress: Parameterizing connections
Progress: Validating
Progress: Done reading input file
Info: qsys-generate succeeded.
Info: Finished: Create block symbol file (.bsf)
Info: 
Info: Starting: Create HDL design files for synthesis
Info: qsys-generate G:\neural-burning\data_path\data_path.qsys --synthesis=VERILOG --output-directory=G:\neural-burning\data_path\data_path\synthesis --family="Cyclone V" --part=5CSEMA5F31C6
Progress: Loading data_path/data_path.qsys
Progress: Reading input file
Progress: Adding clk_0 [clock_source 20.1]
Progress: Parameterizing module clk_0
Progress: Adding code_count [code_count 1.0]
Progress: Parameterizing module code_count
Progress: Adding code_storage [code_storage 1.0]
Progress: Parameterizing module code_storage
Progress: Adding controller [controller 1.0]
Progress: Parameterizing module controller
Progress: Adding fetch_to_decode_register [fetch_to_decode_register 1.0]
Progress: Parameterizing module fetch_to_decode_register
Progress: Adding input_storage [matrix_storage 1.0]
Progress: Parameterizing module input_storage
Progress: Adding is_load_spreader_0 [is_load_spreader 1.0]
Progress: Parameterizing module is_load_spreader_0
Progress: Adding is_load_spreader_1 [is_load_spreader 1.0]
Progress: Parameterizing module is_load_spreader_1
Progress: Adding label_storage [matrix_storage 1.0]
Progress: Parameterizing module label_storage
Progress: Adding matrix_location_spreader [matrix_location_spreader 1.0]
Progress: Parameterizing module matrix_location_spreader
Progress: Adding matrix_storage_locator [matrix_storage_locator 1.0]
Progress: Parameterizing module matrix_storage_locator
Progress: Adding parse [parse 1.0]
Progress: Parameterizing module parse
Progress: Building connections
Progress: Parameterizing connections
Progress: Validating
Progress: Done reading input file
Info: data_path: Generating data_path "data_path" for QUARTUS_SYNTH
Info: code_count: "data_path" instantiated code_count "code_count"
Info: code_storage: "data_path" instantiated code_storage "code_storage"
Info: controller: "data_path" instantiated controller "controller"
Info: fetch_to_decode_register: "data_path" instantiated fetch_to_decode_register "fetch_to_decode_register"
Info: input_storage: "data_path" instantiated matrix_storage "input_storage"
Info: is_load_spreader_0: "data_path" instantiated is_load_spreader "is_load_spreader_0"
Info: matrix_location_spreader: "data_path" instantiated matrix_location_spreader "matrix_location_spreader"
Info: Reusing file G:/neural-burning/data_path/data_path/synthesis/submodules/spreader.sv
Info: matrix_storage_locator: "data_path" instantiated matrix_storage_locator "matrix_storage_locator"
Info: parse: "data_path" instantiated parse "parse"
Info: data_path: Done "data_path" with 10 modules, 11 files
Info: qsys-generate succeeded.
Info: Finished: Create HDL design files for synthesis
