Analysis & Synthesis report for systolic
Fri Feb 12 18:46:06 2021
Quartus Prime Version 20.1.0 Build 711 06/05/2020 SJ Lite Edition


---------------------
; Table of Contents ;
---------------------
  1. Legal Notice
  2. Analysis & Synthesis Summary
  3. Analysis & Synthesis Settings
  4. Parallel Compilation
  5. Analysis & Synthesis Source Files Read
  6. Analysis & Synthesis Resource Usage Summary
  7. Analysis & Synthesis Resource Utilization by Entity
  8. Analysis & Synthesis DSP Block Usage Summary
  9. Registers Removed During Synthesis
 10. General Register Statistics
 11. Multiplexer Restructuring Statistics (Restructuring Performed)
 12. Parameter Settings for User Entity Instance: Top-level Entity: |systolic
 13. Post-Synthesis Netlist Statistics for Top Partition
 14. Elapsed Time Per Partition
 15. Analysis & Synthesis Messages



----------------
; Legal Notice ;
----------------
Copyright (C) 2020  Intel Corporation. All rights reserved.
Your use of Intel Corporation's design tools, logic functions 
and other software and tools, and any partner logic 
functions, and any output files from any of the foregoing 
(including device programming or simulation files), and any 
associated documentation or information are expressly subject 
to the terms and conditions of the Intel Program License 
Subscription Agreement, the Intel Quartus Prime License Agreement,
the Intel FPGA IP License Agreement, or other applicable license
agreement, including, without limitation, that your use is for
the sole purpose of programming logic devices manufactured by
Intel and sold by Intel or its authorized distributors.  Please
refer to the applicable agreement for further details, at
https://fpgasoftware.intel.com/eula.



+-------------------------------------------------------------------------------+
; Analysis & Synthesis Summary                                                  ;
+---------------------------------+---------------------------------------------+
; Analysis & Synthesis Status     ; Successful - Fri Feb 12 18:46:06 2021       ;
; Quartus Prime Version           ; 20.1.0 Build 711 06/05/2020 SJ Lite Edition ;
; Revision Name                   ; systolic                                    ;
; Top-level Entity Name           ; systolic                                    ;
; Family                          ; Cyclone V                                   ;
; Logic utilization (in ALMs)     ; N/A                                         ;
; Total registers                 ; 272                                         ;
; Total pins                      ; 146                                         ;
; Total virtual pins              ; 0                                           ;
; Total block memory bits         ; 0                                           ;
; Total DSP Blocks                ; 6                                           ;
; Total HSSI RX PCSs              ; 0                                           ;
; Total HSSI PMA RX Deserializers ; 0                                           ;
; Total HSSI TX PCSs              ; 0                                           ;
; Total HSSI PMA TX Serializers   ; 0                                           ;
; Total PLLs                      ; 0                                           ;
; Total DLLs                      ; 0                                           ;
+---------------------------------+---------------------------------------------+


+---------------------------------------------------------------------------------------------------------------------------+
; Analysis & Synthesis Settings                                                                                             ;
+---------------------------------------------------------------------------------+--------------------+--------------------+
; Option                                                                          ; Setting            ; Default Value      ;
+---------------------------------------------------------------------------------+--------------------+--------------------+
; Device                                                                          ; 5CSEMA5F31C6       ;                    ;
; Top-level entity name                                                           ; systolic           ; systolic           ;
; Family name                                                                     ; Cyclone V          ; Cyclone V          ;
; Verilog Show LMF Mapping Messages                                               ; Off                ;                    ;
; Verilog Version                                                                 ; SystemVerilog_2005 ; Verilog_2001       ;
; Use smart compilation                                                           ; Off                ; Off                ;
; Enable parallel Assembler and Timing Analyzer during compilation                ; On                 ; On                 ;
; Enable compact report table                                                     ; Off                ; Off                ;
; Restructure Multiplexers                                                        ; Auto               ; Auto               ;
; MLAB Add Timing Constraints For Mixed-Port Feed-Through Mode Setting Don't Care ; Off                ; Off                ;
; Create Debugging Nodes for IP Cores                                             ; Off                ; Off                ;
; Preserve fewer node names                                                       ; On                 ; On                 ;
; Intel FPGA IP Evaluation Mode                                                   ; Enable             ; Enable             ;
; VHDL Version                                                                    ; VHDL_1993          ; VHDL_1993          ;
; State Machine Processing                                                        ; Auto               ; Auto               ;
; Safe State Machine                                                              ; Off                ; Off                ;
; Extract Verilog State Machines                                                  ; On                 ; On                 ;
; Extract VHDL State Machines                                                     ; On                 ; On                 ;
; Ignore Verilog initial constructs                                               ; Off                ; Off                ;
; Iteration limit for constant Verilog loops                                      ; 5000               ; 5000               ;
; Iteration limit for non-constant Verilog loops                                  ; 250                ; 250                ;
; Add Pass-Through Logic to Inferred RAMs                                         ; On                 ; On                 ;
; Infer RAMs from Raw Logic                                                       ; On                 ; On                 ;
; Parallel Synthesis                                                              ; On                 ; On                 ;
; DSP Block Balancing                                                             ; Auto               ; Auto               ;
; NOT Gate Push-Back                                                              ; On                 ; On                 ;
; Power-Up Don't Care                                                             ; On                 ; On                 ;
; Remove Redundant Logic Cells                                                    ; Off                ; Off                ;
; Remove Duplicate Registers                                                      ; On                 ; On                 ;
; Ignore CARRY Buffers                                                            ; Off                ; Off                ;
; Ignore CASCADE Buffers                                                          ; Off                ; Off                ;
; Ignore GLOBAL Buffers                                                           ; Off                ; Off                ;
; Ignore ROW GLOBAL Buffers                                                       ; Off                ; Off                ;
; Ignore LCELL Buffers                                                            ; Off                ; Off                ;
; Ignore SOFT Buffers                                                             ; On                 ; On                 ;
; Limit AHDL Integers to 32 Bits                                                  ; Off                ; Off                ;
; Optimization Technique                                                          ; Balanced           ; Balanced           ;
; Carry Chain Length                                                              ; 70                 ; 70                 ;
; Auto Carry Chains                                                               ; On                 ; On                 ;
; Auto Open-Drain Pins                                                            ; On                 ; On                 ;
; Perform WYSIWYG Primitive Resynthesis                                           ; Off                ; Off                ;
; Auto ROM Replacement                                                            ; On                 ; On                 ;
; Auto RAM Replacement                                                            ; On                 ; On                 ;
; Auto DSP Block Replacement                                                      ; On                 ; On                 ;
; Auto Shift Register Replacement                                                 ; Auto               ; Auto               ;
; Allow Shift Register Merging across Hierarchies                                 ; Auto               ; Auto               ;
; Auto Clock Enable Replacement                                                   ; On                 ; On                 ;
; Strict RAM Replacement                                                          ; Off                ; Off                ;
; Allow Synchronous Control Signals                                               ; On                 ; On                 ;
; Force Use of Synchronous Clear Signals                                          ; Off                ; Off                ;
; Auto Resource Sharing                                                           ; Off                ; Off                ;
; Allow Any RAM Size For Recognition                                              ; Off                ; Off                ;
; Allow Any ROM Size For Recognition                                              ; Off                ; Off                ;
; Allow Any Shift Register Size For Recognition                                   ; Off                ; Off                ;
; Use LogicLock Constraints during Resource Balancing                             ; On                 ; On                 ;
; Ignore translate_off and synthesis_off directives                               ; Off                ; Off                ;
; Timing-Driven Synthesis                                                         ; On                 ; On                 ;
; Report Parameter Settings                                                       ; On                 ; On                 ;
; Report Source Assignments                                                       ; On                 ; On                 ;
; Report Connectivity Checks                                                      ; On                 ; On                 ;
; Ignore Maximum Fan-Out Assignments                                              ; Off                ; Off                ;
; Synchronization Register Chain Length                                           ; 3                  ; 3                  ;
; Power Optimization During Synthesis                                             ; Normal compilation ; Normal compilation ;
; HDL message level                                                               ; Level2             ; Level2             ;
; Suppress Register Optimization Related Messages                                 ; Off                ; Off                ;
; Number of Removed Registers Reported in Synthesis Report                        ; 5000               ; 5000               ;
; Number of Swept Nodes Reported in Synthesis Report                              ; 5000               ; 5000               ;
; Number of Inverted Registers Reported in Synthesis Report                       ; 100                ; 100                ;
; Clock MUX Protection                                                            ; On                 ; On                 ;
; Auto Gated Clock Conversion                                                     ; Off                ; Off                ;
; Block Design Naming                                                             ; Auto               ; Auto               ;
; SDC constraint protection                                                       ; Off                ; Off                ;
; Synthesis Effort                                                                ; Auto               ; Auto               ;
; Shift Register Replacement - Allow Asynchronous Clear Signal                    ; On                 ; On                 ;
; Pre-Mapping Resynthesis Optimization                                            ; Off                ; Off                ;
; Analysis & Synthesis Message Level                                              ; Medium             ; Medium             ;
; Disable Register Merging Across Hierarchies                                     ; Auto               ; Auto               ;
; Resource Aware Inference For Block RAM                                          ; On                 ; On                 ;
; Automatic Parallel Synthesis                                                    ; On                 ; On                 ;
; Partial Reconfiguration Bitstream ID                                            ; Off                ; Off                ;
+---------------------------------------------------------------------------------+--------------------+--------------------+


+------------------------------------------+
; Parallel Compilation                     ;
+----------------------------+-------------+
; Processors                 ; Number      ;
+----------------------------+-------------+
; Number detected on machine ; 6           ;
; Maximum allowed            ; 6           ;
;                            ;             ;
; Average used               ; 1.00        ;
; Maximum used               ; 6           ;
;                            ;             ;
; Usage by Processor         ; % Time Used ;
;     Processor 1            ; 100.0%      ;
;     Processors 2-6         ;   0.0%      ;
+----------------------------+-------------+


+-----------------------------------------------------------------------------------------------------------------------------------------------------+
; Analysis & Synthesis Source Files Read                                                                                                              ;
+-------------------------------------+-----------------+------------------------------+----------------------------------------------------+---------+
; File Name with User-Entered Path    ; Used in Netlist ; File Type                    ; File Name with Absolute Path                       ; Library ;
+-------------------------------------+-----------------+------------------------------+----------------------------------------------------+---------+
; ../general_data_operator/src/gdo.sv ; yes             ; User SystemVerilog HDL File  ; G:/neural-burning/general_data_operator/src/gdo.sv ;         ;
; systolic.sv                         ; yes             ; User SystemVerilog HDL File  ; G:/neural-burning/systolic/systolic.sv             ;         ;
+-------------------------------------+-----------------+------------------------------+----------------------------------------------------+---------+


+---------------------------------------------------------+
; Analysis & Synthesis Resource Usage Summary             ;
+---------------------------------------------+-----------+
; Resource                                    ; Usage     ;
+---------------------------------------------+-----------+
; Estimate of Logic utilization (ALMs needed) ; 149       ;
;                                             ;           ;
; Combinational ALUT usage for logic          ; 89        ;
;     -- 7 input functions                    ; 0         ;
;     -- 6 input functions                    ; 4         ;
;     -- 5 input functions                    ; 5         ;
;     -- 4 input functions                    ; 0         ;
;     -- <=3 input functions                  ; 80        ;
;                                             ;           ;
; Dedicated logic registers                   ; 272       ;
;                                             ;           ;
; I/O pins                                    ; 146       ;
;                                             ;           ;
; Total DSP Blocks                            ; 6         ;
;                                             ;           ;
; Maximum fan-out node                        ; clk~input ;
; Maximum fan-out                             ; 272       ;
; Total fan-out                               ; 1343      ;
; Average fan-out                             ; 2.04      ;
+---------------------------------------------+-----------+


+----------------------------------------------------------------------------------------------------------------------------------------------------------------------------------------+
; Analysis & Synthesis Resource Utilization by Entity                                                                                                                                    ;
+----------------------------+---------------------+---------------------------+-------------------+------------+------+--------------+---------------------+-------------+--------------+
; Compilation Hierarchy Node ; Combinational ALUTs ; Dedicated Logic Registers ; Block Memory Bits ; DSP Blocks ; Pins ; Virtual Pins ; Full Hierarchy Name ; Entity Name ; Library Name ;
+----------------------------+---------------------+---------------------------+-------------------+------------+------+--------------+---------------------+-------------+--------------+
; |systolic                  ; 89 (89)             ; 272 (272)                 ; 0                 ; 6          ; 146  ; 0            ; |systolic           ; systolic    ; work         ;
+----------------------------+---------------------+---------------------------+-------------------+------------+------+--------------+---------------------+-------------+--------------+
Note: For table entries with two numbers listed, the numbers in parentheses indicate the number of resources of the given type used by the specific entity alone. The numbers listed outside of parentheses indicate the total resources of the given type used by the specific entity and all of its sub-entities in the hierarchy.


+----------------------------------------------+
; Analysis & Synthesis DSP Block Usage Summary ;
+-------------------------------+--------------+
; Statistic                     ; Number Used  ;
+-------------------------------+--------------+
; Two Independent 18x18         ; 6            ;
; Total number of DSP blocks    ; 6            ;
;                               ;              ;
; Fixed Point Signed Multiplier ; 6            ;
+-------------------------------+--------------+


+---------------------------------------------------------------------------------+
; Registers Removed During Synthesis                                              ;
+----------------------------------------+----------------------------------------+
; Register name                          ; Reason for Removal                     ;
+----------------------------------------+----------------------------------------+
; sum_reg[0][0][15]                      ; Stuck at GND due to stuck port data_in ;
; sum_reg[0][0][14]                      ; Stuck at GND due to stuck port data_in ;
; sum_reg[0][0][13]                      ; Stuck at GND due to stuck port data_in ;
; sum_reg[0][0][12]                      ; Stuck at GND due to stuck port data_in ;
; sum_reg[0][0][11]                      ; Stuck at GND due to stuck port data_in ;
; sum_reg[0][0][10]                      ; Stuck at GND due to stuck port data_in ;
; sum_reg[0][0][9]                       ; Stuck at GND due to stuck port data_in ;
; sum_reg[0][0][8]                       ; Stuck at GND due to stuck port data_in ;
; sum_reg[0][0][7]                       ; Stuck at GND due to stuck port data_in ;
; sum_reg[0][0][6]                       ; Stuck at GND due to stuck port data_in ;
; sum_reg[0][0][5]                       ; Stuck at GND due to stuck port data_in ;
; sum_reg[0][0][4]                       ; Stuck at GND due to stuck port data_in ;
; sum_reg[0][0][3]                       ; Stuck at GND due to stuck port data_in ;
; sum_reg[0][0][2]                       ; Stuck at GND due to stuck port data_in ;
; sum_reg[0][0][1]                       ; Stuck at GND due to stuck port data_in ;
; sum_reg[0][0][0]                       ; Stuck at GND due to stuck port data_in ;
; sum_reg[1][0][15]                      ; Stuck at GND due to stuck port data_in ;
; sum_reg[1][0][14]                      ; Stuck at GND due to stuck port data_in ;
; sum_reg[1][0][13]                      ; Stuck at GND due to stuck port data_in ;
; sum_reg[1][0][12]                      ; Stuck at GND due to stuck port data_in ;
; sum_reg[1][0][11]                      ; Stuck at GND due to stuck port data_in ;
; sum_reg[1][0][10]                      ; Stuck at GND due to stuck port data_in ;
; sum_reg[1][0][9]                       ; Stuck at GND due to stuck port data_in ;
; sum_reg[1][0][8]                       ; Stuck at GND due to stuck port data_in ;
; sum_reg[1][0][7]                       ; Stuck at GND due to stuck port data_in ;
; sum_reg[1][0][6]                       ; Stuck at GND due to stuck port data_in ;
; sum_reg[1][0][5]                       ; Stuck at GND due to stuck port data_in ;
; sum_reg[1][0][4]                       ; Stuck at GND due to stuck port data_in ;
; sum_reg[1][0][3]                       ; Stuck at GND due to stuck port data_in ;
; sum_reg[1][0][2]                       ; Stuck at GND due to stuck port data_in ;
; sum_reg[1][0][1]                       ; Stuck at GND due to stuck port data_in ;
; sum_reg[1][0][0]                       ; Stuck at GND due to stuck port data_in ;
; sum_reg[2][0][15]                      ; Stuck at GND due to stuck port data_in ;
; sum_reg[2][0][14]                      ; Stuck at GND due to stuck port data_in ;
; sum_reg[2][0][13]                      ; Stuck at GND due to stuck port data_in ;
; sum_reg[2][0][12]                      ; Stuck at GND due to stuck port data_in ;
; sum_reg[2][0][11]                      ; Stuck at GND due to stuck port data_in ;
; sum_reg[2][0][10]                      ; Stuck at GND due to stuck port data_in ;
; sum_reg[2][0][9]                       ; Stuck at GND due to stuck port data_in ;
; sum_reg[2][0][8]                       ; Stuck at GND due to stuck port data_in ;
; sum_reg[2][0][7]                       ; Stuck at GND due to stuck port data_in ;
; sum_reg[2][0][6]                       ; Stuck at GND due to stuck port data_in ;
; sum_reg[2][0][5]                       ; Stuck at GND due to stuck port data_in ;
; sum_reg[2][0][4]                       ; Stuck at GND due to stuck port data_in ;
; sum_reg[2][0][3]                       ; Stuck at GND due to stuck port data_in ;
; sum_reg[2][0][2]                       ; Stuck at GND due to stuck port data_in ;
; sum_reg[2][0][1]                       ; Stuck at GND due to stuck port data_in ;
; sum_reg[2][0][0]                       ; Stuck at GND due to stuck port data_in ;
; Total Number of Removed Registers = 48 ;                                        ;
+----------------------------------------+----------------------------------------+


+------------------------------------------------------+
; General Register Statistics                          ;
+----------------------------------------------+-------+
; Statistic                                    ; Value ;
+----------------------------------------------+-------+
; Total registers                              ; 272   ;
; Number of registers using Synchronous Clear  ; 32    ;
; Number of registers using Synchronous Load   ; 0     ;
; Number of registers using Asynchronous Clear ; 0     ;
; Number of registers using Asynchronous Load  ; 0     ;
; Number of registers using Clock Enable       ; 128   ;
; Number of registers using Preset             ; 0     ;
+----------------------------------------------+-------+


+------------------------------------------------------------------------------------------------------------------------------------------+
; Multiplexer Restructuring Statistics (Restructuring Performed)                                                                           ;
+--------------------+-----------+---------------+----------------------+------------------------+------------+----------------------------+
; Multiplexer Inputs ; Bus Width ; Baseline Area ; Area if Restructured ; Saving if Restructured ; Registered ; Example Multiplexer Output ;
+--------------------+-----------+---------------+----------------------+------------------------+------------+----------------------------+
; 3:1                ; 32 bits   ; 64 LEs        ; 0 LEs                ; 64 LEs                 ; Yes        ; |systolic|w_round[2]       ;
+--------------------+-----------+---------------+----------------------+------------------------+------------+----------------------------+


+--------------------------------------------------------------------------+
; Parameter Settings for User Entity Instance: Top-level Entity: |systolic ;
+----------------+-------+-------------------------------------------------+
; Parameter Name ; Value ; Type                                            ;
+----------------+-------+-------------------------------------------------+
; data_size      ; 16    ; Signed Integer                                  ;
; size           ; 3     ; Signed Integer                                  ;
+----------------+-------+-------------------------------------------------+
Note: In order to hide this table in the UI and the text report file, please set the "Show Parameter Settings in Synthesis Report" option in "Analysis and Synthesis Settings -> More Settings" to "Off".


+-----------------------------------------------------+
; Post-Synthesis Netlist Statistics for Top Partition ;
+-----------------------+-----------------------------+
; Type                  ; Count                       ;
+-----------------------+-----------------------------+
; arriav_ff             ; 272                         ;
;     ENA               ; 96                          ;
;     ENA SCLR          ; 32                          ;
;     plain             ; 144                         ;
; arriav_lcell_comb     ; 89                          ;
;     arith             ; 80                          ;
;         1 data inputs ; 32                          ;
;         2 data inputs ; 48                          ;
;     normal            ; 9                           ;
;         5 data inputs ; 5                           ;
;         6 data inputs ; 4                           ;
; arriav_mac            ; 6                           ;
; boundary_port         ; 146                         ;
;                       ;                             ;
; Max LUT depth         ; 4.10                        ;
; Average LUT depth     ; 1.14                        ;
+-----------------------+-----------------------------+


+-------------------------------+
; Elapsed Time Per Partition    ;
+----------------+--------------+
; Partition Name ; Elapsed Time ;
+----------------+--------------+
; Top            ; 00:00:00     ;
+----------------+--------------+


+-------------------------------+
; Analysis & Synthesis Messages ;
+-------------------------------+
Info: *******************************************************************
Info: Running Quartus Prime Analysis & Synthesis
    Info: Version 20.1.0 Build 711 06/05/2020 SJ Lite Edition
    Info: Processing started: Fri Feb 12 18:45:59 2021
Info: Command: quartus_map --read_settings_files=on --write_settings_files=off systolic -c systolic
Warning (18236): Number of processors has not been specified which may cause overloading on shared machines.  Set the global assignment NUM_PARALLEL_PROCESSORS in your QSF to an appropriate value for best performance.
Info (20030): Parallel compilation is enabled and will use 6 of the 6 processors detected
Info (12021): Found 1 design units, including 0 entities, in source file /neural-burning/general_data_operator/src/gdo.sv
    Info (12022): Found design unit 1: gdo (SystemVerilog) File: G:/neural-burning/general_data_operator/src/gdo.sv Line: 2
Info (12021): Found 1 design units, including 1 entities, in source file systolic.sv
    Info (12023): Found entity 1: systolic File: G:/neural-burning/systolic/systolic.sv Line: 1
Info (12127): Elaborating entity "systolic" for the top level hierarchy
Warning (10855): Verilog HDL warning at systolic.sv(53): initial value for variable w_reg should be constant File: G:/neural-burning/systolic/systolic.sv Line: 53
Warning (10855): Verilog HDL warning at systolic.sv(53): initial value for variable a_reg should be constant File: G:/neural-burning/systolic/systolic.sv Line: 53
Warning (10855): Verilog HDL warning at systolic.sv(53): initial value for variable sum_reg should be constant File: G:/neural-burning/systolic/systolic.sv Line: 53
Info (10008): Verilog HDL or VHDL information: EDA Netlist Writer cannot regroup multidimensional array "w_reg" into its bus
Info (10008): Verilog HDL or VHDL information: EDA Netlist Writer cannot regroup multidimensional array "a_reg" into its bus
Info (10008): Verilog HDL or VHDL information: EDA Netlist Writer cannot regroup multidimensional array "sum_reg" into its bus
Info (286030): Timing-Driven Synthesis is running
Info (16010): Generating hard_block partition "hard_block:auto_generated_inst"
    Info (16011): Adding 0 node(s), including 0 DDIO, 0 PLL, 0 transceiver and 0 LCELL
Warning (21074): Design contains 16 input pin(s) that do not drive logic
    Warning (15610): No output dependent on input pin "data_stream[0]" File: G:/neural-burning/systolic/systolic.sv Line: 15
    Warning (15610): No output dependent on input pin "data_stream[1]" File: G:/neural-burning/systolic/systolic.sv Line: 15
    Warning (15610): No output dependent on input pin "data_stream[2]" File: G:/neural-burning/systolic/systolic.sv Line: 15
    Warning (15610): No output dependent on input pin "data_stream[3]" File: G:/neural-burning/systolic/systolic.sv Line: 15
    Warning (15610): No output dependent on input pin "data_stream[4]" File: G:/neural-burning/systolic/systolic.sv Line: 15
    Warning (15610): No output dependent on input pin "data_stream[5]" File: G:/neural-burning/systolic/systolic.sv Line: 15
    Warning (15610): No output dependent on input pin "data_stream[6]" File: G:/neural-burning/systolic/systolic.sv Line: 15
    Warning (15610): No output dependent on input pin "data_stream[7]" File: G:/neural-burning/systolic/systolic.sv Line: 15
    Warning (15610): No output dependent on input pin "data_stream[8]" File: G:/neural-burning/systolic/systolic.sv Line: 15
    Warning (15610): No output dependent on input pin "data_stream[9]" File: G:/neural-burning/systolic/systolic.sv Line: 15
    Warning (15610): No output dependent on input pin "data_stream[10]" File: G:/neural-burning/systolic/systolic.sv Line: 15
    Warning (15610): No output dependent on input pin "data_stream[11]" File: G:/neural-burning/systolic/systolic.sv Line: 15
    Warning (15610): No output dependent on input pin "data_stream[12]" File: G:/neural-burning/systolic/systolic.sv Line: 15
    Warning (15610): No output dependent on input pin "data_stream[13]" File: G:/neural-burning/systolic/systolic.sv Line: 15
    Warning (15610): No output dependent on input pin "data_stream[14]" File: G:/neural-burning/systolic/systolic.sv Line: 15
    Warning (15610): No output dependent on input pin "data_stream[15]" File: G:/neural-burning/systolic/systolic.sv Line: 15
Info (21057): Implemented 481 device resources after synthesis - the final resource count might be different
    Info (21058): Implemented 98 input pins
    Info (21059): Implemented 48 output pins
    Info (21061): Implemented 329 logic cells
    Info (21062): Implemented 6 DSP elements
Info: Quartus Prime Analysis & Synthesis was successful. 0 errors, 21 warnings
    Info: Peak virtual memory: 4839 megabytes
    Info: Processing ended: Fri Feb 12 18:46:06 2021
    Info: Elapsed time: 00:00:07
    Info: Total CPU time (on all processors): 00:00:16


