Analysis & Synthesis report for matrix_storage
Fri Dec 25 23:52:53 2020
Quartus Prime Version 20.1.0 Build 711 06/05/2020 SJ Lite Edition


---------------------
; Table of Contents ;
---------------------
  1. Legal Notice
  2. Analysis & Synthesis Summary
  3. Analysis & Synthesis Settings
  4. Parallel Compilation
  5. Analysis & Synthesis Source Files Read
  6. Analysis & Synthesis Resource Usage Summary
  7. Analysis & Synthesis Resource Utilization by Entity
  8. General Register Statistics
  9. Multiplexer Restructuring Statistics (Restructuring Performed)
 10. Parameter Settings for User Entity Instance: Top-level Entity: |matrix_storage
 11. Post-Synthesis Netlist Statistics for Top Partition
 12. Elapsed Time Per Partition
 13. Analysis & Synthesis Messages



----------------
; Legal Notice ;
----------------
Copyright (C) 2020  Intel Corporation. All rights reserved.
Your use of Intel Corporation's design tools, logic functions 
and other software and tools, and any partner logic 
functions, and any output files from any of the foregoing 
(including device programming or simulation files), and any 
associated documentation or information are expressly subject 
to the terms and conditions of the Intel Program License 
Subscription Agreement, the Intel Quartus Prime License Agreement,
the Intel FPGA IP License Agreement, or other applicable license
agreement, including, without limitation, that your use is for
the sole purpose of programming logic devices manufactured by
Intel and sold by Intel or its authorized distributors.  Please
refer to the applicable agreement for further details, at
https://fpgasoftware.intel.com/eula.



+-------------------------------------------------------------------------------+
; Analysis & Synthesis Summary                                                  ;
+---------------------------------+---------------------------------------------+
; Analysis & Synthesis Status     ; Successful - Fri Dec 25 23:52:53 2020       ;
; Quartus Prime Version           ; 20.1.0 Build 711 06/05/2020 SJ Lite Edition ;
; Revision Name                   ; matrix_storage                              ;
; Top-level Entity Name           ; matrix_storage                              ;
; Family                          ; Cyclone V                                   ;
; Logic utilization (in ALMs)     ; N/A                                         ;
; Total registers                 ; 720                                         ;
; Total pins                      ; 227                                         ;
; Total virtual pins              ; 0                                           ;
; Total block memory bits         ; 0                                           ;
; Total DSP Blocks                ; 0                                           ;
; Total HSSI RX PCSs              ; 0                                           ;
; Total HSSI PMA RX Deserializers ; 0                                           ;
; Total HSSI TX PCSs              ; 0                                           ;
; Total HSSI PMA TX Serializers   ; 0                                           ;
; Total PLLs                      ; 0                                           ;
; Total DLLs                      ; 0                                           ;
+---------------------------------+---------------------------------------------+


+---------------------------------------------------------------------------------------------------------------------------+
; Analysis & Synthesis Settings                                                                                             ;
+---------------------------------------------------------------------------------+--------------------+--------------------+
; Option                                                                          ; Setting            ; Default Value      ;
+---------------------------------------------------------------------------------+--------------------+--------------------+
; Device                                                                          ; 5CSEMA6F31C6       ;                    ;
; Top-level entity name                                                           ; matrix_storage     ; matrix_storage     ;
; Family name                                                                     ; Cyclone V          ; Cyclone V          ;
; Use smart compilation                                                           ; Off                ; Off                ;
; Enable parallel Assembler and Timing Analyzer during compilation                ; On                 ; On                 ;
; Enable compact report table                                                     ; Off                ; Off                ;
; Restructure Multiplexers                                                        ; Auto               ; Auto               ;
; MLAB Add Timing Constraints For Mixed-Port Feed-Through Mode Setting Don't Care ; Off                ; Off                ;
; Create Debugging Nodes for IP Cores                                             ; Off                ; Off                ;
; Preserve fewer node names                                                       ; On                 ; On                 ;
; Intel FPGA IP Evaluation Mode                                                   ; Enable             ; Enable             ;
; Verilog Version                                                                 ; Verilog_2001       ; Verilog_2001       ;
; VHDL Version                                                                    ; VHDL_1993          ; VHDL_1993          ;
; State Machine Processing                                                        ; Auto               ; Auto               ;
; Safe State Machine                                                              ; Off                ; Off                ;
; Extract Verilog State Machines                                                  ; On                 ; On                 ;
; Extract VHDL State Machines                                                     ; On                 ; On                 ;
; Ignore Verilog initial constructs                                               ; Off                ; Off                ;
; Iteration limit for constant Verilog loops                                      ; 5000               ; 5000               ;
; Iteration limit for non-constant Verilog loops                                  ; 250                ; 250                ;
; Add Pass-Through Logic to Inferred RAMs                                         ; On                 ; On                 ;
; Infer RAMs from Raw Logic                                                       ; On                 ; On                 ;
; Parallel Synthesis                                                              ; On                 ; On                 ;
; DSP Block Balancing                                                             ; Auto               ; Auto               ;
; NOT Gate Push-Back                                                              ; On                 ; On                 ;
; Power-Up Don't Care                                                             ; On                 ; On                 ;
; Remove Redundant Logic Cells                                                    ; Off                ; Off                ;
; Remove Duplicate Registers                                                      ; On                 ; On                 ;
; Ignore CARRY Buffers                                                            ; Off                ; Off                ;
; Ignore CASCADE Buffers                                                          ; Off                ; Off                ;
; Ignore GLOBAL Buffers                                                           ; Off                ; Off                ;
; Ignore ROW GLOBAL Buffers                                                       ; Off                ; Off                ;
; Ignore LCELL Buffers                                                            ; Off                ; Off                ;
; Ignore SOFT Buffers                                                             ; On                 ; On                 ;
; Limit AHDL Integers to 32 Bits                                                  ; Off                ; Off                ;
; Optimization Technique                                                          ; Balanced           ; Balanced           ;
; Carry Chain Length                                                              ; 70                 ; 70                 ;
; Auto Carry Chains                                                               ; On                 ; On                 ;
; Auto Open-Drain Pins                                                            ; On                 ; On                 ;
; Perform WYSIWYG Primitive Resynthesis                                           ; Off                ; Off                ;
; Auto ROM Replacement                                                            ; On                 ; On                 ;
; Auto RAM Replacement                                                            ; On                 ; On                 ;
; Auto DSP Block Replacement                                                      ; On                 ; On                 ;
; Auto Shift Register Replacement                                                 ; Auto               ; Auto               ;
; Allow Shift Register Merging across Hierarchies                                 ; Auto               ; Auto               ;
; Auto Clock Enable Replacement                                                   ; On                 ; On                 ;
; Strict RAM Replacement                                                          ; Off                ; Off                ;
; Allow Synchronous Control Signals                                               ; On                 ; On                 ;
; Force Use of Synchronous Clear Signals                                          ; Off                ; Off                ;
; Auto Resource Sharing                                                           ; Off                ; Off                ;
; Allow Any RAM Size For Recognition                                              ; Off                ; Off                ;
; Allow Any ROM Size For Recognition                                              ; Off                ; Off                ;
; Allow Any Shift Register Size For Recognition                                   ; Off                ; Off                ;
; Use LogicLock Constraints during Resource Balancing                             ; On                 ; On                 ;
; Ignore translate_off and synthesis_off directives                               ; Off                ; Off                ;
; Timing-Driven Synthesis                                                         ; On                 ; On                 ;
; Report Parameter Settings                                                       ; On                 ; On                 ;
; Report Source Assignments                                                       ; On                 ; On                 ;
; Report Connectivity Checks                                                      ; On                 ; On                 ;
; Ignore Maximum Fan-Out Assignments                                              ; Off                ; Off                ;
; Synchronization Register Chain Length                                           ; 3                  ; 3                  ;
; Power Optimization During Synthesis                                             ; Normal compilation ; Normal compilation ;
; HDL message level                                                               ; Level2             ; Level2             ;
; Suppress Register Optimization Related Messages                                 ; Off                ; Off                ;
; Number of Removed Registers Reported in Synthesis Report                        ; 5000               ; 5000               ;
; Number of Swept Nodes Reported in Synthesis Report                              ; 5000               ; 5000               ;
; Number of Inverted Registers Reported in Synthesis Report                       ; 100                ; 100                ;
; Clock MUX Protection                                                            ; On                 ; On                 ;
; Auto Gated Clock Conversion                                                     ; Off                ; Off                ;
; Block Design Naming                                                             ; Auto               ; Auto               ;
; SDC constraint protection                                                       ; Off                ; Off                ;
; Synthesis Effort                                                                ; Auto               ; Auto               ;
; Shift Register Replacement - Allow Asynchronous Clear Signal                    ; On                 ; On                 ;
; Pre-Mapping Resynthesis Optimization                                            ; Off                ; Off                ;
; Analysis & Synthesis Message Level                                              ; Medium             ; Medium             ;
; Disable Register Merging Across Hierarchies                                     ; Auto               ; Auto               ;
; Resource Aware Inference For Block RAM                                          ; On                 ; On                 ;
; Automatic Parallel Synthesis                                                    ; On                 ; On                 ;
; Partial Reconfiguration Bitstream ID                                            ; Off                ; Off                ;
+---------------------------------------------------------------------------------+--------------------+--------------------+


+------------------------------------------+
; Parallel Compilation                     ;
+----------------------------+-------------+
; Processors                 ; Number      ;
+----------------------------+-------------+
; Number detected on machine ; 6           ;
; Maximum allowed            ; 6           ;
;                            ;             ;
; Average used               ; 1.00        ;
; Maximum used               ; 2           ;
;                            ;             ;
; Usage by Processor         ; % Time Used ;
;     Processor 1            ; 100.0%      ;
;     Processor 2            ;   0.0%      ;
+----------------------------+-------------+


+--------------------------------------------------------------------------------------------------------------------------------------------------+
; Analysis & Synthesis Source Files Read                                                                                                           ;
+----------------------------------+-----------------+------------------------------+----------------------------------------------------+---------+
; File Name with User-Entered Path ; Used in Netlist ; File Type                    ; File Name with Absolute Path                       ; Library ;
+----------------------------------+-----------------+------------------------------+----------------------------------------------------+---------+
; matrix_storage.sv                ; yes             ; User SystemVerilog HDL File  ; G:/neural-burning/matrix_storage/matrix_storage.sv ;         ;
+----------------------------------+-----------------+------------------------------+----------------------------------------------------+---------+


+---------------------------------------------------------+
; Analysis & Synthesis Resource Usage Summary             ;
+---------------------------------------------+-----------+
; Resource                                    ; Usage     ;
+---------------------------------------------+-----------+
; Estimate of Logic utilization (ALMs needed) ; 488       ;
;                                             ;           ;
; Combinational ALUT usage for logic          ; 325       ;
;     -- 7 input functions                    ; 0         ;
;     -- 6 input functions                    ; 215       ;
;     -- 5 input functions                    ; 5         ;
;     -- 4 input functions                    ; 98        ;
;     -- <=3 input functions                  ; 7         ;
;                                             ;           ;
; Dedicated logic registers                   ; 720       ;
;                                             ;           ;
; I/O pins                                    ; 227       ;
;                                             ;           ;
; Total DSP Blocks                            ; 0         ;
;                                             ;           ;
; Maximum fan-out node                        ; clk~input ;
; Maximum fan-out                             ; 720       ;
; Total fan-out                               ; 4162      ;
; Average fan-out                             ; 2.78      ;
+---------------------------------------------+-----------+


+-------------------------------------------------------------------------------------------------------------------------------------------------------------------------------------------+
; Analysis & Synthesis Resource Utilization by Entity                                                                                                                                       ;
+----------------------------+---------------------+---------------------------+-------------------+------------+------+--------------+---------------------+----------------+--------------+
; Compilation Hierarchy Node ; Combinational ALUTs ; Dedicated Logic Registers ; Block Memory Bits ; DSP Blocks ; Pins ; Virtual Pins ; Full Hierarchy Name ; Entity Name    ; Library Name ;
+----------------------------+---------------------+---------------------------+-------------------+------------+------+--------------+---------------------+----------------+--------------+
; |matrix_storage            ; 325 (325)           ; 720 (720)                 ; 0                 ; 0          ; 227  ; 0            ; |matrix_storage     ; matrix_storage ; work         ;
+----------------------------+---------------------+---------------------------+-------------------+------------+------+--------------+---------------------+----------------+--------------+
Note: For table entries with two numbers listed, the numbers in parentheses indicate the number of resources of the given type used by the specific entity alone. The numbers listed outside of parentheses indicate the total resources of the given type used by the specific entity and all of its sub-entities in the hierarchy.


+------------------------------------------------------+
; General Register Statistics                          ;
+----------------------------------------------+-------+
; Statistic                                    ; Value ;
+----------------------------------------------+-------+
; Total registers                              ; 720   ;
; Number of registers using Synchronous Clear  ; 0     ;
; Number of registers using Synchronous Load   ; 0     ;
; Number of registers using Asynchronous Clear ; 0     ;
; Number of registers using Asynchronous Load  ; 0     ;
; Number of registers using Clock Enable       ; 720   ;
; Number of registers using Preset             ; 0     ;
+----------------------------------------------+-------+


+------------------------------------------------------------------------------------------------------------------------------------------+
; Multiplexer Restructuring Statistics (Restructuring Performed)                                                                           ;
+--------------------+-----------+---------------+----------------------+------------------------+------------+----------------------------+
; Multiplexer Inputs ; Bus Width ; Baseline Area ; Area if Restructured ; Saving if Restructured ; Registered ; Example Multiplexer Output ;
+--------------------+-----------+---------------+----------------------+------------------------+------------+----------------------------+
; 25:1               ; 48 bits   ; 768 LEs       ; 672 LEs              ; 96 LEs                 ; No         ; |matrix_storage|Mux191     ;
+--------------------+-----------+---------------+----------------------+------------------------+------------+----------------------------+


+--------------------------------------------------------------------------------+
; Parameter Settings for User Entity Instance: Top-level Entity: |matrix_storage ;
+----------------+-------+-------------------------------------------------------+
; Parameter Name ; Value ; Type                                                  ;
+----------------+-------+-------------------------------------------------------+
; size           ; 3     ; Signed Integer                                        ;
; data_size      ; 16    ; Signed Integer                                        ;
; max_layer      ; 5     ; Signed Integer                                        ;
+----------------+-------+-------------------------------------------------------+
Note: In order to hide this table in the UI and the text report file, please set the "Show Parameter Settings in Synthesis Report" option in "Analysis and Synthesis Settings -> More Settings" to "Off".


+-----------------------------------------------------+
; Post-Synthesis Netlist Statistics for Top Partition ;
+-----------------------+-----------------------------+
; Type                  ; Count                       ;
+-----------------------+-----------------------------+
; arriav_ff             ; 720                         ;
;     ENA               ; 720                         ;
; arriav_lcell_comb     ; 325                         ;
;     normal            ; 325                         ;
;         2 data inputs ; 1                           ;
;         3 data inputs ; 6                           ;
;         4 data inputs ; 98                          ;
;         5 data inputs ; 5                           ;
;         6 data inputs ; 215                         ;
; boundary_port         ; 227                         ;
;                       ;                             ;
; Max LUT depth         ; 3.00                        ;
; Average LUT depth     ; 2.48                        ;
+-----------------------+-----------------------------+


+-------------------------------+
; Elapsed Time Per Partition    ;
+----------------+--------------+
; Partition Name ; Elapsed Time ;
+----------------+--------------+
; Top            ; 00:00:00     ;
+----------------+--------------+


+-------------------------------+
; Analysis & Synthesis Messages ;
+-------------------------------+
Info: *******************************************************************
Info: Running Quartus Prime Analysis & Synthesis
    Info: Version 20.1.0 Build 711 06/05/2020 SJ Lite Edition
    Info: Processing started: Fri Dec 25 23:52:45 2020
Info: Command: quartus_map --read_settings_files=on --write_settings_files=off matrix_storage -c matrix_storage
Warning (18236): Number of processors has not been specified which may cause overloading on shared machines.  Set the global assignment NUM_PARALLEL_PROCESSORS in your QSF to an appropriate value for best performance.
Info (20030): Parallel compilation is enabled and will use 6 of the 6 processors detected
Info (12021): Found 1 design units, including 1 entities, in source file matrix_storage.sv
    Info (12023): Found entity 1: matrix_storage File: G:/neural-burning/matrix_storage/matrix_storage.sv Line: 1
Info (12127): Elaborating entity "matrix_storage" for the top level hierarchy
Info (10008): Verilog HDL or VHDL information: EDA Netlist Writer cannot regroup multidimensional array "storage" into its bus
Info (286030): Timing-Driven Synthesis is running
Info (16010): Generating hard_block partition "hard_block:auto_generated_inst"
    Info (16011): Adding 0 node(s), including 0 DDIO, 0 PLL, 0 transceiver and 0 LCELL
Warning (21074): Design contains 61 input pin(s) that do not drive logic
    Warning (15610): No output dependent on input pin "is_write" File: G:/neural-burning/matrix_storage/matrix_storage.sv Line: 19
    Warning (15610): No output dependent on input pin "read_layer_index[3]" File: G:/neural-burning/matrix_storage/matrix_storage.sv Line: 20
    Warning (15610): No output dependent on input pin "read_layer_index[4]" File: G:/neural-burning/matrix_storage/matrix_storage.sv Line: 20
    Warning (15610): No output dependent on input pin "read_layer_index[5]" File: G:/neural-burning/matrix_storage/matrix_storage.sv Line: 20
    Warning (15610): No output dependent on input pin "read_layer_index[6]" File: G:/neural-burning/matrix_storage/matrix_storage.sv Line: 20
    Warning (15610): No output dependent on input pin "read_layer_index[7]" File: G:/neural-burning/matrix_storage/matrix_storage.sv Line: 20
    Warning (15610): No output dependent on input pin "read_layer_index[8]" File: G:/neural-burning/matrix_storage/matrix_storage.sv Line: 20
    Warning (15610): No output dependent on input pin "read_layer_index[9]" File: G:/neural-burning/matrix_storage/matrix_storage.sv Line: 20
    Warning (15610): No output dependent on input pin "read_layer_index[10]" File: G:/neural-burning/matrix_storage/matrix_storage.sv Line: 20
    Warning (15610): No output dependent on input pin "read_layer_index[11]" File: G:/neural-burning/matrix_storage/matrix_storage.sv Line: 20
    Warning (15610): No output dependent on input pin "read_layer_index[12]" File: G:/neural-burning/matrix_storage/matrix_storage.sv Line: 20
    Warning (15610): No output dependent on input pin "read_layer_index[13]" File: G:/neural-burning/matrix_storage/matrix_storage.sv Line: 20
    Warning (15610): No output dependent on input pin "read_layer_index[14]" File: G:/neural-burning/matrix_storage/matrix_storage.sv Line: 20
    Warning (15610): No output dependent on input pin "read_layer_index[15]" File: G:/neural-burning/matrix_storage/matrix_storage.sv Line: 20
    Warning (15610): No output dependent on input pin "read_layer_index[16]" File: G:/neural-burning/matrix_storage/matrix_storage.sv Line: 20
    Warning (15610): No output dependent on input pin "read_layer_index[17]" File: G:/neural-burning/matrix_storage/matrix_storage.sv Line: 20
    Warning (15610): No output dependent on input pin "read_layer_index[18]" File: G:/neural-burning/matrix_storage/matrix_storage.sv Line: 20
    Warning (15610): No output dependent on input pin "read_layer_index[19]" File: G:/neural-burning/matrix_storage/matrix_storage.sv Line: 20
    Warning (15610): No output dependent on input pin "read_layer_index[20]" File: G:/neural-burning/matrix_storage/matrix_storage.sv Line: 20
    Warning (15610): No output dependent on input pin "read_layer_index[21]" File: G:/neural-burning/matrix_storage/matrix_storage.sv Line: 20
    Warning (15610): No output dependent on input pin "read_layer_index[22]" File: G:/neural-burning/matrix_storage/matrix_storage.sv Line: 20
    Warning (15610): No output dependent on input pin "read_layer_index[23]" File: G:/neural-burning/matrix_storage/matrix_storage.sv Line: 20
    Warning (15610): No output dependent on input pin "read_layer_index[24]" File: G:/neural-burning/matrix_storage/matrix_storage.sv Line: 20
    Warning (15610): No output dependent on input pin "read_layer_index[25]" File: G:/neural-burning/matrix_storage/matrix_storage.sv Line: 20
    Warning (15610): No output dependent on input pin "read_layer_index[26]" File: G:/neural-burning/matrix_storage/matrix_storage.sv Line: 20
    Warning (15610): No output dependent on input pin "read_layer_index[27]" File: G:/neural-burning/matrix_storage/matrix_storage.sv Line: 20
    Warning (15610): No output dependent on input pin "read_layer_index[28]" File: G:/neural-burning/matrix_storage/matrix_storage.sv Line: 20
    Warning (15610): No output dependent on input pin "read_layer_index[29]" File: G:/neural-burning/matrix_storage/matrix_storage.sv Line: 20
    Warning (15610): No output dependent on input pin "read_layer_index[30]" File: G:/neural-burning/matrix_storage/matrix_storage.sv Line: 20
    Warning (15610): No output dependent on input pin "read_layer_index[31]" File: G:/neural-burning/matrix_storage/matrix_storage.sv Line: 20
    Warning (15610): No output dependent on input pin "read_row_index[2]" File: G:/neural-burning/matrix_storage/matrix_storage.sv Line: 21
    Warning (15610): No output dependent on input pin "read_row_index[3]" File: G:/neural-burning/matrix_storage/matrix_storage.sv Line: 21
    Warning (15610): No output dependent on input pin "read_row_index[4]" File: G:/neural-burning/matrix_storage/matrix_storage.sv Line: 21
    Warning (15610): No output dependent on input pin "read_row_index[5]" File: G:/neural-burning/matrix_storage/matrix_storage.sv Line: 21
    Warning (15610): No output dependent on input pin "read_row_index[6]" File: G:/neural-burning/matrix_storage/matrix_storage.sv Line: 21
    Warning (15610): No output dependent on input pin "read_row_index[7]" File: G:/neural-burning/matrix_storage/matrix_storage.sv Line: 21
    Warning (15610): No output dependent on input pin "read_row_index[8]" File: G:/neural-burning/matrix_storage/matrix_storage.sv Line: 21
    Warning (15610): No output dependent on input pin "read_row_index[9]" File: G:/neural-burning/matrix_storage/matrix_storage.sv Line: 21
    Warning (15610): No output dependent on input pin "read_row_index[10]" File: G:/neural-burning/matrix_storage/matrix_storage.sv Line: 21
    Warning (15610): No output dependent on input pin "read_row_index[11]" File: G:/neural-burning/matrix_storage/matrix_storage.sv Line: 21
    Warning (15610): No output dependent on input pin "read_row_index[12]" File: G:/neural-burning/matrix_storage/matrix_storage.sv Line: 21
    Warning (15610): No output dependent on input pin "read_row_index[13]" File: G:/neural-burning/matrix_storage/matrix_storage.sv Line: 21
    Warning (15610): No output dependent on input pin "read_row_index[14]" File: G:/neural-burning/matrix_storage/matrix_storage.sv Line: 21
    Warning (15610): No output dependent on input pin "read_row_index[15]" File: G:/neural-burning/matrix_storage/matrix_storage.sv Line: 21
    Warning (15610): No output dependent on input pin "read_row_index[16]" File: G:/neural-burning/matrix_storage/matrix_storage.sv Line: 21
    Warning (15610): No output dependent on input pin "read_row_index[17]" File: G:/neural-burning/matrix_storage/matrix_storage.sv Line: 21
    Warning (15610): No output dependent on input pin "read_row_index[18]" File: G:/neural-burning/matrix_storage/matrix_storage.sv Line: 21
    Warning (15610): No output dependent on input pin "read_row_index[19]" File: G:/neural-burning/matrix_storage/matrix_storage.sv Line: 21
    Warning (15610): No output dependent on input pin "read_row_index[20]" File: G:/neural-burning/matrix_storage/matrix_storage.sv Line: 21
    Warning (15610): No output dependent on input pin "read_row_index[21]" File: G:/neural-burning/matrix_storage/matrix_storage.sv Line: 21
    Warning (15610): No output dependent on input pin "read_row_index[22]" File: G:/neural-burning/matrix_storage/matrix_storage.sv Line: 21
    Warning (15610): No output dependent on input pin "read_row_index[23]" File: G:/neural-burning/matrix_storage/matrix_storage.sv Line: 21
    Warning (15610): No output dependent on input pin "read_row_index[24]" File: G:/neural-burning/matrix_storage/matrix_storage.sv Line: 21
    Warning (15610): No output dependent on input pin "read_row_index[25]" File: G:/neural-burning/matrix_storage/matrix_storage.sv Line: 21
    Warning (15610): No output dependent on input pin "read_row_index[26]" File: G:/neural-burning/matrix_storage/matrix_storage.sv Line: 21
    Warning (15610): No output dependent on input pin "read_row_index[27]" File: G:/neural-burning/matrix_storage/matrix_storage.sv Line: 21
    Warning (15610): No output dependent on input pin "read_row_index[28]" File: G:/neural-burning/matrix_storage/matrix_storage.sv Line: 21
    Warning (15610): No output dependent on input pin "read_row_index[29]" File: G:/neural-burning/matrix_storage/matrix_storage.sv Line: 21
    Warning (15610): No output dependent on input pin "read_row_index[30]" File: G:/neural-burning/matrix_storage/matrix_storage.sv Line: 21
    Warning (15610): No output dependent on input pin "read_row_index[31]" File: G:/neural-burning/matrix_storage/matrix_storage.sv Line: 21
    Warning (15610): No output dependent on input pin "is_read" File: G:/neural-burning/matrix_storage/matrix_storage.sv Line: 22
Info (21057): Implemented 1272 device resources after synthesis - the final resource count might be different
    Info (21058): Implemented 179 input pins
    Info (21059): Implemented 48 output pins
    Info (21061): Implemented 1045 logic cells
Info: Quartus Prime Analysis & Synthesis was successful. 0 errors, 63 warnings
    Info: Peak virtual memory: 4825 megabytes
    Info: Processing ended: Fri Dec 25 23:52:53 2020
    Info: Elapsed time: 00:00:08
    Info: Total CPU time (on all processors): 00:00:16


