Analysis & Synthesis report for backprop_stack
Sat Mar 20 03:02:27 2021
Quartus Prime Version 20.1.0 Build 711 06/05/2020 Patches 0.01std SJ Lite Edition


---------------------
; Table of Contents ;
---------------------
  1. Legal Notice
  2. Analysis & Synthesis Summary
  3. Analysis & Synthesis Settings
  4. Parallel Compilation
  5. Analysis & Synthesis Source Files Read
  6. Analysis & Synthesis Resource Usage Summary
  7. Analysis & Synthesis Resource Utilization by Entity
  8. Analysis & Synthesis DSP Block Usage Summary
  9. General Register Statistics
 10. Parameter Settings for User Entity Instance: Top-level Entity: |z_to_z_calculator
 11. Parameter Settings for User Entity Instance: mult_matrix_prep:mult_z_to_z_matrix_prep_inst
 12. Post-Synthesis Netlist Statistics for Top Partition
 13. Elapsed Time Per Partition
 14. Analysis & Synthesis Messages



----------------
; Legal Notice ;
----------------
Copyright (C) 2020  Intel Corporation. All rights reserved.
Your use of Intel Corporation's design tools, logic functions 
and other software and tools, and any partner logic 
functions, and any output files from any of the foregoing 
(including device programming or simulation files), and any 
associated documentation or information are expressly subject 
to the terms and conditions of the Intel Program License 
Subscription Agreement, the Intel Quartus Prime License Agreement,
the Intel FPGA IP License Agreement, or other applicable license
agreement, including, without limitation, that your use is for
the sole purpose of programming logic devices manufactured by
Intel and sold by Intel or its authorized distributors.  Please
refer to the applicable agreement for further details, at
https://fpgasoftware.intel.com/eula.



+-----------------------------------------------------------------------------------------------+
; Analysis & Synthesis Summary                                                                  ;
+---------------------------------+-------------------------------------------------------------+
; Analysis & Synthesis Status     ; Successful - Sat Mar 20 03:02:27 2021                       ;
; Quartus Prime Version           ; 20.1.0 Build 711 06/05/2020 Patches 0.01std SJ Lite Edition ;
; Revision Name                   ; backprop_stack                                              ;
; Top-level Entity Name           ; z_to_z_calculator                                           ;
; Family                          ; Cyclone V                                                   ;
; Logic utilization (in ALMs)     ; N/A                                                         ;
; Total registers                 ; 96                                                          ;
; Total pins                      ; 195                                                         ;
; Total virtual pins              ; 0                                                           ;
; Total block memory bits         ; 0                                                           ;
; Total DSP Blocks                ; 3                                                           ;
; Total HSSI RX PCSs              ; 0                                                           ;
; Total HSSI PMA RX Deserializers ; 0                                                           ;
; Total HSSI TX PCSs              ; 0                                                           ;
; Total HSSI PMA TX Serializers   ; 0                                                           ;
; Total PLLs                      ; 0                                                           ;
; Total DLLs                      ; 0                                                           ;
+---------------------------------+-------------------------------------------------------------+


+---------------------------------------------------------------------------------------------------------------------------+
; Analysis & Synthesis Settings                                                                                             ;
+---------------------------------------------------------------------------------+--------------------+--------------------+
; Option                                                                          ; Setting            ; Default Value      ;
+---------------------------------------------------------------------------------+--------------------+--------------------+
; Device                                                                          ; 5CSEMA6F31C6       ;                    ;
; Top-level entity name                                                           ; z_to_z_calculator  ; backprop_stack     ;
; Family name                                                                     ; Cyclone V          ; Cyclone V          ;
; Verilog Show LMF Mapping Messages                                               ; Off                ;                    ;
; Verilog Version                                                                 ; SystemVerilog_2005 ; Verilog_2001       ;
; Use smart compilation                                                           ; Off                ; Off                ;
; Enable parallel Assembler and Timing Analyzer during compilation                ; On                 ; On                 ;
; Enable compact report table                                                     ; Off                ; Off                ;
; Restructure Multiplexers                                                        ; Auto               ; Auto               ;
; MLAB Add Timing Constraints For Mixed-Port Feed-Through Mode Setting Don't Care ; Off                ; Off                ;
; Create Debugging Nodes for IP Cores                                             ; Off                ; Off                ;
; Preserve fewer node names                                                       ; On                 ; On                 ;
; Intel FPGA IP Evaluation Mode                                                   ; Enable             ; Enable             ;
; VHDL Version                                                                    ; VHDL_1993          ; VHDL_1993          ;
; State Machine Processing                                                        ; Auto               ; Auto               ;
; Safe State Machine                                                              ; Off                ; Off                ;
; Extract Verilog State Machines                                                  ; On                 ; On                 ;
; Extract VHDL State Machines                                                     ; On                 ; On                 ;
; Ignore Verilog initial constructs                                               ; Off                ; Off                ;
; Iteration limit for constant Verilog loops                                      ; 5000               ; 5000               ;
; Iteration limit for non-constant Verilog loops                                  ; 250                ; 250                ;
; Add Pass-Through Logic to Inferred RAMs                                         ; On                 ; On                 ;
; Infer RAMs from Raw Logic                                                       ; On                 ; On                 ;
; Parallel Synthesis                                                              ; On                 ; On                 ;
; DSP Block Balancing                                                             ; Auto               ; Auto               ;
; NOT Gate Push-Back                                                              ; On                 ; On                 ;
; Power-Up Don't Care                                                             ; On                 ; On                 ;
; Remove Redundant Logic Cells                                                    ; Off                ; Off                ;
; Remove Duplicate Registers                                                      ; On                 ; On                 ;
; Ignore CARRY Buffers                                                            ; Off                ; Off                ;
; Ignore CASCADE Buffers                                                          ; Off                ; Off                ;
; Ignore GLOBAL Buffers                                                           ; Off                ; Off                ;
; Ignore ROW GLOBAL Buffers                                                       ; Off                ; Off                ;
; Ignore LCELL Buffers                                                            ; Off                ; Off                ;
; Ignore SOFT Buffers                                                             ; On                 ; On                 ;
; Limit AHDL Integers to 32 Bits                                                  ; Off                ; Off                ;
; Optimization Technique                                                          ; Balanced           ; Balanced           ;
; Carry Chain Length                                                              ; 70                 ; 70                 ;
; Auto Carry Chains                                                               ; On                 ; On                 ;
; Auto Open-Drain Pins                                                            ; On                 ; On                 ;
; Perform WYSIWYG Primitive Resynthesis                                           ; Off                ; Off                ;
; Auto ROM Replacement                                                            ; On                 ; On                 ;
; Auto RAM Replacement                                                            ; On                 ; On                 ;
; Auto DSP Block Replacement                                                      ; On                 ; On                 ;
; Auto Shift Register Replacement                                                 ; Auto               ; Auto               ;
; Allow Shift Register Merging across Hierarchies                                 ; Auto               ; Auto               ;
; Auto Clock Enable Replacement                                                   ; On                 ; On                 ;
; Strict RAM Replacement                                                          ; Off                ; Off                ;
; Allow Synchronous Control Signals                                               ; On                 ; On                 ;
; Force Use of Synchronous Clear Signals                                          ; Off                ; Off                ;
; Auto Resource Sharing                                                           ; Off                ; Off                ;
; Allow Any RAM Size For Recognition                                              ; Off                ; Off                ;
; Allow Any ROM Size For Recognition                                              ; Off                ; Off                ;
; Allow Any Shift Register Size For Recognition                                   ; Off                ; Off                ;
; Use LogicLock Constraints during Resource Balancing                             ; On                 ; On                 ;
; Ignore translate_off and synthesis_off directives                               ; Off                ; Off                ;
; Timing-Driven Synthesis                                                         ; On                 ; On                 ;
; Report Parameter Settings                                                       ; On                 ; On                 ;
; Report Source Assignments                                                       ; On                 ; On                 ;
; Report Connectivity Checks                                                      ; On                 ; On                 ;
; Ignore Maximum Fan-Out Assignments                                              ; Off                ; Off                ;
; Synchronization Register Chain Length                                           ; 3                  ; 3                  ;
; Power Optimization During Synthesis                                             ; Normal compilation ; Normal compilation ;
; HDL message level                                                               ; Level2             ; Level2             ;
; Suppress Register Optimization Related Messages                                 ; Off                ; Off                ;
; Number of Removed Registers Reported in Synthesis Report                        ; 5000               ; 5000               ;
; Number of Swept Nodes Reported in Synthesis Report                              ; 5000               ; 5000               ;
; Number of Inverted Registers Reported in Synthesis Report                       ; 100                ; 100                ;
; Clock MUX Protection                                                            ; On                 ; On                 ;
; Auto Gated Clock Conversion                                                     ; Off                ; Off                ;
; Block Design Naming                                                             ; Auto               ; Auto               ;
; SDC constraint protection                                                       ; Off                ; Off                ;
; Synthesis Effort                                                                ; Auto               ; Auto               ;
; Shift Register Replacement - Allow Asynchronous Clear Signal                    ; On                 ; On                 ;
; Pre-Mapping Resynthesis Optimization                                            ; Off                ; Off                ;
; Analysis & Synthesis Message Level                                              ; Medium             ; Medium             ;
; Disable Register Merging Across Hierarchies                                     ; Auto               ; Auto               ;
; Resource Aware Inference For Block RAM                                          ; On                 ; On                 ;
; Automatic Parallel Synthesis                                                    ; On                 ; On                 ;
; Partial Reconfiguration Bitstream ID                                            ; Off                ; Off                ;
+---------------------------------------------------------------------------------+--------------------+--------------------+


+------------------------------------------+
; Parallel Compilation                     ;
+----------------------------+-------------+
; Processors                 ; Number      ;
+----------------------------+-------------+
; Number detected on machine ; 6           ;
; Maximum allowed            ; 6           ;
;                            ;             ;
; Average used               ; 1.00        ;
; Maximum used               ; 6           ;
;                            ;             ;
; Usage by Processor         ; % Time Used ;
;     Processor 1            ; 100.0%      ;
;     Processors 2-6         ;   0.0%      ;
+----------------------------+-------------+


+-------------------------------------------------------------------------------------------------------------------------------------------------------------+
; Analysis & Synthesis Source Files Read                                                                                                                      ;
+-----------------------------------------+-----------------+------------------------------+--------------------------------------------------------+---------+
; File Name with User-Entered Path        ; Used in Netlist ; File Type                    ; File Name with Absolute Path                           ; Library ;
+-----------------------------------------+-----------------+------------------------------+--------------------------------------------------------+---------+
; ../mult_matrix_prep/mult_matrix_prep.sv ; yes             ; User SystemVerilog HDL File  ; G:/neural-burning/mult_matrix_prep/mult_matrix_prep.sv ;         ;
; z_to_z_calculator.sv                    ; yes             ; User SystemVerilog HDL File  ; G:/neural-burning/backprop_stack/z_to_z_calculator.sv  ;         ;
; ../general_data_operator/src/gdo.sv     ; yes             ; User SystemVerilog HDL File  ; G:/neural-burning/general_data_operator/src/gdo.sv     ;         ;
+-----------------------------------------+-----------------+------------------------------+--------------------------------------------------------+---------+


+---------------------------------------------------------+
; Analysis & Synthesis Resource Usage Summary             ;
+---------------------------------------------+-----------+
; Resource                                    ; Usage     ;
+---------------------------------------------+-----------+
; Estimate of Logic utilization (ALMs needed) ; 56        ;
;                                             ;           ;
; Combinational ALUT usage for logic          ; 48        ;
;     -- 7 input functions                    ; 0         ;
;     -- 6 input functions                    ; 0         ;
;     -- 5 input functions                    ; 0         ;
;     -- 4 input functions                    ; 0         ;
;     -- <=3 input functions                  ; 48        ;
;                                             ;           ;
; Dedicated logic registers                   ; 96        ;
;                                             ;           ;
; I/O pins                                    ; 195       ;
;                                             ;           ;
; Total DSP Blocks                            ; 3         ;
;                                             ;           ;
; Maximum fan-out node                        ; clk~input ;
; Maximum fan-out                             ; 96        ;
; Total fan-out                               ; 723       ;
; Average fan-out                             ; 1.35      ;
+---------------------------------------------+-----------+


+-------------------------------------------------------------------------------------------------------------------------------------------------------------------------------------------------------------------------------------------------------------------+
; Analysis & Synthesis Resource Utilization by Entity                                                                                                                                                                                                               ;
+----------------------------------------------------+---------------------+---------------------------+-------------------+------------+------+--------------+------------------------------------------------------------------+-------------------+--------------+
; Compilation Hierarchy Node                         ; Combinational ALUTs ; Dedicated Logic Registers ; Block Memory Bits ; DSP Blocks ; Pins ; Virtual Pins ; Full Hierarchy Name                                              ; Entity Name       ; Library Name ;
+----------------------------------------------------+---------------------+---------------------------+-------------------+------------+------+--------------+------------------------------------------------------------------+-------------------+--------------+
; |z_to_z_calculator                                 ; 48 (48)             ; 96 (48)                   ; 0                 ; 3          ; 195  ; 0            ; |z_to_z_calculator                                               ; z_to_z_calculator ; work         ;
;    |mult_matrix_prep:mult_z_to_z_matrix_prep_inst| ; 0 (0)               ; 48 (48)                   ; 0                 ; 0          ; 0    ; 0            ; |z_to_z_calculator|mult_matrix_prep:mult_z_to_z_matrix_prep_inst ; mult_matrix_prep  ; work         ;
+----------------------------------------------------+---------------------+---------------------------+-------------------+------------+------+--------------+------------------------------------------------------------------+-------------------+--------------+
Note: For table entries with two numbers listed, the numbers in parentheses indicate the number of resources of the given type used by the specific entity alone. The numbers listed outside of parentheses indicate the total resources of the given type used by the specific entity and all of its sub-entities in the hierarchy.


+----------------------------------------------+
; Analysis & Synthesis DSP Block Usage Summary ;
+-------------------------------+--------------+
; Statistic                     ; Number Used  ;
+-------------------------------+--------------+
; Two Independent 18x18         ; 3            ;
; Total number of DSP blocks    ; 3            ;
;                               ;              ;
; Fixed Point Signed Multiplier ; 3            ;
+-------------------------------+--------------+


+------------------------------------------------------+
; General Register Statistics                          ;
+----------------------------------------------+-------+
; Statistic                                    ; Value ;
+----------------------------------------------+-------+
; Total registers                              ; 96    ;
; Number of registers using Synchronous Clear  ; 0     ;
; Number of registers using Synchronous Load   ; 0     ;
; Number of registers using Asynchronous Clear ; 0     ;
; Number of registers using Asynchronous Load  ; 0     ;
; Number of registers using Clock Enable       ; 48    ;
; Number of registers using Preset             ; 0     ;
+----------------------------------------------+-------+


+-----------------------------------------------------------------------------------+
; Parameter Settings for User Entity Instance: Top-level Entity: |z_to_z_calculator ;
+----------------+-------+----------------------------------------------------------+
; Parameter Name ; Value ; Type                                                     ;
+----------------+-------+----------------------------------------------------------+
; data_size      ; 16    ; Signed Integer                                           ;
; size           ; 3     ; Signed Integer                                           ;
+----------------+-------+----------------------------------------------------------+
Note: In order to hide this table in the UI and the text report file, please set the "Show Parameter Settings in Synthesis Report" option in "Analysis and Synthesis Settings -> More Settings" to "Off".


+--------------------------------------------------------------------------------------------+
; Parameter Settings for User Entity Instance: mult_matrix_prep:mult_z_to_z_matrix_prep_inst ;
+----------------+-------+-------------------------------------------------------------------+
; Parameter Name ; Value ; Type                                                              ;
+----------------+-------+-------------------------------------------------------------------+
; data_size      ; 16    ; Signed Integer                                                    ;
; size           ; 3     ; Signed Integer                                                    ;
+----------------+-------+-------------------------------------------------------------------+
Note: In order to hide this table in the UI and the text report file, please set the "Show Parameter Settings in Synthesis Report" option in "Analysis and Synthesis Settings -> More Settings" to "Off".


+-----------------------------------------------------+
; Post-Synthesis Netlist Statistics for Top Partition ;
+-----------------------+-----------------------------+
; Type                  ; Count                       ;
+-----------------------+-----------------------------+
; arriav_ff             ; 96                          ;
;     ENA               ; 48                          ;
;     plain             ; 48                          ;
; arriav_lcell_comb     ; 48                          ;
;     normal            ; 48                          ;
;         3 data inputs ; 48                          ;
; arriav_mac            ; 3                           ;
; boundary_port         ; 195                         ;
;                       ;                             ;
; Max LUT depth         ; 1.00                        ;
; Average LUT depth     ; 0.50                        ;
+-----------------------+-----------------------------+


+-------------------------------+
; Elapsed Time Per Partition    ;
+----------------+--------------+
; Partition Name ; Elapsed Time ;
+----------------+--------------+
; Top            ; 00:00:00     ;
+----------------+--------------+


+-------------------------------+
; Analysis & Synthesis Messages ;
+-------------------------------+
Info: *******************************************************************
Info: Running Quartus Prime Analysis & Synthesis
    Info: Version 20.1.0 Build 711 06/05/2020 Patches 0.01std SJ Lite Edition
    Info: Processing started: Sat Mar 20 03:02:18 2021
Info: Command: quartus_map --read_settings_files=on --write_settings_files=off backprop_stack -c backprop_stack
Warning (18236): Number of processors has not been specified which may cause overloading on shared machines.  Set the global assignment NUM_PARALLEL_PROCESSORS in your QSF to an appropriate value for best performance.
Info (20030): Parallel compilation is enabled and will use 6 of the 6 processors detected
Info (12021): Found 1 design units, including 1 entities, in source file /neural-burning/mult_matrix_revert/mult_matrix_revert.sv
    Info (12023): Found entity 1: mult_matrix_revert File: G:/neural-burning/mult_matrix_revert/mult_matrix_revert.sv Line: 1
Info (12021): Found 1 design units, including 1 entities, in source file /neural-burning/register_delay/delay.sv
    Info (12023): Found entity 1: delay File: G:/neural-burning/register_delay/delay.sv Line: 1
Info (12021): Found 1 design units, including 1 entities, in source file start_store.sv
    Info (12023): Found entity 1: start_store File: G:/neural-burning/backprop_stack/start_store.sv Line: 1
Info (12021): Found 1 design units, including 1 entities, in source file systolic_array.sv
    Info (12023): Found entity 1: systolic_array File: G:/neural-burning/backprop_stack/systolic_array.sv Line: 1
Info (12021): Found 1 design units, including 1 entities, in source file continuous_systolic.sv
    Info (12023): Found entity 1: continuous_systolic File: G:/neural-burning/backprop_stack/continuous_systolic.sv Line: 1
Info (12021): Found 1 design units, including 1 entities, in source file /neural-burning/mult_matrix_prep/mult_matrix_prep.sv
    Info (12023): Found entity 1: mult_matrix_prep File: G:/neural-burning/mult_matrix_prep/mult_matrix_prep.sv Line: 1
Info (12021): Found 1 design units, including 1 entities, in source file z_to_z_calculator.sv
    Info (12023): Found entity 1: z_to_z_calculator File: G:/neural-burning/backprop_stack/z_to_z_calculator.sv Line: 1
Info (12021): Found 1 design units, including 0 entities, in source file /neural-burning/general_data_operator/src/gdo.sv
    Info (12022): Found design unit 1: gdo (SystemVerilog) File: G:/neural-burning/general_data_operator/src/gdo.sv Line: 2
Info (12021): Found 1 design units, including 1 entities, in source file backprop_stack.sv
    Info (12023): Found entity 1: backprop_stack File: G:/neural-burning/backprop_stack/backprop_stack.sv Line: 1
Info (12127): Elaborating entity "z_to_z_calculator" for the top level hierarchy
Info (12128): Elaborating entity "mult_matrix_prep" for hierarchy "mult_matrix_prep:mult_z_to_z_matrix_prep_inst" File: G:/neural-burning/backprop_stack/z_to_z_calculator.sv Line: 79
Info (10008): Verilog HDL or VHDL information: EDA Netlist Writer cannot regroup multidimensional array "buffer" into its bus
Info (286030): Timing-Driven Synthesis is running
Info (16010): Generating hard_block partition "hard_block:auto_generated_inst"
    Info (16011): Adding 0 node(s), including 0 DDIO, 0 PLL, 0 transceiver and 0 LCELL
Warning (21074): Design contains 49 input pin(s) that do not drive logic
    Warning (15610): No output dependent on input pin "diff_cost[0]" File: G:/neural-burning/backprop_stack/z_to_z_calculator.sv Line: 18
    Warning (15610): No output dependent on input pin "diff_cost[1]" File: G:/neural-burning/backprop_stack/z_to_z_calculator.sv Line: 18
    Warning (15610): No output dependent on input pin "diff_cost[2]" File: G:/neural-burning/backprop_stack/z_to_z_calculator.sv Line: 18
    Warning (15610): No output dependent on input pin "diff_cost[3]" File: G:/neural-burning/backprop_stack/z_to_z_calculator.sv Line: 18
    Warning (15610): No output dependent on input pin "diff_cost[4]" File: G:/neural-burning/backprop_stack/z_to_z_calculator.sv Line: 18
    Warning (15610): No output dependent on input pin "diff_cost[5]" File: G:/neural-burning/backprop_stack/z_to_z_calculator.sv Line: 18
    Warning (15610): No output dependent on input pin "diff_cost[6]" File: G:/neural-burning/backprop_stack/z_to_z_calculator.sv Line: 18
    Warning (15610): No output dependent on input pin "diff_cost[7]" File: G:/neural-burning/backprop_stack/z_to_z_calculator.sv Line: 18
    Warning (15610): No output dependent on input pin "diff_cost[8]" File: G:/neural-burning/backprop_stack/z_to_z_calculator.sv Line: 18
    Warning (15610): No output dependent on input pin "diff_cost[9]" File: G:/neural-burning/backprop_stack/z_to_z_calculator.sv Line: 18
    Warning (15610): No output dependent on input pin "diff_cost[10]" File: G:/neural-burning/backprop_stack/z_to_z_calculator.sv Line: 18
    Warning (15610): No output dependent on input pin "diff_cost[11]" File: G:/neural-burning/backprop_stack/z_to_z_calculator.sv Line: 18
    Warning (15610): No output dependent on input pin "diff_cost[12]" File: G:/neural-burning/backprop_stack/z_to_z_calculator.sv Line: 18
    Warning (15610): No output dependent on input pin "diff_cost[13]" File: G:/neural-burning/backprop_stack/z_to_z_calculator.sv Line: 18
    Warning (15610): No output dependent on input pin "diff_cost[14]" File: G:/neural-burning/backprop_stack/z_to_z_calculator.sv Line: 18
    Warning (15610): No output dependent on input pin "diff_cost[15]" File: G:/neural-burning/backprop_stack/z_to_z_calculator.sv Line: 18
    Warning (15610): No output dependent on input pin "diff_cost[16]" File: G:/neural-burning/backprop_stack/z_to_z_calculator.sv Line: 18
    Warning (15610): No output dependent on input pin "diff_cost[17]" File: G:/neural-burning/backprop_stack/z_to_z_calculator.sv Line: 18
    Warning (15610): No output dependent on input pin "diff_cost[18]" File: G:/neural-burning/backprop_stack/z_to_z_calculator.sv Line: 18
    Warning (15610): No output dependent on input pin "diff_cost[19]" File: G:/neural-burning/backprop_stack/z_to_z_calculator.sv Line: 18
    Warning (15610): No output dependent on input pin "diff_cost[20]" File: G:/neural-burning/backprop_stack/z_to_z_calculator.sv Line: 18
    Warning (15610): No output dependent on input pin "diff_cost[21]" File: G:/neural-burning/backprop_stack/z_to_z_calculator.sv Line: 18
    Warning (15610): No output dependent on input pin "diff_cost[22]" File: G:/neural-burning/backprop_stack/z_to_z_calculator.sv Line: 18
    Warning (15610): No output dependent on input pin "diff_cost[23]" File: G:/neural-burning/backprop_stack/z_to_z_calculator.sv Line: 18
    Warning (15610): No output dependent on input pin "diff_cost[24]" File: G:/neural-burning/backprop_stack/z_to_z_calculator.sv Line: 18
    Warning (15610): No output dependent on input pin "diff_cost[25]" File: G:/neural-burning/backprop_stack/z_to_z_calculator.sv Line: 18
    Warning (15610): No output dependent on input pin "diff_cost[26]" File: G:/neural-burning/backprop_stack/z_to_z_calculator.sv Line: 18
    Warning (15610): No output dependent on input pin "diff_cost[27]" File: G:/neural-burning/backprop_stack/z_to_z_calculator.sv Line: 18
    Warning (15610): No output dependent on input pin "diff_cost[28]" File: G:/neural-burning/backprop_stack/z_to_z_calculator.sv Line: 18
    Warning (15610): No output dependent on input pin "diff_cost[29]" File: G:/neural-burning/backprop_stack/z_to_z_calculator.sv Line: 18
    Warning (15610): No output dependent on input pin "diff_cost[30]" File: G:/neural-burning/backprop_stack/z_to_z_calculator.sv Line: 18
    Warning (15610): No output dependent on input pin "diff_cost[31]" File: G:/neural-burning/backprop_stack/z_to_z_calculator.sv Line: 18
    Warning (15610): No output dependent on input pin "diff_cost[32]" File: G:/neural-burning/backprop_stack/z_to_z_calculator.sv Line: 18
    Warning (15610): No output dependent on input pin "diff_cost[33]" File: G:/neural-burning/backprop_stack/z_to_z_calculator.sv Line: 18
    Warning (15610): No output dependent on input pin "diff_cost[34]" File: G:/neural-burning/backprop_stack/z_to_z_calculator.sv Line: 18
    Warning (15610): No output dependent on input pin "diff_cost[35]" File: G:/neural-burning/backprop_stack/z_to_z_calculator.sv Line: 18
    Warning (15610): No output dependent on input pin "diff_cost[36]" File: G:/neural-burning/backprop_stack/z_to_z_calculator.sv Line: 18
    Warning (15610): No output dependent on input pin "diff_cost[37]" File: G:/neural-burning/backprop_stack/z_to_z_calculator.sv Line: 18
    Warning (15610): No output dependent on input pin "diff_cost[38]" File: G:/neural-burning/backprop_stack/z_to_z_calculator.sv Line: 18
    Warning (15610): No output dependent on input pin "diff_cost[39]" File: G:/neural-burning/backprop_stack/z_to_z_calculator.sv Line: 18
    Warning (15610): No output dependent on input pin "diff_cost[40]" File: G:/neural-burning/backprop_stack/z_to_z_calculator.sv Line: 18
    Warning (15610): No output dependent on input pin "diff_cost[41]" File: G:/neural-burning/backprop_stack/z_to_z_calculator.sv Line: 18
    Warning (15610): No output dependent on input pin "diff_cost[42]" File: G:/neural-burning/backprop_stack/z_to_z_calculator.sv Line: 18
    Warning (15610): No output dependent on input pin "diff_cost[43]" File: G:/neural-burning/backprop_stack/z_to_z_calculator.sv Line: 18
    Warning (15610): No output dependent on input pin "diff_cost[44]" File: G:/neural-burning/backprop_stack/z_to_z_calculator.sv Line: 18
    Warning (15610): No output dependent on input pin "diff_cost[45]" File: G:/neural-burning/backprop_stack/z_to_z_calculator.sv Line: 18
    Warning (15610): No output dependent on input pin "diff_cost[46]" File: G:/neural-burning/backprop_stack/z_to_z_calculator.sv Line: 18
    Warning (15610): No output dependent on input pin "diff_cost[47]" File: G:/neural-burning/backprop_stack/z_to_z_calculator.sv Line: 18
    Warning (15610): No output dependent on input pin "start_new_layer" File: G:/neural-burning/backprop_stack/z_to_z_calculator.sv Line: 19
Info (21057): Implemented 342 device resources after synthesis - the final resource count might be different
    Info (21058): Implemented 147 input pins
    Info (21059): Implemented 48 output pins
    Info (21061): Implemented 144 logic cells
    Info (21062): Implemented 3 DSP elements
Info: Quartus Prime Analysis & Synthesis was successful. 0 errors, 51 warnings
    Info: Peak virtual memory: 4884 megabytes
    Info: Processing ended: Sat Mar 20 03:02:27 2021
    Info: Elapsed time: 00:00:09
    Info: Total CPU time (on all processors): 00:00:15


