Analysis & Synthesis report for activation
Mon Mar 15 02:24:46 2021
Quartus Prime Version 20.1.0 Build 711 06/05/2020 Patches 0.01std SJ Lite Edition


---------------------
; Table of Contents ;
---------------------
  1. Legal Notice
  2. Analysis & Synthesis Summary
  3. Analysis & Synthesis Settings
  4. Parallel Compilation
  5. Analysis & Synthesis Source Files Read
  6. Analysis & Synthesis Resource Usage Summary
  7. Analysis & Synthesis Resource Utilization by Entity
  8. Analysis & Synthesis DSP Block Usage Summary
  9. General Register Statistics
 10. Multiplexer Restructuring Statistics (Restructuring Performed)
 11. Parameter Settings for User Entity Instance: Top-level Entity: |activation
 12. Parameter Settings for Inferred Entity Instance: lpm_divide:Div0
 13. Parameter Settings for Inferred Entity Instance: lpm_divide:Div1
 14. Post-Synthesis Netlist Statistics for Top Partition
 15. Elapsed Time Per Partition
 16. Analysis & Synthesis Messages



----------------
; Legal Notice ;
----------------
Copyright (C) 2020  Intel Corporation. All rights reserved.
Your use of Intel Corporation's design tools, logic functions 
and other software and tools, and any partner logic 
functions, and any output files from any of the foregoing 
(including device programming or simulation files), and any 
associated documentation or information are expressly subject 
to the terms and conditions of the Intel Program License 
Subscription Agreement, the Intel Quartus Prime License Agreement,
the Intel FPGA IP License Agreement, or other applicable license
agreement, including, without limitation, that your use is for
the sole purpose of programming logic devices manufactured by
Intel and sold by Intel or its authorized distributors.  Please
refer to the applicable agreement for further details, at
https://fpgasoftware.intel.com/eula.



+-----------------------------------------------------------------------------------------------+
; Analysis & Synthesis Summary                                                                  ;
+---------------------------------+-------------------------------------------------------------+
; Analysis & Synthesis Status     ; Successful - Mon Mar 15 02:24:46 2021                       ;
; Quartus Prime Version           ; 20.1.0 Build 711 06/05/2020 Patches 0.01std SJ Lite Edition ;
; Revision Name                   ; activation                                                  ;
; Top-level Entity Name           ; activation                                                  ;
; Family                          ; Cyclone V                                                   ;
; Logic utilization (in ALMs)     ; N/A                                                         ;
; Total registers                 ; 0                                                           ;
; Total pins                      ; 100                                                         ;
; Total virtual pins              ; 0                                                           ;
; Total block memory bits         ; 0                                                           ;
; Total DSP Blocks                ; 8                                                           ;
; Total HSSI RX PCSs              ; 0                                                           ;
; Total HSSI PMA RX Deserializers ; 0                                                           ;
; Total HSSI TX PCSs              ; 0                                                           ;
; Total HSSI PMA TX Serializers   ; 0                                                           ;
; Total PLLs                      ; 0                                                           ;
; Total DLLs                      ; 0                                                           ;
+---------------------------------+-------------------------------------------------------------+


+---------------------------------------------------------------------------------------------------------------------------+
; Analysis & Synthesis Settings                                                                                             ;
+---------------------------------------------------------------------------------+--------------------+--------------------+
; Option                                                                          ; Setting            ; Default Value      ;
+---------------------------------------------------------------------------------+--------------------+--------------------+
; Device                                                                          ; 5CSEMA6F31C6       ;                    ;
; Top-level entity name                                                           ; activation         ; activation         ;
; Family name                                                                     ; Cyclone V          ; Cyclone V          ;
; Use smart compilation                                                           ; Off                ; Off                ;
; Enable parallel Assembler and Timing Analyzer during compilation                ; On                 ; On                 ;
; Enable compact report table                                                     ; Off                ; Off                ;
; Restructure Multiplexers                                                        ; Auto               ; Auto               ;
; MLAB Add Timing Constraints For Mixed-Port Feed-Through Mode Setting Don't Care ; Off                ; Off                ;
; Create Debugging Nodes for IP Cores                                             ; Off                ; Off                ;
; Preserve fewer node names                                                       ; On                 ; On                 ;
; Intel FPGA IP Evaluation Mode                                                   ; Enable             ; Enable             ;
; Verilog Version                                                                 ; Verilog_2001       ; Verilog_2001       ;
; VHDL Version                                                                    ; VHDL_1993          ; VHDL_1993          ;
; State Machine Processing                                                        ; Auto               ; Auto               ;
; Safe State Machine                                                              ; Off                ; Off                ;
; Extract Verilog State Machines                                                  ; On                 ; On                 ;
; Extract VHDL State Machines                                                     ; On                 ; On                 ;
; Ignore Verilog initial constructs                                               ; Off                ; Off                ;
; Iteration limit for constant Verilog loops                                      ; 5000               ; 5000               ;
; Iteration limit for non-constant Verilog loops                                  ; 250                ; 250                ;
; Add Pass-Through Logic to Inferred RAMs                                         ; On                 ; On                 ;
; Infer RAMs from Raw Logic                                                       ; On                 ; On                 ;
; Parallel Synthesis                                                              ; On                 ; On                 ;
; DSP Block Balancing                                                             ; Auto               ; Auto               ;
; NOT Gate Push-Back                                                              ; On                 ; On                 ;
; Power-Up Don't Care                                                             ; On                 ; On                 ;
; Remove Redundant Logic Cells                                                    ; Off                ; Off                ;
; Remove Duplicate Registers                                                      ; On                 ; On                 ;
; Ignore CARRY Buffers                                                            ; Off                ; Off                ;
; Ignore CASCADE Buffers                                                          ; Off                ; Off                ;
; Ignore GLOBAL Buffers                                                           ; Off                ; Off                ;
; Ignore ROW GLOBAL Buffers                                                       ; Off                ; Off                ;
; Ignore LCELL Buffers                                                            ; Off                ; Off                ;
; Ignore SOFT Buffers                                                             ; On                 ; On                 ;
; Limit AHDL Integers to 32 Bits                                                  ; Off                ; Off                ;
; Optimization Technique                                                          ; Balanced           ; Balanced           ;
; Carry Chain Length                                                              ; 70                 ; 70                 ;
; Auto Carry Chains                                                               ; On                 ; On                 ;
; Auto Open-Drain Pins                                                            ; On                 ; On                 ;
; Perform WYSIWYG Primitive Resynthesis                                           ; Off                ; Off                ;
; Auto ROM Replacement                                                            ; On                 ; On                 ;
; Auto RAM Replacement                                                            ; On                 ; On                 ;
; Auto DSP Block Replacement                                                      ; On                 ; On                 ;
; Auto Shift Register Replacement                                                 ; Auto               ; Auto               ;
; Allow Shift Register Merging across Hierarchies                                 ; Auto               ; Auto               ;
; Auto Clock Enable Replacement                                                   ; On                 ; On                 ;
; Strict RAM Replacement                                                          ; Off                ; Off                ;
; Allow Synchronous Control Signals                                               ; On                 ; On                 ;
; Force Use of Synchronous Clear Signals                                          ; Off                ; Off                ;
; Auto Resource Sharing                                                           ; Off                ; Off                ;
; Allow Any RAM Size For Recognition                                              ; Off                ; Off                ;
; Allow Any ROM Size For Recognition                                              ; Off                ; Off                ;
; Allow Any Shift Register Size For Recognition                                   ; Off                ; Off                ;
; Use LogicLock Constraints during Resource Balancing                             ; On                 ; On                 ;
; Ignore translate_off and synthesis_off directives                               ; Off                ; Off                ;
; Timing-Driven Synthesis                                                         ; On                 ; On                 ;
; Report Parameter Settings                                                       ; On                 ; On                 ;
; Report Source Assignments                                                       ; On                 ; On                 ;
; Report Connectivity Checks                                                      ; On                 ; On                 ;
; Ignore Maximum Fan-Out Assignments                                              ; Off                ; Off                ;
; Synchronization Register Chain Length                                           ; 3                  ; 3                  ;
; Power Optimization During Synthesis                                             ; Normal compilation ; Normal compilation ;
; HDL message level                                                               ; Level2             ; Level2             ;
; Suppress Register Optimization Related Messages                                 ; Off                ; Off                ;
; Number of Removed Registers Reported in Synthesis Report                        ; 5000               ; 5000               ;
; Number of Swept Nodes Reported in Synthesis Report                              ; 5000               ; 5000               ;
; Number of Inverted Registers Reported in Synthesis Report                       ; 100                ; 100                ;
; Clock MUX Protection                                                            ; On                 ; On                 ;
; Auto Gated Clock Conversion                                                     ; Off                ; Off                ;
; Block Design Naming                                                             ; Auto               ; Auto               ;
; SDC constraint protection                                                       ; Off                ; Off                ;
; Synthesis Effort                                                                ; Auto               ; Auto               ;
; Shift Register Replacement - Allow Asynchronous Clear Signal                    ; On                 ; On                 ;
; Pre-Mapping Resynthesis Optimization                                            ; Off                ; Off                ;
; Analysis & Synthesis Message Level                                              ; Medium             ; Medium             ;
; Disable Register Merging Across Hierarchies                                     ; Auto               ; Auto               ;
; Resource Aware Inference For Block RAM                                          ; On                 ; On                 ;
; Automatic Parallel Synthesis                                                    ; On                 ; On                 ;
; Partial Reconfiguration Bitstream ID                                            ; Off                ; Off                ;
+---------------------------------------------------------------------------------+--------------------+--------------------+


+------------------------------------------+
; Parallel Compilation                     ;
+----------------------------+-------------+
; Processors                 ; Number      ;
+----------------------------+-------------+
; Number detected on machine ; 6           ;
; Maximum allowed            ; 6           ;
;                            ;             ;
; Average used               ; 1.00        ;
; Maximum used               ; 4           ;
;                            ;             ;
; Usage by Processor         ; % Time Used ;
;     Processor 1            ; 100.0%      ;
;     Processor 2            ;   0.0%      ;
;     Processor 3            ;   0.0%      ;
;     Processor 4            ;   0.0%      ;
+----------------------------+-------------+


+-----------------------------------------------------------------------------------------------------------------------------------------------------------------------------+
; Analysis & Synthesis Source Files Read                                                                                                                                      ;
+-------------------------------------+-----------------+------------------------------+----------------------------------------------------------------------------+---------+
; File Name with User-Entered Path    ; Used in Netlist ; File Type                    ; File Name with Absolute Path                                               ; Library ;
+-------------------------------------+-----------------+------------------------------+----------------------------------------------------------------------------+---------+
; ../general_data_operator/src/gdo.sv ; yes             ; User SystemVerilog HDL File  ; G:/neural-burning/general_data_operator/src/gdo.sv                         ;         ;
; activation.sv                       ; yes             ; User SystemVerilog HDL File  ; G:/neural-burning/activation/activation.sv                                 ;         ;
; lpm_divide.tdf                      ; yes             ; Megafunction                 ; c:/intelfpga_lite/20.1/quartus/libraries/megafunctions/lpm_divide.tdf      ;         ;
; abs_divider.inc                     ; yes             ; Megafunction                 ; c:/intelfpga_lite/20.1/quartus/libraries/megafunctions/abs_divider.inc     ;         ;
; sign_div_unsign.inc                 ; yes             ; Megafunction                 ; c:/intelfpga_lite/20.1/quartus/libraries/megafunctions/sign_div_unsign.inc ;         ;
; aglobal201.inc                      ; yes             ; Megafunction                 ; c:/intelfpga_lite/20.1/quartus/libraries/megafunctions/aglobal201.inc      ;         ;
; db/lpm_divide_8dm.tdf               ; yes             ; Auto-Generated Megafunction  ; G:/neural-burning/activation/db/lpm_divide_8dm.tdf                         ;         ;
; db/sign_div_unsign_enh.tdf          ; yes             ; Auto-Generated Megafunction  ; G:/neural-burning/activation/db/sign_div_unsign_enh.tdf                    ;         ;
; db/alt_u_div_23f.tdf                ; yes             ; Auto-Generated Megafunction  ; G:/neural-burning/activation/db/alt_u_div_23f.tdf                          ;         ;
+-------------------------------------+-----------------+------------------------------+----------------------------------------------------------------------------+---------+


+------------------------------------------------------+
; Analysis & Synthesis Resource Usage Summary          ;
+---------------------------------------------+--------+
; Resource                                    ; Usage  ;
+---------------------------------------------+--------+
; Estimate of Logic utilization (ALMs needed) ; 455    ;
;                                             ;        ;
; Combinational ALUT usage for logic          ; 898    ;
;     -- 7 input functions                    ; 1      ;
;     -- 6 input functions                    ; 10     ;
;     -- 5 input functions                    ; 297    ;
;     -- 4 input functions                    ; 193    ;
;     -- <=3 input functions                  ; 397    ;
;                                             ;        ;
; Dedicated logic registers                   ; 0      ;
;                                             ;        ;
; I/O pins                                    ; 100    ;
;                                             ;        ;
; Total DSP Blocks                            ; 8      ;
;                                             ;        ;
; Maximum fan-out node                        ; Add1~1 ;
; Maximum fan-out                             ; 36     ;
; Total fan-out                               ; 3834   ;
; Average fan-out                             ; 3.47   ;
+---------------------------------------------+--------+


+----------------------------------------------------------------------------------------------------------------------------------------------------------------------------------------------------------------------------------------------------------------------------------------------------+
; Analysis & Synthesis Resource Utilization by Entity                                                                                                                                                                                                                                                ;
+----------------------------------------+---------------------+---------------------------+-------------------+------------+------+--------------+-------------------------------------------------------------------------------------------------------------+---------------------+--------------+
; Compilation Hierarchy Node             ; Combinational ALUTs ; Dedicated Logic Registers ; Block Memory Bits ; DSP Blocks ; Pins ; Virtual Pins ; Full Hierarchy Name                                                                                         ; Entity Name         ; Library Name ;
+----------------------------------------+---------------------+---------------------------+-------------------+------------+------+--------------+-------------------------------------------------------------------------------------------------------------+---------------------+--------------+
; |activation                            ; 898 (242)           ; 0 (0)                     ; 0                 ; 8          ; 100  ; 0            ; |activation                                                                                                 ; activation          ; work         ;
;    |lpm_divide:Div0|                   ; 328 (0)             ; 0 (0)                     ; 0                 ; 0          ; 0    ; 0            ; |activation|lpm_divide:Div0                                                                                 ; lpm_divide          ; work         ;
;       |lpm_divide_8dm:auto_generated|  ; 328 (0)             ; 0 (0)                     ; 0                 ; 0          ; 0    ; 0            ; |activation|lpm_divide:Div0|lpm_divide_8dm:auto_generated                                                   ; lpm_divide_8dm      ; work         ;
;          |sign_div_unsign_enh:divider| ; 328 (0)             ; 0 (0)                     ; 0                 ; 0          ; 0    ; 0            ; |activation|lpm_divide:Div0|lpm_divide_8dm:auto_generated|sign_div_unsign_enh:divider                       ; sign_div_unsign_enh ; work         ;
;             |alt_u_div_23f:divider|    ; 328 (328)           ; 0 (0)                     ; 0                 ; 0          ; 0    ; 0            ; |activation|lpm_divide:Div0|lpm_divide_8dm:auto_generated|sign_div_unsign_enh:divider|alt_u_div_23f:divider ; alt_u_div_23f       ; work         ;
;    |lpm_divide:Div1|                   ; 328 (0)             ; 0 (0)                     ; 0                 ; 0          ; 0    ; 0            ; |activation|lpm_divide:Div1                                                                                 ; lpm_divide          ; work         ;
;       |lpm_divide_8dm:auto_generated|  ; 328 (0)             ; 0 (0)                     ; 0                 ; 0          ; 0    ; 0            ; |activation|lpm_divide:Div1|lpm_divide_8dm:auto_generated                                                   ; lpm_divide_8dm      ; work         ;
;          |sign_div_unsign_enh:divider| ; 328 (0)             ; 0 (0)                     ; 0                 ; 0          ; 0    ; 0            ; |activation|lpm_divide:Div1|lpm_divide_8dm:auto_generated|sign_div_unsign_enh:divider                       ; sign_div_unsign_enh ; work         ;
;             |alt_u_div_23f:divider|    ; 328 (328)           ; 0 (0)                     ; 0                 ; 0          ; 0    ; 0            ; |activation|lpm_divide:Div1|lpm_divide_8dm:auto_generated|sign_div_unsign_enh:divider|alt_u_div_23f:divider ; alt_u_div_23f       ; work         ;
+----------------------------------------+---------------------+---------------------------+-------------------+------------+------+--------------+-------------------------------------------------------------------------------------------------------------+---------------------+--------------+
Note: For table entries with two numbers listed, the numbers in parentheses indicate the number of resources of the given type used by the specific entity alone. The numbers listed outside of parentheses indicate the total resources of the given type used by the specific entity and all of its sub-entities in the hierarchy.


+-------------------------------------------------+
; Analysis & Synthesis DSP Block Usage Summary    ;
+-----------------------------------+-------------+
; Statistic                         ; Number Used ;
+-----------------------------------+-------------+
; Two Independent 18x18             ; 8           ;
; Total number of DSP blocks        ; 8           ;
;                                   ;             ;
; Fixed Point Signed Multiplier     ; 2           ;
; Fixed Point Mixed Sign Multiplier ; 6           ;
+-----------------------------------+-------------+


+------------------------------------------------------+
; General Register Statistics                          ;
+----------------------------------------------+-------+
; Statistic                                    ; Value ;
+----------------------------------------------+-------+
; Total registers                              ; 0     ;
; Number of registers using Synchronous Clear  ; 0     ;
; Number of registers using Synchronous Load   ; 0     ;
; Number of registers using Asynchronous Clear ; 0     ;
; Number of registers using Asynchronous Load  ; 0     ;
; Number of registers using Clock Enable       ; 0     ;
; Number of registers using Preset             ; 0     ;
+----------------------------------------------+-------+


+------------------------------------------------------------------------------------------------------------------------------------------+
; Multiplexer Restructuring Statistics (Restructuring Performed)                                                                           ;
+--------------------+-----------+---------------+----------------------+------------------------+------------+----------------------------+
; Multiplexer Inputs ; Bus Width ; Baseline Area ; Area if Restructured ; Saving if Restructured ; Registered ; Example Multiplexer Output ;
+--------------------+-----------+---------------+----------------------+------------------------+------------+----------------------------+
; 17:1               ; 7 bits    ; 77 LEs        ; 21 LEs               ; 56 LEs                 ; No         ; |activation|Mux33          ;
; 18:1               ; 7 bits    ; 84 LEs        ; 28 LEs               ; 56 LEs                 ; No         ; |activation|Mux46          ;
+--------------------+-----------+---------------+----------------------+------------------------+------------+----------------------------+


+----------------------------------------------------------------------------+
; Parameter Settings for User Entity Instance: Top-level Entity: |activation ;
+----------------+-------+---------------------------------------------------+
; Parameter Name ; Value ; Type                                              ;
+----------------+-------+---------------------------------------------------+
; data_size      ; 16    ; Signed Integer                                    ;
; size           ; 3     ; Signed Integer                                    ;
; activate_size  ; 4     ; Signed Integer                                    ;
+----------------+-------+---------------------------------------------------+
Note: In order to hide this table in the UI and the text report file, please set the "Show Parameter Settings in Synthesis Report" option in "Analysis and Synthesis Settings -> More Settings" to "Off".


+------------------------------------------------------------------+
; Parameter Settings for Inferred Entity Instance: lpm_divide:Div0 ;
+------------------------+----------------+------------------------+
; Parameter Name         ; Value          ; Type                   ;
+------------------------+----------------+------------------------+
; LPM_WIDTHN             ; 17             ; Untyped                ;
; LPM_WIDTHD             ; 16             ; Untyped                ;
; LPM_NREPRESENTATION    ; UNSIGNED       ; Untyped                ;
; LPM_DREPRESENTATION    ; UNSIGNED       ; Untyped                ;
; LPM_PIPELINE           ; 0              ; Untyped                ;
; LPM_REMAINDERPOSITIVE  ; TRUE           ; Untyped                ;
; MAXIMIZE_SPEED         ; 5              ; Untyped                ;
; CBXI_PARAMETER         ; lpm_divide_8dm ; Untyped                ;
; CARRY_CHAIN            ; MANUAL         ; Untyped                ;
; OPTIMIZE_FOR_SPEED     ; 5              ; Untyped                ;
; AUTO_CARRY_CHAINS      ; ON             ; AUTO_CARRY             ;
; IGNORE_CARRY_BUFFERS   ; OFF            ; IGNORE_CARRY           ;
; AUTO_CASCADE_CHAINS    ; ON             ; AUTO_CASCADE           ;
; IGNORE_CASCADE_BUFFERS ; OFF            ; IGNORE_CASCADE         ;
+------------------------+----------------+------------------------+
Note: In order to hide this table in the UI and the text report file, please set the "Show Parameter Settings in Synthesis Report" option in "Analysis and Synthesis Settings -> More Settings" to "Off".


+------------------------------------------------------------------+
; Parameter Settings for Inferred Entity Instance: lpm_divide:Div1 ;
+------------------------+----------------+------------------------+
; Parameter Name         ; Value          ; Type                   ;
+------------------------+----------------+------------------------+
; LPM_WIDTHN             ; 17             ; Untyped                ;
; LPM_WIDTHD             ; 16             ; Untyped                ;
; LPM_NREPRESENTATION    ; UNSIGNED       ; Untyped                ;
; LPM_DREPRESENTATION    ; UNSIGNED       ; Untyped                ;
; LPM_PIPELINE           ; 0              ; Untyped                ;
; LPM_REMAINDERPOSITIVE  ; TRUE           ; Untyped                ;
; MAXIMIZE_SPEED         ; 5              ; Untyped                ;
; CBXI_PARAMETER         ; lpm_divide_8dm ; Untyped                ;
; CARRY_CHAIN            ; MANUAL         ; Untyped                ;
; OPTIMIZE_FOR_SPEED     ; 5              ; Untyped                ;
; AUTO_CARRY_CHAINS      ; ON             ; AUTO_CARRY             ;
; IGNORE_CARRY_BUFFERS   ; OFF            ; IGNORE_CARRY           ;
; AUTO_CASCADE_CHAINS    ; ON             ; AUTO_CASCADE           ;
; IGNORE_CASCADE_BUFFERS ; OFF            ; IGNORE_CASCADE         ;
+------------------------+----------------+------------------------+
Note: In order to hide this table in the UI and the text report file, please set the "Show Parameter Settings in Synthesis Report" option in "Analysis and Synthesis Settings -> More Settings" to "Off".


+-----------------------------------------------------+
; Post-Synthesis Netlist Statistics for Top Partition ;
+-----------------------+-----------------------------+
; Type                  ; Count                       ;
+-----------------------+-----------------------------+
; arriav_lcell_comb     ; 898                         ;
;     arith             ; 438                         ;
;         0 data inputs ; 32                          ;
;         1 data inputs ; 94                          ;
;         2 data inputs ; 46                          ;
;         3 data inputs ; 2                           ;
;         4 data inputs ; 16                          ;
;         5 data inputs ; 248                         ;
;     extend            ; 1                           ;
;         7 data inputs ; 1                           ;
;     normal            ; 395                         ;
;         2 data inputs ; 43                          ;
;         3 data inputs ; 116                         ;
;         4 data inputs ; 177                         ;
;         5 data inputs ; 49                          ;
;         6 data inputs ; 10                          ;
;     shared            ; 64                          ;
;         0 data inputs ; 4                           ;
;         1 data inputs ; 2                           ;
;         2 data inputs ; 29                          ;
;         3 data inputs ; 29                          ;
; arriav_mac            ; 8                           ;
; boundary_port         ; 100                         ;
;                       ;                             ;
; Max LUT depth         ; 46.30                       ;
; Average LUT depth     ; 43.62                       ;
+-----------------------+-----------------------------+


+-------------------------------+
; Elapsed Time Per Partition    ;
+----------------+--------------+
; Partition Name ; Elapsed Time ;
+----------------+--------------+
; Top            ; 00:00:01     ;
+----------------+--------------+


+-------------------------------+
; Analysis & Synthesis Messages ;
+-------------------------------+
Info: *******************************************************************
Info: Running Quartus Prime Analysis & Synthesis
    Info: Version 20.1.0 Build 711 06/05/2020 Patches 0.01std SJ Lite Edition
    Info: Processing started: Mon Mar 15 02:24:37 2021
Info: Command: quartus_map --read_settings_files=on --write_settings_files=off activation -c activation
Warning (18236): Number of processors has not been specified which may cause overloading on shared machines.  Set the global assignment NUM_PARALLEL_PROCESSORS in your QSF to an appropriate value for best performance.
Info (20030): Parallel compilation is enabled and will use 6 of the 6 processors detected
Info (12021): Found 1 design units, including 0 entities, in source file /neural-burning/general_data_operator/src/gdo.sv
    Info (12022): Found design unit 1: gdo (SystemVerilog) File: G:/neural-burning/general_data_operator/src/gdo.sv Line: 2
Info (12021): Found 1 design units, including 1 entities, in source file activation.sv
    Info (12023): Found entity 1: activation File: G:/neural-burning/activation/activation.sv Line: 1
Info (12127): Elaborating entity "activation" for the top level hierarchy
Warning (10230): Verilog HDL assignment warning at gdo.sv(55): truncated value with size 32 to match size of target (16) File: G:/neural-burning/general_data_operator/src/gdo.sv Line: 55
Warning (10230): Verilog HDL assignment warning at gdo.sv(75): truncated value with size 24 to match size of target (16) File: G:/neural-burning/general_data_operator/src/gdo.sv Line: 75
Info (278001): Inferred 2 megafunctions from design logic
    Info (278004): Inferred divider/modulo megafunction ("lpm_divide") from the following logic: "Div0" File: G:/neural-burning/general_data_operator/src/gdo.sv Line: 32
    Info (278004): Inferred divider/modulo megafunction ("lpm_divide") from the following logic: "Div1" File: G:/neural-burning/general_data_operator/src/gdo.sv Line: 32
Info (12130): Elaborated megafunction instantiation "lpm_divide:Div0" File: G:/neural-burning/general_data_operator/src/gdo.sv Line: 32
Info (12133): Instantiated megafunction "lpm_divide:Div0" with the following parameter: File: G:/neural-burning/general_data_operator/src/gdo.sv Line: 32
    Info (12134): Parameter "LPM_WIDTHN" = "17"
    Info (12134): Parameter "LPM_WIDTHD" = "16"
    Info (12134): Parameter "LPM_NREPRESENTATION" = "UNSIGNED"
    Info (12134): Parameter "LPM_DREPRESENTATION" = "UNSIGNED"
Info (12021): Found 1 design units, including 1 entities, in source file db/lpm_divide_8dm.tdf
    Info (12023): Found entity 1: lpm_divide_8dm File: G:/neural-burning/activation/db/lpm_divide_8dm.tdf Line: 25
Info (12021): Found 1 design units, including 1 entities, in source file db/sign_div_unsign_enh.tdf
    Info (12023): Found entity 1: sign_div_unsign_enh File: G:/neural-burning/activation/db/sign_div_unsign_enh.tdf Line: 25
Info (12021): Found 1 design units, including 1 entities, in source file db/alt_u_div_23f.tdf
    Info (12023): Found entity 1: alt_u_div_23f File: G:/neural-burning/activation/db/alt_u_div_23f.tdf Line: 23
Info (12130): Elaborated megafunction instantiation "lpm_divide:Div1" File: G:/neural-burning/general_data_operator/src/gdo.sv Line: 32
Info (12133): Instantiated megafunction "lpm_divide:Div1" with the following parameter: File: G:/neural-burning/general_data_operator/src/gdo.sv Line: 32
    Info (12134): Parameter "LPM_WIDTHN" = "17"
    Info (12134): Parameter "LPM_WIDTHD" = "16"
    Info (12134): Parameter "LPM_NREPRESENTATION" = "UNSIGNED"
    Info (12134): Parameter "LPM_DREPRESENTATION" = "UNSIGNED"
Info (286030): Timing-Driven Synthesis is running
Info (16010): Generating hard_block partition "hard_block:auto_generated_inst"
    Info (16011): Adding 0 node(s), including 0 DDIO, 0 PLL, 0 transceiver and 0 LCELL
Warning (21074): Design contains 32 input pin(s) that do not drive logic
    Warning (15610): No output dependent on input pin "in_data[16]" File: G:/neural-burning/activation/activation.sv Line: 11
    Warning (15610): No output dependent on input pin "in_data[17]" File: G:/neural-burning/activation/activation.sv Line: 11
    Warning (15610): No output dependent on input pin "in_data[18]" File: G:/neural-burning/activation/activation.sv Line: 11
    Warning (15610): No output dependent on input pin "in_data[19]" File: G:/neural-burning/activation/activation.sv Line: 11
    Warning (15610): No output dependent on input pin "in_data[20]" File: G:/neural-burning/activation/activation.sv Line: 11
    Warning (15610): No output dependent on input pin "in_data[21]" File: G:/neural-burning/activation/activation.sv Line: 11
    Warning (15610): No output dependent on input pin "in_data[22]" File: G:/neural-burning/activation/activation.sv Line: 11
    Warning (15610): No output dependent on input pin "in_data[23]" File: G:/neural-burning/activation/activation.sv Line: 11
    Warning (15610): No output dependent on input pin "in_data[24]" File: G:/neural-burning/activation/activation.sv Line: 11
    Warning (15610): No output dependent on input pin "in_data[25]" File: G:/neural-burning/activation/activation.sv Line: 11
    Warning (15610): No output dependent on input pin "in_data[26]" File: G:/neural-burning/activation/activation.sv Line: 11
    Warning (15610): No output dependent on input pin "in_data[27]" File: G:/neural-burning/activation/activation.sv Line: 11
    Warning (15610): No output dependent on input pin "in_data[28]" File: G:/neural-burning/activation/activation.sv Line: 11
    Warning (15610): No output dependent on input pin "in_data[29]" File: G:/neural-burning/activation/activation.sv Line: 11
    Warning (15610): No output dependent on input pin "in_data[30]" File: G:/neural-burning/activation/activation.sv Line: 11
    Warning (15610): No output dependent on input pin "in_data[31]" File: G:/neural-burning/activation/activation.sv Line: 11
    Warning (15610): No output dependent on input pin "in_data[32]" File: G:/neural-burning/activation/activation.sv Line: 11
    Warning (15610): No output dependent on input pin "in_data[33]" File: G:/neural-burning/activation/activation.sv Line: 11
    Warning (15610): No output dependent on input pin "in_data[34]" File: G:/neural-burning/activation/activation.sv Line: 11
    Warning (15610): No output dependent on input pin "in_data[35]" File: G:/neural-burning/activation/activation.sv Line: 11
    Warning (15610): No output dependent on input pin "in_data[36]" File: G:/neural-burning/activation/activation.sv Line: 11
    Warning (15610): No output dependent on input pin "in_data[37]" File: G:/neural-burning/activation/activation.sv Line: 11
    Warning (15610): No output dependent on input pin "in_data[38]" File: G:/neural-burning/activation/activation.sv Line: 11
    Warning (15610): No output dependent on input pin "in_data[39]" File: G:/neural-burning/activation/activation.sv Line: 11
    Warning (15610): No output dependent on input pin "in_data[40]" File: G:/neural-burning/activation/activation.sv Line: 11
    Warning (15610): No output dependent on input pin "in_data[41]" File: G:/neural-burning/activation/activation.sv Line: 11
    Warning (15610): No output dependent on input pin "in_data[42]" File: G:/neural-burning/activation/activation.sv Line: 11
    Warning (15610): No output dependent on input pin "in_data[43]" File: G:/neural-burning/activation/activation.sv Line: 11
    Warning (15610): No output dependent on input pin "in_data[44]" File: G:/neural-burning/activation/activation.sv Line: 11
    Warning (15610): No output dependent on input pin "in_data[45]" File: G:/neural-burning/activation/activation.sv Line: 11
    Warning (15610): No output dependent on input pin "in_data[46]" File: G:/neural-burning/activation/activation.sv Line: 11
    Warning (15610): No output dependent on input pin "in_data[47]" File: G:/neural-burning/activation/activation.sv Line: 11
Info (21057): Implemented 1006 device resources after synthesis - the final resource count might be different
    Info (21058): Implemented 52 input pins
    Info (21059): Implemented 48 output pins
    Info (21061): Implemented 898 logic cells
    Info (21062): Implemented 8 DSP elements
Info: Quartus Prime Analysis & Synthesis was successful. 0 errors, 36 warnings
    Info: Peak virtual memory: 4836 megabytes
    Info: Processing ended: Mon Mar 15 02:24:46 2021
    Info: Elapsed time: 00:00:09
    Info: Total CPU time (on all processors): 00:00:15


