Analysis & Synthesis report for data_path
Thu Dec 31 21:49:16 2020
Quartus Prime Version 20.1.0 Build 711 06/05/2020 SJ Lite Edition


---------------------
; Table of Contents ;
---------------------
  1. Legal Notice
  2. Analysis & Synthesis Summary
  3. Analysis & Synthesis Settings
  4. Parallel Compilation
  5. Analysis & Synthesis Source Files Read
  6. Analysis & Synthesis Resource Usage Summary
  7. Analysis & Synthesis Resource Utilization by Entity
  8. Analysis & Synthesis IP Cores Summary
  9. User-Specified and Inferred Latches
 10. General Register Statistics
 11. Multiplexer Restructuring Statistics (Restructuring Performed)
 12. Parameter Settings for User Entity Instance: code_storage:code_storage
 13. Parameter Settings for User Entity Instance: controller:controller
 14. Parameter Settings for User Entity Instance: fetch_decode_reg:fetch_to_decode_register
 15. Parameter Settings for User Entity Instance: fetch_decode_reg:fetch_to_decode_register|delay:delay_inst_code
 16. Parameter Settings for User Entity Instance: fetch_decode_reg:fetch_to_decode_register|delay:delay_inst_code_index
 17. Parameter Settings for User Entity Instance: fetch_decode_reg:fetch_to_decode_register|delay:delay_inst_reset_code_count
 18. Parameter Settings for User Entity Instance: parse:parse
 19. Post-Synthesis Netlist Statistics for Top Partition
 20. Elapsed Time Per Partition
 21. Analysis & Synthesis Messages



----------------
; Legal Notice ;
----------------
Copyright (C) 2020  Intel Corporation. All rights reserved.
Your use of Intel Corporation's design tools, logic functions 
and other software and tools, and any partner logic 
functions, and any output files from any of the foregoing 
(including device programming or simulation files), and any 
associated documentation or information are expressly subject 
to the terms and conditions of the Intel Program License 
Subscription Agreement, the Intel Quartus Prime License Agreement,
the Intel FPGA IP License Agreement, or other applicable license
agreement, including, without limitation, that your use is for
the sole purpose of programming logic devices manufactured by
Intel and sold by Intel or its authorized distributors.  Please
refer to the applicable agreement for further details, at
https://fpgasoftware.intel.com/eula.



+-------------------------------------------------------------------------------+
; Analysis & Synthesis Summary                                                  ;
+---------------------------------+---------------------------------------------+
; Analysis & Synthesis Status     ; Successful - Thu Dec 31 21:49:16 2020       ;
; Quartus Prime Version           ; 20.1.0 Build 711 06/05/2020 SJ Lite Edition ;
; Revision Name                   ; data_path                                   ;
; Top-level Entity Name           ; data_path                                   ;
; Family                          ; Cyclone V                                   ;
; Logic utilization (in ALMs)     ; N/A                                         ;
; Total registers                 ; 1321                                        ;
; Total pins                      ; 73                                          ;
; Total virtual pins              ; 0                                           ;
; Total block memory bits         ; 0                                           ;
; Total DSP Blocks                ; 0                                           ;
; Total HSSI RX PCSs              ; 0                                           ;
; Total HSSI PMA RX Deserializers ; 0                                           ;
; Total HSSI TX PCSs              ; 0                                           ;
; Total HSSI PMA TX Serializers   ; 0                                           ;
; Total PLLs                      ; 0                                           ;
; Total DLLs                      ; 0                                           ;
+---------------------------------+---------------------------------------------+


+---------------------------------------------------------------------------------------------------------------------------+
; Analysis & Synthesis Settings                                                                                             ;
+---------------------------------------------------------------------------------+--------------------+--------------------+
; Option                                                                          ; Setting            ; Default Value      ;
+---------------------------------------------------------------------------------+--------------------+--------------------+
; Device                                                                          ; 5CSEMA5F31C6       ;                    ;
; Top-level entity name                                                           ; data_path          ; data_path          ;
; Family name                                                                     ; Cyclone V          ; Cyclone V          ;
; Use smart compilation                                                           ; Off                ; Off                ;
; Enable parallel Assembler and Timing Analyzer during compilation                ; On                 ; On                 ;
; Enable compact report table                                                     ; Off                ; Off                ;
; Restructure Multiplexers                                                        ; Auto               ; Auto               ;
; MLAB Add Timing Constraints For Mixed-Port Feed-Through Mode Setting Don't Care ; Off                ; Off                ;
; Create Debugging Nodes for IP Cores                                             ; Off                ; Off                ;
; Preserve fewer node names                                                       ; On                 ; On                 ;
; Intel FPGA IP Evaluation Mode                                                   ; Enable             ; Enable             ;
; Verilog Version                                                                 ; Verilog_2001       ; Verilog_2001       ;
; VHDL Version                                                                    ; VHDL_1993          ; VHDL_1993          ;
; State Machine Processing                                                        ; Auto               ; Auto               ;
; Safe State Machine                                                              ; Off                ; Off                ;
; Extract Verilog State Machines                                                  ; On                 ; On                 ;
; Extract VHDL State Machines                                                     ; On                 ; On                 ;
; Ignore Verilog initial constructs                                               ; Off                ; Off                ;
; Iteration limit for constant Verilog loops                                      ; 5000               ; 5000               ;
; Iteration limit for non-constant Verilog loops                                  ; 250                ; 250                ;
; Add Pass-Through Logic to Inferred RAMs                                         ; On                 ; On                 ;
; Infer RAMs from Raw Logic                                                       ; On                 ; On                 ;
; Parallel Synthesis                                                              ; On                 ; On                 ;
; DSP Block Balancing                                                             ; Auto               ; Auto               ;
; NOT Gate Push-Back                                                              ; On                 ; On                 ;
; Power-Up Don't Care                                                             ; On                 ; On                 ;
; Remove Redundant Logic Cells                                                    ; Off                ; Off                ;
; Remove Duplicate Registers                                                      ; On                 ; On                 ;
; Ignore CARRY Buffers                                                            ; Off                ; Off                ;
; Ignore CASCADE Buffers                                                          ; Off                ; Off                ;
; Ignore GLOBAL Buffers                                                           ; Off                ; Off                ;
; Ignore ROW GLOBAL Buffers                                                       ; Off                ; Off                ;
; Ignore LCELL Buffers                                                            ; Off                ; Off                ;
; Ignore SOFT Buffers                                                             ; On                 ; On                 ;
; Limit AHDL Integers to 32 Bits                                                  ; Off                ; Off                ;
; Optimization Technique                                                          ; Balanced           ; Balanced           ;
; Carry Chain Length                                                              ; 70                 ; 70                 ;
; Auto Carry Chains                                                               ; On                 ; On                 ;
; Auto Open-Drain Pins                                                            ; On                 ; On                 ;
; Perform WYSIWYG Primitive Resynthesis                                           ; Off                ; Off                ;
; Auto ROM Replacement                                                            ; On                 ; On                 ;
; Auto RAM Replacement                                                            ; On                 ; On                 ;
; Auto DSP Block Replacement                                                      ; On                 ; On                 ;
; Auto Shift Register Replacement                                                 ; Auto               ; Auto               ;
; Allow Shift Register Merging across Hierarchies                                 ; Auto               ; Auto               ;
; Auto Clock Enable Replacement                                                   ; On                 ; On                 ;
; Strict RAM Replacement                                                          ; Off                ; Off                ;
; Allow Synchronous Control Signals                                               ; On                 ; On                 ;
; Force Use of Synchronous Clear Signals                                          ; Off                ; Off                ;
; Auto Resource Sharing                                                           ; Off                ; Off                ;
; Allow Any RAM Size For Recognition                                              ; Off                ; Off                ;
; Allow Any ROM Size For Recognition                                              ; Off                ; Off                ;
; Allow Any Shift Register Size For Recognition                                   ; Off                ; Off                ;
; Use LogicLock Constraints during Resource Balancing                             ; On                 ; On                 ;
; Ignore translate_off and synthesis_off directives                               ; Off                ; Off                ;
; Timing-Driven Synthesis                                                         ; On                 ; On                 ;
; Report Parameter Settings                                                       ; On                 ; On                 ;
; Report Source Assignments                                                       ; On                 ; On                 ;
; Report Connectivity Checks                                                      ; On                 ; On                 ;
; Ignore Maximum Fan-Out Assignments                                              ; Off                ; Off                ;
; Synchronization Register Chain Length                                           ; 3                  ; 3                  ;
; Power Optimization During Synthesis                                             ; Normal compilation ; Normal compilation ;
; HDL message level                                                               ; Level2             ; Level2             ;
; Suppress Register Optimization Related Messages                                 ; Off                ; Off                ;
; Number of Removed Registers Reported in Synthesis Report                        ; 5000               ; 5000               ;
; Number of Swept Nodes Reported in Synthesis Report                              ; 5000               ; 5000               ;
; Number of Inverted Registers Reported in Synthesis Report                       ; 100                ; 100                ;
; Clock MUX Protection                                                            ; On                 ; On                 ;
; Auto Gated Clock Conversion                                                     ; Off                ; Off                ;
; Block Design Naming                                                             ; Auto               ; Auto               ;
; SDC constraint protection                                                       ; Off                ; Off                ;
; Synthesis Effort                                                                ; Auto               ; Auto               ;
; Shift Register Replacement - Allow Asynchronous Clear Signal                    ; On                 ; On                 ;
; Pre-Mapping Resynthesis Optimization                                            ; Off                ; Off                ;
; Analysis & Synthesis Message Level                                              ; Medium             ; Medium             ;
; Disable Register Merging Across Hierarchies                                     ; Auto               ; Auto               ;
; Resource Aware Inference For Block RAM                                          ; On                 ; On                 ;
; Automatic Parallel Synthesis                                                    ; On                 ; On                 ;
; Partial Reconfiguration Bitstream ID                                            ; Off                ; Off                ;
+---------------------------------------------------------------------------------+--------------------+--------------------+


+------------------------------------------+
; Parallel Compilation                     ;
+----------------------------+-------------+
; Processors                 ; Number      ;
+----------------------------+-------------+
; Number detected on machine ; 6           ;
; Maximum allowed            ; 6           ;
;                            ;             ;
; Average used               ; 1.00        ;
; Maximum used               ; 6           ;
;                            ;             ;
; Usage by Processor         ; % Time Used ;
;     Processor 1            ; 100.0%      ;
;     Processor 2            ;   0.0%      ;
;     Processor 3            ;   0.0%      ;
;     Processor 4            ;   0.0%      ;
;     Processor 5            ;   0.0%      ;
;     Processor 6            ;   0.0%      ;
+----------------------------+-------------+


+--------------------------------------------------------------------------------------------------------------------------------------------------------------------------------------------------+
; Analysis & Synthesis Source Files Read                                                                                                                                                           ;
+----------------------------------------------------+-----------------+------------------------------+--------------------------------------------------------------------------------+-----------+
; File Name with User-Entered Path                   ; Used in Netlist ; File Type                    ; File Name with Absolute Path                                                   ; Library   ;
+----------------------------------------------------+-----------------+------------------------------+--------------------------------------------------------------------------------+-----------+
; data_path/synthesis/data_path.v                    ; yes             ; User Verilog HDL File        ; G:/neural-burning/data_path/data_path/synthesis/data_path.v                    ; data_path ;
; data_path/synthesis/submodules/parse.sv            ; yes             ; User SystemVerilog HDL File  ; G:/neural-burning/data_path/data_path/synthesis/submodules/parse.sv            ; data_path ;
; data_path/synthesis/submodules/delay.sv            ; yes             ; User SystemVerilog HDL File  ; G:/neural-burning/data_path/data_path/synthesis/submodules/delay.sv            ; data_path ;
; data_path/synthesis/submodules/fetch_decode_reg.sv ; yes             ; User SystemVerilog HDL File  ; G:/neural-burning/data_path/data_path/synthesis/submodules/fetch_decode_reg.sv ; data_path ;
; data_path/synthesis/submodules/controller.sv       ; yes             ; User SystemVerilog HDL File  ; G:/neural-burning/data_path/data_path/synthesis/submodules/controller.sv       ; data_path ;
; data_path/synthesis/submodules/code_storage.sv     ; yes             ; User SystemVerilog HDL File  ; G:/neural-burning/data_path/data_path/synthesis/submodules/code_storage.sv     ; data_path ;
; data_path/synthesis/submodules/code_count.sv       ; yes             ; User SystemVerilog HDL File  ; G:/neural-burning/data_path/data_path/synthesis/submodules/code_count.sv       ; data_path ;
+----------------------------------------------------+-----------------+------------------------------+--------------------------------------------------------------------------------+-----------+


+-------------------------------------------------------------+
; Analysis & Synthesis Resource Usage Summary                 ;
+---------------------------------------------+---------------+
; Resource                                    ; Usage         ;
+---------------------------------------------+---------------+
; Estimate of Logic utilization (ALMs needed) ; 1049          ;
;                                             ;               ;
; Combinational ALUT usage for logic          ; 693           ;
;     -- 7 input functions                    ; 288           ;
;     -- 6 input functions                    ; 149           ;
;     -- 5 input functions                    ; 16            ;
;     -- 4 input functions                    ; 37            ;
;     -- <=3 input functions                  ; 203           ;
;                                             ;               ;
; Dedicated logic registers                   ; 1321          ;
;                                             ;               ;
; I/O pins                                    ; 73            ;
;                                             ;               ;
; Total DSP Blocks                            ; 0             ;
;                                             ;               ;
; Maximum fan-out node                        ; clk_clk~input ;
; Maximum fan-out                             ; 1321          ;
; Total fan-out                               ; 7786          ;
; Average fan-out                             ; 3.60          ;
+---------------------------------------------+---------------+


+------------------------------------------------------------------------------------------------------------------------------------------------------------------------------------------------------------------------------------------------------------------------------------+
; Analysis & Synthesis Resource Utilization by Entity                                                                                                                                                                                                                                ;
+------------------------------------------------+---------------------+---------------------------+-------------------+------------+------+--------------+----------------------------------------------------------------------------------------+------------------+--------------+
; Compilation Hierarchy Node                     ; Combinational ALUTs ; Dedicated Logic Registers ; Block Memory Bits ; DSP Blocks ; Pins ; Virtual Pins ; Full Hierarchy Name                                                                    ; Entity Name      ; Library Name ;
+------------------------------------------------+---------------------+---------------------------+-------------------+------------+------+--------------+----------------------------------------------------------------------------------------+------------------+--------------+
; |data_path                                     ; 693 (0)             ; 1321 (0)                  ; 0                 ; 0          ; 73   ; 0            ; |data_path                                                                             ; data_path        ; data_path    ;
;    |code_count:code_count|                     ; 33 (33)             ; 32 (32)                   ; 0                 ; 0          ; 0    ; 0            ; |data_path|code_count:code_count                                                       ; code_count       ; data_path    ;
;    |code_storage:code_storage|                 ; 599 (599)           ; 1244 (1244)               ; 0                 ; 0          ; 0    ; 0            ; |data_path|code_storage:code_storage                                                   ; code_storage     ; data_path    ;
;    |controller:controller|                     ; 60 (60)             ; 0 (0)                     ; 0                 ; 0          ; 0    ; 0            ; |data_path|controller:controller                                                       ; controller       ; data_path    ;
;    |fetch_decode_reg:fetch_to_decode_register| ; 1 (0)               ; 45 (0)                    ; 0                 ; 0          ; 0    ; 0            ; |data_path|fetch_decode_reg:fetch_to_decode_register                                   ; fetch_decode_reg ; data_path    ;
;       |delay:delay_inst_code_index|            ; 0 (0)               ; 32 (32)                   ; 0                 ; 0          ; 0    ; 0            ; |data_path|fetch_decode_reg:fetch_to_decode_register|delay:delay_inst_code_index       ; delay            ; data_path    ;
;       |delay:delay_inst_code|                  ; 1 (1)               ; 12 (12)                   ; 0                 ; 0          ; 0    ; 0            ; |data_path|fetch_decode_reg:fetch_to_decode_register|delay:delay_inst_code             ; delay            ; data_path    ;
;       |delay:delay_inst_reset_code_count|      ; 0 (0)               ; 1 (1)                     ; 0                 ; 0          ; 0    ; 0            ; |data_path|fetch_decode_reg:fetch_to_decode_register|delay:delay_inst_reset_code_count ; delay            ; data_path    ;
+------------------------------------------------+---------------------+---------------------------+-------------------+------------+------+--------------+----------------------------------------------------------------------------------------+------------------+--------------+
Note: For table entries with two numbers listed, the numbers in parentheses indicate the number of resources of the given type used by the specific entity alone. The numbers listed outside of parentheses indicate the total resources of the given type used by the specific entity and all of its sub-entities in the hierarchy.


+---------------------------------------------------------------------------------------------------+
; Analysis & Synthesis IP Cores Summary                                                             ;
+--------+--------------+---------+--------------+--------------+-----------------+-----------------+
; Vendor ; IP Core Name ; Version ; Release Date ; License Type ; Entity Instance ; IP Include File ;
+--------+--------------+---------+--------------+--------------+-----------------+-----------------+
; N/A    ; Qsys         ; 20.1    ; N/A          ; N/A          ; |data_path      ; data_path.qsys  ;
+--------+--------------+---------+--------------+--------------+-----------------+-----------------+


+----------------------------------------------------------------------------------------------------------------+
; User-Specified and Inferred Latches                                                                            ;
+-----------------------------------------------------+---------------------------------+------------------------+
; Latch Name                                          ; Latch Enable Signal             ; Free of Timing Hazards ;
+-----------------------------------------------------+---------------------------------+------------------------+
; controller:controller|load_w_reg                    ; controller:controller|Selector8 ; yes                    ;
; controller:controller|backprop_cost_reg             ; controller:controller|Selector8 ; yes                    ;
; controller:controller|i_is_load_reg                 ; controller:controller|Selector8 ; yes                    ;
; controller:controller|use_z_reg                     ; controller:controller|Selector8 ; yes                    ;
; controller:controller|w_layer_index_reg[0]          ; controller:controller|Selector8 ; yes                    ;
; controller:controller|w_row_index_reg[0]            ; controller:controller|Selector8 ; yes                    ;
; controller:controller|is_load_reg                   ; controller:controller|Selector8 ; yes                    ;
; controller:controller|code_reset_reg                ; controller:controller|Selector8 ; yes                    ;
; controller:controller|reset_reg                     ; controller:controller|Selector8 ; yes                    ;
; controller:controller|code_active_reg               ; controller:controller|Selector8 ; yes                    ;
; Number of user-specified and inferred latches = 10  ;                                 ;                        ;
+-----------------------------------------------------+---------------------------------+------------------------+
Note: All latches listed above may not be present at the end of synthesis due to various synthesis optimizations.


+------------------------------------------------------+
; General Register Statistics                          ;
+----------------------------------------------+-------+
; Statistic                                    ; Value ;
+----------------------------------------------+-------+
; Total registers                              ; 1321  ;
; Number of registers using Synchronous Clear  ; 12    ;
; Number of registers using Synchronous Load   ; 12    ;
; Number of registers using Asynchronous Clear ; 0     ;
; Number of registers using Asynchronous Load  ; 0     ;
; Number of registers using Clock Enable       ; 1244  ;
; Number of registers using Preset             ; 0     ;
+----------------------------------------------+-------+


+-------------------------------------------------------------------------------------------------------------------------------------------------------------------------------------------------------+
; Multiplexer Restructuring Statistics (Restructuring Performed)                                                                                                                                        ;
+--------------------+-----------+---------------+----------------------+------------------------+------------+-----------------------------------------------------------------------------------------+
; Multiplexer Inputs ; Bus Width ; Baseline Area ; Area if Restructured ; Saving if Restructured ; Registered ; Example Multiplexer Output                                                              ;
+--------------------+-----------+---------------+----------------------+------------------------+------------+-----------------------------------------------------------------------------------------+
; 4:1                ; 12 bits   ; 24 LEs        ; 0 LEs                ; 24 LEs                 ; Yes        ; |data_path|fetch_decode_reg:fetch_to_decode_register|delay:delay_inst_code|buffer[0][3] ;
; 3:1                ; 2 bits    ; 4 LEs         ; 4 LEs                ; 0 LEs                  ; No         ; |data_path|controller:controller|use_z_reg                                              ;
; 3:1                ; 32 bits   ; 64 LEs        ; 64 LEs               ; 0 LEs                  ; No         ; |data_path|code_storage:code_storage|code_index[17]                                     ;
; 3:1                ; 2 bits    ; 4 LEs         ; 4 LEs                ; 0 LEs                  ; No         ; |data_path|controller:controller|Selector0                                              ;
+--------------------+-----------+---------------+----------------------+------------------------+------------+-----------------------------------------------------------------------------------------+


+------------------------------------------------------------------------+
; Parameter Settings for User Entity Instance: code_storage:code_storage ;
+----------------+-------+-----------------------------------------------+
; Parameter Name ; Value ; Type                                          ;
+----------------+-------+-----------------------------------------------+
; code_size      ; 12    ; Signed Integer                                ;
; max_code_line  ; 100   ; Signed Integer                                ;
+----------------+-------+-----------------------------------------------+
Note: In order to hide this table in the UI and the text report file, please set the "Show Parameter Settings in Synthesis Report" option in "Analysis and Synthesis Settings -> More Settings" to "Off".


+--------------------------------------------------------------------+
; Parameter Settings for User Entity Instance: controller:controller ;
+----------------+-------+-------------------------------------------+
; Parameter Name ; Value ; Type                                      ;
+----------------+-------+-------------------------------------------+
; op_size        ; 4     ; Signed Integer                            ;
; size           ; 3     ; Signed Integer                            ;
+----------------+-------+-------------------------------------------+
Note: In order to hide this table in the UI and the text report file, please set the "Show Parameter Settings in Synthesis Report" option in "Analysis and Synthesis Settings -> More Settings" to "Off".


+----------------------------------------------------------------------------------------+
; Parameter Settings for User Entity Instance: fetch_decode_reg:fetch_to_decode_register ;
+----------------+-------+---------------------------------------------------------------+
; Parameter Name ; Value ; Type                                                          ;
+----------------+-------+---------------------------------------------------------------+
; code_size      ; 12    ; Signed Integer                                                ;
+----------------+-------+---------------------------------------------------------------+
Note: In order to hide this table in the UI and the text report file, please set the "Show Parameter Settings in Synthesis Report" option in "Analysis and Synthesis Settings -> More Settings" to "Off".


+--------------------------------------------------------------------------------------------------------------+
; Parameter Settings for User Entity Instance: fetch_decode_reg:fetch_to_decode_register|delay:delay_inst_code ;
+----------------+-------+-------------------------------------------------------------------------------------+
; Parameter Name ; Value ; Type                                                                                ;
+----------------+-------+-------------------------------------------------------------------------------------+
; data_size      ; 12    ; Signed Integer                                                                      ;
; size           ; 1     ; Signed Integer                                                                      ;
; cycle          ; 1     ; Signed Integer                                                                      ;
+----------------+-------+-------------------------------------------------------------------------------------+
Note: In order to hide this table in the UI and the text report file, please set the "Show Parameter Settings in Synthesis Report" option in "Analysis and Synthesis Settings -> More Settings" to "Off".


+--------------------------------------------------------------------------------------------------------------------+
; Parameter Settings for User Entity Instance: fetch_decode_reg:fetch_to_decode_register|delay:delay_inst_code_index ;
+----------------+-------+-------------------------------------------------------------------------------------------+
; Parameter Name ; Value ; Type                                                                                      ;
+----------------+-------+-------------------------------------------------------------------------------------------+
; data_size      ; 32    ; Signed Integer                                                                            ;
; size           ; 1     ; Signed Integer                                                                            ;
; cycle          ; 1     ; Signed Integer                                                                            ;
+----------------+-------+-------------------------------------------------------------------------------------------+
Note: In order to hide this table in the UI and the text report file, please set the "Show Parameter Settings in Synthesis Report" option in "Analysis and Synthesis Settings -> More Settings" to "Off".


+--------------------------------------------------------------------------------------------------------------------------+
; Parameter Settings for User Entity Instance: fetch_decode_reg:fetch_to_decode_register|delay:delay_inst_reset_code_count ;
+----------------+-------+-------------------------------------------------------------------------------------------------+
; Parameter Name ; Value ; Type                                                                                            ;
+----------------+-------+-------------------------------------------------------------------------------------------------+
; data_size      ; 1     ; Signed Integer                                                                                  ;
; size           ; 1     ; Signed Integer                                                                                  ;
; cycle          ; 1     ; Signed Integer                                                                                  ;
+----------------+-------+-------------------------------------------------------------------------------------------------+
Note: In order to hide this table in the UI and the text report file, please set the "Show Parameter Settings in Synthesis Report" option in "Analysis and Synthesis Settings -> More Settings" to "Off".


+----------------------------------------------------------+
; Parameter Settings for User Entity Instance: parse:parse ;
+----------------+-------+---------------------------------+
; Parameter Name ; Value ; Type                            ;
+----------------+-------+---------------------------------+
; op_size        ; 4     ; Signed Integer                  ;
; param_a_size   ; 4     ; Signed Integer                  ;
; param_b_size   ; 4     ; Signed Integer                  ;
+----------------+-------+---------------------------------+
Note: In order to hide this table in the UI and the text report file, please set the "Show Parameter Settings in Synthesis Report" option in "Analysis and Synthesis Settings -> More Settings" to "Off".


+-----------------------------------------------------+
; Post-Synthesis Netlist Statistics for Top Partition ;
+-----------------------+-----------------------------+
; Type                  ; Count                       ;
+-----------------------+-----------------------------+
; arriav_ff             ; 1321                        ;
;     ENA               ; 1244                        ;
;     SCLR SLD          ; 12                          ;
;     plain             ; 65                          ;
; arriav_lcell_comb     ; 694                         ;
;     arith             ; 62                          ;
;         2 data inputs ; 30                          ;
;         3 data inputs ; 31                          ;
;         4 data inputs ; 1                           ;
;     extend            ; 288                         ;
;         7 data inputs ; 288                         ;
;     normal            ; 344                         ;
;         0 data inputs ; 1                           ;
;         1 data inputs ; 1                           ;
;         2 data inputs ; 7                           ;
;         3 data inputs ; 134                         ;
;         4 data inputs ; 36                          ;
;         5 data inputs ; 16                          ;
;         6 data inputs ; 149                         ;
; boundary_port         ; 73                          ;
;                       ;                             ;
; Max LUT depth         ; 5.00                        ;
; Average LUT depth     ; 3.57                        ;
+-----------------------+-----------------------------+


+-------------------------------+
; Elapsed Time Per Partition    ;
+----------------+--------------+
; Partition Name ; Elapsed Time ;
+----------------+--------------+
; Top            ; 00:00:01     ;
+----------------+--------------+


+-------------------------------+
; Analysis & Synthesis Messages ;
+-------------------------------+
Info: *******************************************************************
Info: Running Quartus Prime Analysis & Synthesis
    Info: Version 20.1.0 Build 711 06/05/2020 SJ Lite Edition
    Info: Processing started: Thu Dec 31 21:49:08 2020
Info: Command: quartus_map --read_settings_files=on --write_settings_files=off data_path -c data_path
Warning (18236): Number of processors has not been specified which may cause overloading on shared machines.  Set the global assignment NUM_PARALLEL_PROCESSORS in your QSF to an appropriate value for best performance.
Info (20030): Parallel compilation is enabled and will use 6 of the 6 processors detected
Info (12021): Found 1 design units, including 1 entities, in source file data_path/synthesis/data_path.v
    Info (12023): Found entity 1: data_path File: G:/neural-burning/data_path/data_path/synthesis/data_path.v Line: 6
Info (12021): Found 1 design units, including 1 entities, in source file data_path/synthesis/submodules/parse.sv
    Info (12023): Found entity 1: parse File: G:/neural-burning/data_path/data_path/synthesis/submodules/parse.sv Line: 1
Info (12021): Found 1 design units, including 1 entities, in source file data_path/synthesis/submodules/delay.sv
    Info (12023): Found entity 1: delay File: G:/neural-burning/data_path/data_path/synthesis/submodules/delay.sv Line: 1
Info (12021): Found 1 design units, including 1 entities, in source file data_path/synthesis/submodules/fetch_decode_reg.sv
    Info (12023): Found entity 1: fetch_decode_reg File: G:/neural-burning/data_path/data_path/synthesis/submodules/fetch_decode_reg.sv Line: 1
Info (12021): Found 1 design units, including 1 entities, in source file data_path/synthesis/submodules/controller.sv
    Info (12023): Found entity 1: controller File: G:/neural-burning/data_path/data_path/synthesis/submodules/controller.sv Line: 2
Info (12021): Found 1 design units, including 1 entities, in source file data_path/synthesis/submodules/code_storage.sv
    Info (12023): Found entity 1: code_storage File: G:/neural-burning/data_path/data_path/synthesis/submodules/code_storage.sv Line: 1
Info (12021): Found 1 design units, including 1 entities, in source file data_path/synthesis/submodules/code_count.sv
    Info (12023): Found entity 1: code_count File: G:/neural-burning/data_path/data_path/synthesis/submodules/code_count.sv Line: 1
Info (12127): Elaborating entity "data_path" for the top level hierarchy
Info (12128): Elaborating entity "code_count" for hierarchy "code_count:code_count" File: G:/neural-burning/data_path/data_path/synthesis/data_path.v Line: 42
Info (12128): Elaborating entity "code_storage" for hierarchy "code_storage:code_storage" File: G:/neural-burning/data_path/data_path/synthesis/data_path.v Line: 57
Warning (10230): Verilog HDL assignment warning at code_storage.sv(33): truncated value with size 32 to match size of target (12) File: G:/neural-burning/data_path/data_path/synthesis/submodules/code_storage.sv Line: 33
Info (12128): Elaborating entity "controller" for hierarchy "controller:controller" File: G:/neural-burning/data_path/data_path/synthesis/data_path.v Line: 78
Warning (10230): Verilog HDL assignment warning at controller.sv(59): truncated value with size 32 to match size of target (1) File: G:/neural-burning/data_path/data_path/synthesis/submodules/controller.sv Line: 59
Warning (10230): Verilog HDL assignment warning at controller.sv(60): truncated value with size 32 to match size of target (1) File: G:/neural-burning/data_path/data_path/synthesis/submodules/controller.sv Line: 60
Info (10264): Verilog HDL Case Statement information at controller.sv(88): all case item expressions in this case statement are onehot File: G:/neural-burning/data_path/data_path/synthesis/submodules/controller.sv Line: 88
Warning (10240): Verilog HDL Always Construct warning at controller.sv(88): inferring latch(es) for variable "reset_reg", which holds its previous value in one or more paths through the always construct File: G:/neural-burning/data_path/data_path/synthesis/submodules/controller.sv Line: 88
Warning (10240): Verilog HDL Always Construct warning at controller.sv(88): inferring latch(es) for variable "w_layer_index_reg", which holds its previous value in one or more paths through the always construct File: G:/neural-burning/data_path/data_path/synthesis/submodules/controller.sv Line: 88
Warning (10240): Verilog HDL Always Construct warning at controller.sv(88): inferring latch(es) for variable "w_row_index_reg", which holds its previous value in one or more paths through the always construct File: G:/neural-burning/data_path/data_path/synthesis/submodules/controller.sv Line: 88
Warning (10240): Verilog HDL Always Construct warning at controller.sv(88): inferring latch(es) for variable "is_load_reg", which holds its previous value in one or more paths through the always construct File: G:/neural-burning/data_path/data_path/synthesis/submodules/controller.sv Line: 88
Warning (10240): Verilog HDL Always Construct warning at controller.sv(88): inferring latch(es) for variable "code_reset_reg", which holds its previous value in one or more paths through the always construct File: G:/neural-burning/data_path/data_path/synthesis/submodules/controller.sv Line: 88
Warning (10240): Verilog HDL Always Construct warning at controller.sv(88): inferring latch(es) for variable "code_active_reg", which holds its previous value in one or more paths through the always construct File: G:/neural-burning/data_path/data_path/synthesis/submodules/controller.sv Line: 88
Warning (10240): Verilog HDL Always Construct warning at controller.sv(88): inferring latch(es) for variable "is_update_reg", which holds its previous value in one or more paths through the always construct File: G:/neural-burning/data_path/data_path/synthesis/submodules/controller.sv Line: 88
Warning (10240): Verilog HDL Always Construct warning at controller.sv(88): inferring latch(es) for variable "i_is_load_reg", which holds its previous value in one or more paths through the always construct File: G:/neural-burning/data_path/data_path/synthesis/submodules/controller.sv Line: 88
Warning (10240): Verilog HDL Always Construct warning at controller.sv(88): inferring latch(es) for variable "load_w_reg", which holds its previous value in one or more paths through the always construct File: G:/neural-burning/data_path/data_path/synthesis/submodules/controller.sv Line: 88
Warning (10240): Verilog HDL Always Construct warning at controller.sv(88): inferring latch(es) for variable "backprop_cost_reg", which holds its previous value in one or more paths through the always construct File: G:/neural-burning/data_path/data_path/synthesis/submodules/controller.sv Line: 88
Warning (10240): Verilog HDL Always Construct warning at controller.sv(88): inferring latch(es) for variable "use_z_reg", which holds its previous value in one or more paths through the always construct File: G:/neural-burning/data_path/data_path/synthesis/submodules/controller.sv Line: 88
Warning (10240): Verilog HDL Always Construct warning at controller.sv(88): inferring latch(es) for variable "epoch_size_reg", which holds its previous value in one or more paths through the always construct File: G:/neural-burning/data_path/data_path/synthesis/submodules/controller.sv Line: 88
Info (10041): Inferred latch for "use_z_reg" at controller.sv(182) File: G:/neural-burning/data_path/data_path/synthesis/submodules/controller.sv Line: 182
Info (10041): Inferred latch for "backprop_cost_reg" at controller.sv(182) File: G:/neural-burning/data_path/data_path/synthesis/submodules/controller.sv Line: 182
Info (10041): Inferred latch for "load_w_reg" at controller.sv(182) File: G:/neural-burning/data_path/data_path/synthesis/submodules/controller.sv Line: 182
Info (10041): Inferred latch for "i_is_load_reg" at controller.sv(182) File: G:/neural-burning/data_path/data_path/synthesis/submodules/controller.sv Line: 182
Info (10041): Inferred latch for "is_update_reg" at controller.sv(182) File: G:/neural-burning/data_path/data_path/synthesis/submodules/controller.sv Line: 182
Info (10041): Inferred latch for "code_active_reg" at controller.sv(182) File: G:/neural-burning/data_path/data_path/synthesis/submodules/controller.sv Line: 182
Info (10041): Inferred latch for "code_reset_reg" at controller.sv(182) File: G:/neural-burning/data_path/data_path/synthesis/submodules/controller.sv Line: 182
Info (10041): Inferred latch for "is_load_reg" at controller.sv(182) File: G:/neural-burning/data_path/data_path/synthesis/submodules/controller.sv Line: 182
Info (10041): Inferred latch for "w_row_index_reg[0]" at controller.sv(182) File: G:/neural-burning/data_path/data_path/synthesis/submodules/controller.sv Line: 182
Info (10041): Inferred latch for "w_layer_index_reg[0]" at controller.sv(182) File: G:/neural-burning/data_path/data_path/synthesis/submodules/controller.sv Line: 182
Info (10041): Inferred latch for "reset_reg" at controller.sv(182) File: G:/neural-burning/data_path/data_path/synthesis/submodules/controller.sv Line: 182
Info (12128): Elaborating entity "fetch_decode_reg" for hierarchy "fetch_decode_reg:fetch_to_decode_register" File: G:/neural-burning/data_path/data_path/synthesis/data_path.v Line: 90
Info (12128): Elaborating entity "delay" for hierarchy "fetch_decode_reg:fetch_to_decode_register|delay:delay_inst_code" File: G:/neural-burning/data_path/data_path/synthesis/submodules/fetch_decode_reg.sv Line: 23
Info (12128): Elaborating entity "delay" for hierarchy "fetch_decode_reg:fetch_to_decode_register|delay:delay_inst_code_index" File: G:/neural-burning/data_path/data_path/synthesis/submodules/fetch_decode_reg.sv Line: 26
Info (12128): Elaborating entity "delay" for hierarchy "fetch_decode_reg:fetch_to_decode_register|delay:delay_inst_reset_code_count" File: G:/neural-burning/data_path/data_path/synthesis/submodules/fetch_decode_reg.sv Line: 29
Info (12128): Elaborating entity "parse" for hierarchy "parse:parse" File: G:/neural-burning/data_path/data_path/synthesis/data_path.v Line: 102
Info (276014): Found 1 instances of uninferred RAM logic
    Info (276007): RAM logic "code_storage:code_storage|storage" is uninferred due to asynchronous read logic File: G:/neural-burning/data_path/data_path/synthesis/submodules/code_storage.sv Line: 27
Critical Warning (127005): Memory depth (128) in the design file differs from memory depth (101) in the Memory Initialization File "G:/neural-burning/data_path/db/data_path.ram0_code_storage_5b31f3b9.hdl.mif" -- setting initial value for remaining addresses to 0
Warning (127007): Memory Initialization File or Hexadecimal (Intel-Format) File "G:/neural-burning/data_path/db/data_path.ram0_code_storage_5b31f3b9.hdl.mif" contains "don't care" values -- overwriting them with 0s
Info (13025): Duplicate LATCH primitives merged into single LATCH primitive
    Info (13026): Duplicate LATCH primitive "controller:controller|is_load_reg" merged with LATCH primitive "controller:controller|load_w_reg" File: G:/neural-burning/data_path/data_path/synthesis/submodules/controller.sv Line: 182
Warning (13012): Latch controller:controller|load_w_reg has unsafe behavior File: G:/neural-burning/data_path/data_path/synthesis/submodules/controller.sv Line: 182
    Warning (13013): Ports D and ENA on the latch are fed by the same signal fetch_decode_reg:fetch_to_decode_register|delay:delay_inst_code|buffer[0][11] File: G:/neural-burning/data_path/data_path/synthesis/submodules/delay.sv Line: 14
Warning (13012): Latch controller:controller|backprop_cost_reg has unsafe behavior File: G:/neural-burning/data_path/data_path/synthesis/submodules/controller.sv Line: 182
    Warning (13013): Ports D and ENA on the latch are fed by the same signal fetch_decode_reg:fetch_to_decode_register|delay:delay_inst_code|buffer[0][11] File: G:/neural-burning/data_path/data_path/synthesis/submodules/delay.sv Line: 14
Warning (13012): Latch controller:controller|i_is_load_reg has unsafe behavior File: G:/neural-burning/data_path/data_path/synthesis/submodules/controller.sv Line: 182
    Warning (13013): Ports D and ENA on the latch are fed by the same signal fetch_decode_reg:fetch_to_decode_register|delay:delay_inst_code|buffer[0][11] File: G:/neural-burning/data_path/data_path/synthesis/submodules/delay.sv Line: 14
Warning (13012): Latch controller:controller|use_z_reg has unsafe behavior File: G:/neural-burning/data_path/data_path/synthesis/submodules/controller.sv Line: 182
    Warning (13013): Ports D and ENA on the latch are fed by the same signal fetch_decode_reg:fetch_to_decode_register|delay:delay_inst_code|buffer[0][11] File: G:/neural-burning/data_path/data_path/synthesis/submodules/delay.sv Line: 14
Warning (13012): Latch controller:controller|w_layer_index_reg[0] has unsafe behavior File: G:/neural-burning/data_path/data_path/synthesis/submodules/controller.sv Line: 182
    Warning (13013): Ports D and ENA on the latch are fed by the same signal fetch_decode_reg:fetch_to_decode_register|delay:delay_inst_code|buffer[0][11] File: G:/neural-burning/data_path/data_path/synthesis/submodules/delay.sv Line: 14
Warning (13012): Latch controller:controller|w_row_index_reg[0] has unsafe behavior File: G:/neural-burning/data_path/data_path/synthesis/submodules/controller.sv Line: 182
    Warning (13013): Ports D and ENA on the latch are fed by the same signal fetch_decode_reg:fetch_to_decode_register|delay:delay_inst_code|buffer[0][11] File: G:/neural-burning/data_path/data_path/synthesis/submodules/delay.sv Line: 14
Warning (13012): Latch controller:controller|code_reset_reg has unsafe behavior File: G:/neural-burning/data_path/data_path/synthesis/submodules/controller.sv Line: 182
    Warning (13013): Ports D and ENA on the latch are fed by the same signal code_count:code_count|count_reg[1] File: G:/neural-burning/data_path/data_path/synthesis/submodules/code_count.sv Line: 19
Warning (13012): Latch controller:controller|reset_reg has unsafe behavior File: G:/neural-burning/data_path/data_path/synthesis/submodules/controller.sv Line: 182
    Warning (13013): Ports D and ENA on the latch are fed by the same signal controller:controller|WideNor0 File: G:/neural-burning/data_path/data_path/synthesis/submodules/controller.sv Line: 88
Warning (13012): Latch controller:controller|code_active_reg has unsafe behavior File: G:/neural-burning/data_path/data_path/synthesis/submodules/controller.sv Line: 182
    Warning (13013): Ports D and ENA on the latch are fed by the same signal fetch_decode_reg:fetch_to_decode_register|delay:delay_inst_code|buffer[0][11] File: G:/neural-burning/data_path/data_path/synthesis/submodules/delay.sv Line: 14
Warning (13024): Output pins are stuck at VCC or GND
    Warning (13410): Pin "controller_forward_control_interface_is_update" is stuck at GND File: G:/neural-burning/data_path/data_path/synthesis/data_path.v Line: 13
Info (286030): Timing-Driven Synthesis is running
Info (16010): Generating hard_block partition "hard_block:auto_generated_inst"
    Info (16011): Adding 0 node(s), including 0 DDIO, 0 PLL, 0 transceiver and 0 LCELL
Warning (21074): Design contains 1 input pin(s) that do not drive logic
    Warning (15610): No output dependent on input pin "reset_reset_n" File: G:/neural-burning/data_path/data_path/synthesis/data_path.v Line: 25
Info (21057): Implemented 1992 device resources after synthesis - the final resource count might be different
    Info (21058): Implemented 49 input pins
    Info (21059): Implemented 24 output pins
    Info (21061): Implemented 1919 logic cells
Info: Quartus Prime Analysis & Synthesis was successful. 0 errors, 40 warnings
    Info: Peak virtual memory: 4854 megabytes
    Info: Processing ended: Thu Dec 31 21:49:17 2020
    Info: Elapsed time: 00:00:09
    Info: Total CPU time (on all processors): 00:00:17


