Analysis & Synthesis report for controller
Thu Dec 31 17:49:26 2020
Quartus Prime Version 20.1.0 Build 711 06/05/2020 SJ Lite Edition


---------------------
; Table of Contents ;
---------------------
  1. Legal Notice
  2. Analysis & Synthesis Summary
  3. Analysis & Synthesis Settings
  4. Parallel Compilation
  5. Analysis & Synthesis Source Files Read
  6. Analysis & Synthesis Resource Usage Summary
  7. Analysis & Synthesis Resource Utilization by Entity
  8. User-Specified and Inferred Latches
  9. General Register Statistics
 10. Multiplexer Restructuring Statistics (Restructuring Performed)
 11. Parameter Settings for User Entity Instance: Top-level Entity: |controller
 12. Post-Synthesis Netlist Statistics for Top Partition
 13. Elapsed Time Per Partition
 14. Analysis & Synthesis Messages



----------------
; Legal Notice ;
----------------
Copyright (C) 2020  Intel Corporation. All rights reserved.
Your use of Intel Corporation's design tools, logic functions 
and other software and tools, and any partner logic 
functions, and any output files from any of the foregoing 
(including device programming or simulation files), and any 
associated documentation or information are expressly subject 
to the terms and conditions of the Intel Program License 
Subscription Agreement, the Intel Quartus Prime License Agreement,
the Intel FPGA IP License Agreement, or other applicable license
agreement, including, without limitation, that your use is for
the sole purpose of programming logic devices manufactured by
Intel and sold by Intel or its authorized distributors.  Please
refer to the applicable agreement for further details, at
https://fpgasoftware.intel.com/eula.



+-------------------------------------------------------------------------------+
; Analysis & Synthesis Summary                                                  ;
+---------------------------------+---------------------------------------------+
; Analysis & Synthesis Status     ; Successful - Thu Dec 31 17:49:26 2020       ;
; Quartus Prime Version           ; 20.1.0 Build 711 06/05/2020 SJ Lite Edition ;
; Revision Name                   ; controller                                  ;
; Top-level Entity Name           ; controller                                  ;
; Family                          ; Cyclone V                                   ;
; Logic utilization (in ALMs)     ; N/A                                         ;
; Total registers                 ; 0                                           ;
; Total pins                      ; 79                                          ;
; Total virtual pins              ; 0                                           ;
; Total block memory bits         ; 0                                           ;
; Total DSP Blocks                ; 0                                           ;
; Total HSSI RX PCSs              ; 0                                           ;
; Total HSSI PMA RX Deserializers ; 0                                           ;
; Total HSSI TX PCSs              ; 0                                           ;
; Total HSSI PMA TX Serializers   ; 0                                           ;
; Total PLLs                      ; 0                                           ;
; Total DLLs                      ; 0                                           ;
+---------------------------------+---------------------------------------------+


+---------------------------------------------------------------------------------------------------------------------------+
; Analysis & Synthesis Settings                                                                                             ;
+---------------------------------------------------------------------------------+--------------------+--------------------+
; Option                                                                          ; Setting            ; Default Value      ;
+---------------------------------------------------------------------------------+--------------------+--------------------+
; Device                                                                          ; 5CSEMA6F31C6       ;                    ;
; Top-level entity name                                                           ; controller         ; controller         ;
; Family name                                                                     ; Cyclone V          ; Cyclone V          ;
; Use smart compilation                                                           ; Off                ; Off                ;
; Enable parallel Assembler and Timing Analyzer during compilation                ; On                 ; On                 ;
; Enable compact report table                                                     ; Off                ; Off                ;
; Restructure Multiplexers                                                        ; Auto               ; Auto               ;
; MLAB Add Timing Constraints For Mixed-Port Feed-Through Mode Setting Don't Care ; Off                ; Off                ;
; Create Debugging Nodes for IP Cores                                             ; Off                ; Off                ;
; Preserve fewer node names                                                       ; On                 ; On                 ;
; Intel FPGA IP Evaluation Mode                                                   ; Enable             ; Enable             ;
; Verilog Version                                                                 ; Verilog_2001       ; Verilog_2001       ;
; VHDL Version                                                                    ; VHDL_1993          ; VHDL_1993          ;
; State Machine Processing                                                        ; Auto               ; Auto               ;
; Safe State Machine                                                              ; Off                ; Off                ;
; Extract Verilog State Machines                                                  ; On                 ; On                 ;
; Extract VHDL State Machines                                                     ; On                 ; On                 ;
; Ignore Verilog initial constructs                                               ; Off                ; Off                ;
; Iteration limit for constant Verilog loops                                      ; 5000               ; 5000               ;
; Iteration limit for non-constant Verilog loops                                  ; 250                ; 250                ;
; Add Pass-Through Logic to Inferred RAMs                                         ; On                 ; On                 ;
; Infer RAMs from Raw Logic                                                       ; On                 ; On                 ;
; Parallel Synthesis                                                              ; On                 ; On                 ;
; DSP Block Balancing                                                             ; Auto               ; Auto               ;
; NOT Gate Push-Back                                                              ; On                 ; On                 ;
; Power-Up Don't Care                                                             ; On                 ; On                 ;
; Remove Redundant Logic Cells                                                    ; Off                ; Off                ;
; Remove Duplicate Registers                                                      ; On                 ; On                 ;
; Ignore CARRY Buffers                                                            ; Off                ; Off                ;
; Ignore CASCADE Buffers                                                          ; Off                ; Off                ;
; Ignore GLOBAL Buffers                                                           ; Off                ; Off                ;
; Ignore ROW GLOBAL Buffers                                                       ; Off                ; Off                ;
; Ignore LCELL Buffers                                                            ; Off                ; Off                ;
; Ignore SOFT Buffers                                                             ; On                 ; On                 ;
; Limit AHDL Integers to 32 Bits                                                  ; Off                ; Off                ;
; Optimization Technique                                                          ; Balanced           ; Balanced           ;
; Carry Chain Length                                                              ; 70                 ; 70                 ;
; Auto Carry Chains                                                               ; On                 ; On                 ;
; Auto Open-Drain Pins                                                            ; On                 ; On                 ;
; Perform WYSIWYG Primitive Resynthesis                                           ; Off                ; Off                ;
; Auto ROM Replacement                                                            ; On                 ; On                 ;
; Auto RAM Replacement                                                            ; On                 ; On                 ;
; Auto DSP Block Replacement                                                      ; On                 ; On                 ;
; Auto Shift Register Replacement                                                 ; Auto               ; Auto               ;
; Allow Shift Register Merging across Hierarchies                                 ; Auto               ; Auto               ;
; Auto Clock Enable Replacement                                                   ; On                 ; On                 ;
; Strict RAM Replacement                                                          ; Off                ; Off                ;
; Allow Synchronous Control Signals                                               ; On                 ; On                 ;
; Force Use of Synchronous Clear Signals                                          ; Off                ; Off                ;
; Auto Resource Sharing                                                           ; Off                ; Off                ;
; Allow Any RAM Size For Recognition                                              ; Off                ; Off                ;
; Allow Any ROM Size For Recognition                                              ; Off                ; Off                ;
; Allow Any Shift Register Size For Recognition                                   ; Off                ; Off                ;
; Use LogicLock Constraints during Resource Balancing                             ; On                 ; On                 ;
; Ignore translate_off and synthesis_off directives                               ; Off                ; Off                ;
; Timing-Driven Synthesis                                                         ; On                 ; On                 ;
; Report Parameter Settings                                                       ; On                 ; On                 ;
; Report Source Assignments                                                       ; On                 ; On                 ;
; Report Connectivity Checks                                                      ; On                 ; On                 ;
; Ignore Maximum Fan-Out Assignments                                              ; Off                ; Off                ;
; Synchronization Register Chain Length                                           ; 3                  ; 3                  ;
; Power Optimization During Synthesis                                             ; Normal compilation ; Normal compilation ;
; HDL message level                                                               ; Level2             ; Level2             ;
; Suppress Register Optimization Related Messages                                 ; Off                ; Off                ;
; Number of Removed Registers Reported in Synthesis Report                        ; 5000               ; 5000               ;
; Number of Swept Nodes Reported in Synthesis Report                              ; 5000               ; 5000               ;
; Number of Inverted Registers Reported in Synthesis Report                       ; 100                ; 100                ;
; Clock MUX Protection                                                            ; On                 ; On                 ;
; Auto Gated Clock Conversion                                                     ; Off                ; Off                ;
; Block Design Naming                                                             ; Auto               ; Auto               ;
; SDC constraint protection                                                       ; Off                ; Off                ;
; Synthesis Effort                                                                ; Auto               ; Auto               ;
; Shift Register Replacement - Allow Asynchronous Clear Signal                    ; On                 ; On                 ;
; Pre-Mapping Resynthesis Optimization                                            ; Off                ; Off                ;
; Analysis & Synthesis Message Level                                              ; Medium             ; Medium             ;
; Disable Register Merging Across Hierarchies                                     ; Auto               ; Auto               ;
; Resource Aware Inference For Block RAM                                          ; On                 ; On                 ;
; Automatic Parallel Synthesis                                                    ; On                 ; On                 ;
; Partial Reconfiguration Bitstream ID                                            ; Off                ; Off                ;
+---------------------------------------------------------------------------------+--------------------+--------------------+


+------------------------------------------+
; Parallel Compilation                     ;
+----------------------------+-------------+
; Processors                 ; Number      ;
+----------------------------+-------------+
; Number detected on machine ; 6           ;
; Maximum allowed            ; 6           ;
;                            ;             ;
; Average used               ; 1.00        ;
; Maximum used               ; 6           ;
;                            ;             ;
; Usage by Processor         ; % Time Used ;
;     Processor 1            ; 100.0%      ;
;     Processors 2-6         ;   0.0%      ;
+----------------------------+-------------+


+------------------------------------------------------------------------------------------------------------------------------------------+
; Analysis & Synthesis Source Files Read                                                                                                   ;
+----------------------------------+-----------------+------------------------------+--------------------------------------------+---------+
; File Name with User-Entered Path ; Used in Netlist ; File Type                    ; File Name with Absolute Path               ; Library ;
+----------------------------------+-----------------+------------------------------+--------------------------------------------+---------+
; controller.sv                    ; yes             ; User SystemVerilog HDL File  ; G:/neural-burning/controller/controller.sv ;         ;
+----------------------------------+-----------------+------------------------------+--------------------------------------------+---------+


+-----------------------------------------------------------+
; Analysis & Synthesis Resource Usage Summary               ;
+---------------------------------------------+-------------+
; Resource                                    ; Usage       ;
+---------------------------------------------+-------------+
; Estimate of Logic utilization (ALMs needed) ; 29          ;
;                                             ;             ;
; Combinational ALUT usage for logic          ; 41          ;
;     -- 7 input functions                    ; 0           ;
;     -- 6 input functions                    ; 16          ;
;     -- 5 input functions                    ; 5           ;
;     -- 4 input functions                    ; 6           ;
;     -- <=3 input functions                  ; 14          ;
;                                             ;             ;
; Dedicated logic registers                   ; 0           ;
;                                             ;             ;
; I/O pins                                    ; 79          ;
;                                             ;             ;
; Total DSP Blocks                            ; 0           ;
;                                             ;             ;
; Maximum fan-out node                        ; Selector1~3 ;
; Maximum fan-out                             ; 9           ;
; Total fan-out                               ; 273         ;
; Average fan-out                             ; 1.37        ;
+---------------------------------------------+-------------+


+----------------------------------------------------------------------------------------------------------------------------------------------------------------------------------------+
; Analysis & Synthesis Resource Utilization by Entity                                                                                                                                    ;
+----------------------------+---------------------+---------------------------+-------------------+------------+------+--------------+---------------------+-------------+--------------+
; Compilation Hierarchy Node ; Combinational ALUTs ; Dedicated Logic Registers ; Block Memory Bits ; DSP Blocks ; Pins ; Virtual Pins ; Full Hierarchy Name ; Entity Name ; Library Name ;
+----------------------------+---------------------+---------------------------+-------------------+------------+------+--------------+---------------------+-------------+--------------+
; |controller                ; 41 (41)             ; 0 (0)                     ; 0                 ; 0          ; 79   ; 0            ; |controller         ; controller  ; work         ;
+----------------------------+---------------------+---------------------------+-------------------+------------+------+--------------+---------------------+-------------+--------------+
Note: For table entries with two numbers listed, the numbers in parentheses indicate the number of resources of the given type used by the specific entity alone. The numbers listed outside of parentheses indicate the total resources of the given type used by the specific entity and all of its sub-entities in the hierarchy.


+----------------------------------------------------------------------------------------------------+
; User-Specified and Inferred Latches                                                                ;
+-----------------------------------------------------+---------------------+------------------------+
; Latch Name                                          ; Latch Enable Signal ; Free of Timing Hazards ;
+-----------------------------------------------------+---------------------+------------------------+
; reset_reg                                           ; Selector1           ; yes                    ;
; w_layer_index_reg[0]                                ; Selector1           ; yes                    ;
; w_row_index_reg[0]                                  ; Selector1           ; yes                    ;
; is_load_reg                                         ; Selector1           ; yes                    ;
; code_reset_reg                                      ; Selector1           ; yes                    ;
; code_active_reg                                     ; Selector1           ; yes                    ;
; use_z_reg                                           ; Selector1           ; yes                    ;
; i_is_load_reg                                       ; Selector1           ; yes                    ;
; load_w_reg                                          ; Selector1           ; yes                    ;
; backprop_cost_reg                                   ; Selector1           ; yes                    ;
; Number of user-specified and inferred latches = 10  ;                     ;                        ;
+-----------------------------------------------------+---------------------+------------------------+
Note: All latches listed above may not be present at the end of synthesis due to various synthesis optimizations.


+------------------------------------------------------+
; General Register Statistics                          ;
+----------------------------------------------+-------+
; Statistic                                    ; Value ;
+----------------------------------------------+-------+
; Total registers                              ; 0     ;
; Number of registers using Synchronous Clear  ; 0     ;
; Number of registers using Synchronous Load   ; 0     ;
; Number of registers using Asynchronous Clear ; 0     ;
; Number of registers using Asynchronous Load  ; 0     ;
; Number of registers using Clock Enable       ; 0     ;
; Number of registers using Preset             ; 0     ;
+----------------------------------------------+-------+


+------------------------------------------------------------------------------------------------------------------------------------------+
; Multiplexer Restructuring Statistics (Restructuring Performed)                                                                           ;
+--------------------+-----------+---------------+----------------------+------------------------+------------+----------------------------+
; Multiplexer Inputs ; Bus Width ; Baseline Area ; Area if Restructured ; Saving if Restructured ; Registered ; Example Multiplexer Output ;
+--------------------+-----------+---------------+----------------------+------------------------+------------+----------------------------+
; 3:1                ; 2 bits    ; 4 LEs         ; 4 LEs                ; 0 LEs                  ; No         ; |controller|use_z_reg      ;
+--------------------+-----------+---------------+----------------------+------------------------+------------+----------------------------+


+----------------------------------------------------------------------------+
; Parameter Settings for User Entity Instance: Top-level Entity: |controller ;
+----------------+-------+---------------------------------------------------+
; Parameter Name ; Value ; Type                                              ;
+----------------+-------+---------------------------------------------------+
; op_size        ; 4     ; Signed Integer                                    ;
; size           ; 3     ; Signed Integer                                    ;
+----------------+-------+---------------------------------------------------+
Note: In order to hide this table in the UI and the text report file, please set the "Show Parameter Settings in Synthesis Report" option in "Analysis and Synthesis Settings -> More Settings" to "Off".


+-----------------------------------------------------+
; Post-Synthesis Netlist Statistics for Top Partition ;
+-----------------------+-----------------------------+
; Type                  ; Count                       ;
+-----------------------+-----------------------------+
; arriav_lcell_comb     ; 42                          ;
;     normal            ; 42                          ;
;         0 data inputs ; 1                           ;
;         2 data inputs ; 3                           ;
;         3 data inputs ; 11                          ;
;         4 data inputs ; 6                           ;
;         5 data inputs ; 5                           ;
;         6 data inputs ; 16                          ;
; boundary_port         ; 79                          ;
;                       ;                             ;
; Max LUT depth         ; 4.00                        ;
; Average LUT depth     ; 3.72                        ;
+-----------------------+-----------------------------+


+-------------------------------+
; Elapsed Time Per Partition    ;
+----------------+--------------+
; Partition Name ; Elapsed Time ;
+----------------+--------------+
; Top            ; 00:00:00     ;
+----------------+--------------+


+-------------------------------+
; Analysis & Synthesis Messages ;
+-------------------------------+
Info: *******************************************************************
Info: Running Quartus Prime Analysis & Synthesis
    Info: Version 20.1.0 Build 711 06/05/2020 SJ Lite Edition
    Info: Processing started: Thu Dec 31 17:49:19 2020
Info: Command: quartus_map --read_settings_files=on --write_settings_files=off controller -c controller
Warning (18236): Number of processors has not been specified which may cause overloading on shared machines.  Set the global assignment NUM_PARALLEL_PROCESSORS in your QSF to an appropriate value for best performance.
Info (20030): Parallel compilation is enabled and will use 6 of the 6 processors detected
Info (12021): Found 1 design units, including 1 entities, in source file controller.sv
    Info (12023): Found entity 1: controller File: G:/neural-burning/controller/controller.sv Line: 2
Info (12127): Elaborating entity "controller" for the top level hierarchy
Warning (10230): Verilog HDL assignment warning at controller.sv(57): truncated value with size 32 to match size of target (1) File: G:/neural-burning/controller/controller.sv Line: 57
Warning (10230): Verilog HDL assignment warning at controller.sv(58): truncated value with size 32 to match size of target (1) File: G:/neural-burning/controller/controller.sv Line: 58
Warning (10270): Verilog HDL Case Statement warning at controller.sv(86): incomplete case statement has no default case item File: G:/neural-burning/controller/controller.sv Line: 86
Info (10264): Verilog HDL Case Statement information at controller.sv(86): all case item expressions in this case statement are onehot File: G:/neural-burning/controller/controller.sv Line: 86
Warning (10240): Verilog HDL Always Construct warning at controller.sv(86): inferring latch(es) for variable "reset_reg", which holds its previous value in one or more paths through the always construct File: G:/neural-burning/controller/controller.sv Line: 86
Warning (10240): Verilog HDL Always Construct warning at controller.sv(86): inferring latch(es) for variable "w_layer_index_reg", which holds its previous value in one or more paths through the always construct File: G:/neural-burning/controller/controller.sv Line: 86
Warning (10240): Verilog HDL Always Construct warning at controller.sv(86): inferring latch(es) for variable "w_row_index_reg", which holds its previous value in one or more paths through the always construct File: G:/neural-burning/controller/controller.sv Line: 86
Warning (10240): Verilog HDL Always Construct warning at controller.sv(86): inferring latch(es) for variable "is_load_reg", which holds its previous value in one or more paths through the always construct File: G:/neural-burning/controller/controller.sv Line: 86
Warning (10240): Verilog HDL Always Construct warning at controller.sv(86): inferring latch(es) for variable "code_reset_reg", which holds its previous value in one or more paths through the always construct File: G:/neural-burning/controller/controller.sv Line: 86
Warning (10240): Verilog HDL Always Construct warning at controller.sv(86): inferring latch(es) for variable "code_active_reg", which holds its previous value in one or more paths through the always construct File: G:/neural-burning/controller/controller.sv Line: 86
Warning (10240): Verilog HDL Always Construct warning at controller.sv(86): inferring latch(es) for variable "is_update_reg", which holds its previous value in one or more paths through the always construct File: G:/neural-burning/controller/controller.sv Line: 86
Warning (10240): Verilog HDL Always Construct warning at controller.sv(86): inferring latch(es) for variable "i_is_load_reg", which holds its previous value in one or more paths through the always construct File: G:/neural-burning/controller/controller.sv Line: 86
Warning (10240): Verilog HDL Always Construct warning at controller.sv(86): inferring latch(es) for variable "load_w_reg", which holds its previous value in one or more paths through the always construct File: G:/neural-burning/controller/controller.sv Line: 86
Warning (10240): Verilog HDL Always Construct warning at controller.sv(86): inferring latch(es) for variable "backprop_cost_reg", which holds its previous value in one or more paths through the always construct File: G:/neural-burning/controller/controller.sv Line: 86
Warning (10240): Verilog HDL Always Construct warning at controller.sv(86): inferring latch(es) for variable "use_z_reg", which holds its previous value in one or more paths through the always construct File: G:/neural-burning/controller/controller.sv Line: 86
Warning (10240): Verilog HDL Always Construct warning at controller.sv(86): inferring latch(es) for variable "epoch_size_reg", which holds its previous value in one or more paths through the always construct File: G:/neural-burning/controller/controller.sv Line: 86
Info (10041): Inferred latch for "use_z_reg" at controller.sv(86) File: G:/neural-burning/controller/controller.sv Line: 86
Info (10041): Inferred latch for "backprop_cost_reg" at controller.sv(86) File: G:/neural-burning/controller/controller.sv Line: 86
Info (10041): Inferred latch for "load_w_reg" at controller.sv(86) File: G:/neural-burning/controller/controller.sv Line: 86
Info (10041): Inferred latch for "i_is_load_reg" at controller.sv(86) File: G:/neural-burning/controller/controller.sv Line: 86
Info (10041): Inferred latch for "is_update_reg" at controller.sv(86) File: G:/neural-burning/controller/controller.sv Line: 86
Info (10041): Inferred latch for "code_active_reg" at controller.sv(86) File: G:/neural-burning/controller/controller.sv Line: 86
Info (10041): Inferred latch for "code_reset_reg" at controller.sv(86) File: G:/neural-burning/controller/controller.sv Line: 86
Info (10041): Inferred latch for "is_load_reg" at controller.sv(86) File: G:/neural-burning/controller/controller.sv Line: 86
Info (10041): Inferred latch for "w_row_index_reg[0]" at controller.sv(86) File: G:/neural-burning/controller/controller.sv Line: 86
Info (10041): Inferred latch for "w_layer_index_reg[0]" at controller.sv(86) File: G:/neural-burning/controller/controller.sv Line: 86
Info (10041): Inferred latch for "reset_reg" at controller.sv(86) File: G:/neural-burning/controller/controller.sv Line: 86
Info (13025): Duplicate LATCH primitives merged into single LATCH primitive
    Info (13026): Duplicate LATCH primitive "load_w_reg" merged with LATCH primitive "is_load_reg" File: G:/neural-burning/controller/controller.sv Line: 86
Warning (13012): Latch reset_reg has unsafe behavior File: G:/neural-burning/controller/controller.sv Line: 86
    Warning (13013): Ports D and ENA on the latch are fed by the same signal code_count[4] File: G:/neural-burning/controller/controller.sv Line: 27
Warning (13012): Latch w_layer_index_reg[0] has unsafe behavior File: G:/neural-burning/controller/controller.sv Line: 86
    Warning (13013): Ports D and ENA on the latch are fed by the same signal op[0] File: G:/neural-burning/controller/controller.sv Line: 26
Warning (13012): Latch w_row_index_reg[0] has unsafe behavior File: G:/neural-burning/controller/controller.sv Line: 86
    Warning (13013): Ports D and ENA on the latch are fed by the same signal code_count[0] File: G:/neural-burning/controller/controller.sv Line: 27
Warning (13012): Latch is_load_reg has unsafe behavior File: G:/neural-burning/controller/controller.sv Line: 86
    Warning (13013): Ports D and ENA on the latch are fed by the same signal op[0] File: G:/neural-burning/controller/controller.sv Line: 26
Warning (13012): Latch code_reset_reg has unsafe behavior File: G:/neural-burning/controller/controller.sv Line: 86
    Warning (13013): Ports D and ENA on the latch are fed by the same signal code_count[0] File: G:/neural-burning/controller/controller.sv Line: 27
Warning (13012): Latch code_active_reg has unsafe behavior File: G:/neural-burning/controller/controller.sv Line: 86
    Warning (13013): Ports D and ENA on the latch are fed by the same signal op[0] File: G:/neural-burning/controller/controller.sv Line: 26
Warning (13012): Latch use_z_reg has unsafe behavior File: G:/neural-burning/controller/controller.sv Line: 86
    Warning (13013): Ports D and ENA on the latch are fed by the same signal op[0] File: G:/neural-burning/controller/controller.sv Line: 26
Warning (13012): Latch i_is_load_reg has unsafe behavior File: G:/neural-burning/controller/controller.sv Line: 86
    Warning (13013): Ports D and ENA on the latch are fed by the same signal op[0] File: G:/neural-burning/controller/controller.sv Line: 26
Warning (13012): Latch backprop_cost_reg has unsafe behavior File: G:/neural-burning/controller/controller.sv Line: 86
    Warning (13013): Ports D and ENA on the latch are fed by the same signal op[0] File: G:/neural-burning/controller/controller.sv Line: 26
Warning (13024): Output pins are stuck at VCC or GND
    Warning (13410): Pin "is_update" is stuck at GND File: G:/neural-burning/controller/controller.sv Line: 36
Info (286030): Timing-Driven Synthesis is running
Info (16010): Generating hard_block partition "hard_block:auto_generated_inst"
    Info (16011): Adding 0 node(s), including 0 DDIO, 0 PLL, 0 transceiver and 0 LCELL
Info (21057): Implemented 120 device resources after synthesis - the final resource count might be different
    Info (21058): Implemented 68 input pins
    Info (21059): Implemented 11 output pins
    Info (21061): Implemented 41 logic cells
Info: Quartus Prime Analysis & Synthesis was successful. 0 errors, 36 warnings
    Info: Peak virtual memory: 4836 megabytes
    Info: Processing ended: Thu Dec 31 17:49:26 2020
    Info: Elapsed time: 00:00:07
    Info: Total CPU time (on all processors): 00:00:14


